The following arguments were used to generate this output.
[-technique, parallelization, -order, original, -origOrder, /scratch/reedoei2/run-new-subjects/jackrabbit-oak-865c56c8f02fdfc7a76ac12c6ce207df42ee9d77/experiments/jackrabbit-oak-old-cd3d6e5c89597ebc4d39e7ce9344eed7215559d7/oak-solr-core/target/jackrabbit-oak-oak-solr-core-auto-order, -testInputDir, /scratch/reedoei2/run-new-subjects/jackrabbit-oak-865c56c8f02fdfc7a76ac12c6ce207df42ee9d77/experiments/jackrabbit-oak-old-cd3d6e5c89597ebc4d39e7ce9344eed7215559d7/oak-solr-core/target/sootTestOutput-auto, -filesToDelete, /scratch/reedoei2/run-new-subjects/jackrabbit-oak-865c56c8f02fdfc7a76ac12c6ce207df42ee9d77/experiments/jackrabbit-oak-old-cd3d6e5c89597ebc4d39e7ce9344eed7215559d7/oak-solr-core/target/jackrabbit-oak-oak-solr-core-env-files, -project, jackrabbit-oak-oak-solr-core, -testType, auto, -numOfMachines, 8, -outputDir, /scratch/reedoei2/run-new-subjects/jackrabbit-oak-865c56c8f02fdfc7a76ac12c6ce207df42ee9d77/experiments/parallelization-results, -timesToRun, 5, -classpath, /scratch/reedoei2/run-new-subjects/jackrabbit-oak-865c56c8f02fdfc7a76ac12c6ce207df42ee9d77/experiments/jackrabbit-oak-old-cd3d6e5c89597ebc4d39e7ce9344eed7215559d7/oak-solr-core/target/dependency/*:/scratch/reedoei2/run-new-subjects/jackrabbit-oak-865c56c8f02fdfc7a76ac12c6ce207df42ee9d77/experiments/jackrabbit-oak-old-cd3d6e5c89597ebc4d39e7ce9344eed7215559d7/oak-solr-core/target/classes:/scratch/reedoei2/run-new-subjects/jackrabbit-oak-865c56c8f02fdfc7a76ac12c6ce207df42ee9d77/experiments/jackrabbit-oak-old-cd3d6e5c89597ebc4d39e7ce9344eed7215559d7/oak-solr-core/target/randoop/bin:/scratch/reedoei2/run-new-subjects/jackrabbit-oak-865c56c8f02fdfc7a76ac12c6ce207df42ee9d77/experiments/jackrabbit-oak-old-cd3d6e5c89597ebc4d39e7ce9344eed7215559d7/oak-solr-core/target/test-classes:, -resolveDependences, /scratch/reedoei2/run-new-subjects/jackrabbit-oak-865c56c8f02fdfc7a76ac12c6ce207df42ee9d77/experiments/scripts/data/parallelization-dt-list/parallelization-jackrabbit-oak-oak-solr-core-auto-8-original.txt]

Execution time of TLG and its time to find/nullify any DTs for 1 machine (does not include the time to run the tests in the new order): 2.452
Number of tests selected out of total in original order: 145 / 1160
Number of DTs not fixed: 0
Number of DTs fixed: 0
Execution time for executing the following testing order: 1.307

Test order list:
[RegressionTest0.test006, RegressionTest0.test005, RegressionTest0.test004, RegressionTest0.test009, RegressionTest0.test010, RegressionTest0.test001, RegressionTest0.test002, RegressionTest0.test003, RegressionTest0.test007, RegressionTest0.test008, RegressionTest0.test011, RegressionTest0.test012, RegressionTest0.test013, RegressionTest0.test014, RegressionTest0.test015, RegressionTest0.test016, RegressionTest0.test017, RegressionTest0.test018, RegressionTest0.test019, RegressionTest0.test020, RegressionTest0.test021, RegressionTest0.test022, RegressionTest0.test023, RegressionTest0.test024, RegressionTest0.test025, RegressionTest0.test026, RegressionTest0.test027, RegressionTest0.test028, RegressionTest0.test029, RegressionTest0.test030, RegressionTest0.test031, RegressionTest0.test032, RegressionTest0.test033, RegressionTest0.test034, RegressionTest0.test035, RegressionTest0.test036, RegressionTest0.test037, RegressionTest0.test038, RegressionTest0.test039, RegressionTest0.test040, RegressionTest0.test041, RegressionTest0.test042, RegressionTest0.test043, RegressionTest0.test044, RegressionTest0.test045, RegressionTest0.test046, RegressionTest0.test047, RegressionTest0.test048, RegressionTest0.test049, RegressionTest0.test050, RegressionTest0.test051, RegressionTest0.test052, RegressionTest0.test053, RegressionTest0.test054, RegressionTest0.test055, RegressionTest0.test056, RegressionTest0.test057, RegressionTest0.test058, RegressionTest0.test059, RegressionTest0.test060, RegressionTest0.test061, RegressionTest0.test062, RegressionTest0.test063, RegressionTest0.test064, RegressionTest0.test065, RegressionTest0.test066, RegressionTest0.test067, RegressionTest0.test068, RegressionTest0.test069, RegressionTest0.test070, RegressionTest0.test071, RegressionTest0.test072, RegressionTest0.test073, RegressionTest0.test074, RegressionTest0.test075, RegressionTest0.test076, RegressionTest0.test077, RegressionTest0.test078, RegressionTest0.test079, RegressionTest0.test080, RegressionTest0.test081, RegressionTest0.test082, RegressionTest0.test083, RegressionTest0.test084, RegressionTest0.test085, RegressionTest0.test086, RegressionTest0.test087, RegressionTest0.test088, RegressionTest0.test089, RegressionTest0.test090, RegressionTest0.test091, RegressionTest0.test092, RegressionTest0.test093, RegressionTest0.test094, RegressionTest0.test095, RegressionTest0.test096, RegressionTest0.test097, RegressionTest0.test098, RegressionTest0.test099, RegressionTest0.test100, RegressionTest0.test101, RegressionTest0.test102, RegressionTest0.test103, RegressionTest0.test104, RegressionTest0.test105, RegressionTest0.test106, RegressionTest0.test107, RegressionTest0.test108, RegressionTest0.test109, RegressionTest0.test110, RegressionTest0.test111, RegressionTest0.test112, RegressionTest0.test113, RegressionTest0.test114, RegressionTest0.test115, RegressionTest0.test116, RegressionTest0.test117, RegressionTest0.test118, RegressionTest0.test119, RegressionTest0.test120, RegressionTest0.test121, RegressionTest0.test122, RegressionTest0.test123, RegressionTest0.test124, RegressionTest0.test125, RegressionTest0.test126, RegressionTest0.test127, RegressionTest0.test128, RegressionTest0.test129, RegressionTest0.test130, RegressionTest0.test131, RegressionTest0.test132, RegressionTest0.test133, RegressionTest0.test134, RegressionTest0.test135, RegressionTest0.test136, RegressionTest0.test137, RegressionTest0.test138, RegressionTest0.test139, RegressionTest0.test140, RegressionTest0.test141, RegressionTest0.test142, RegressionTest0.test143, RegressionTest0.test144, RegressionTest0.test145]

Time each test takes to run in the new order:
[63051, 25310892, 177870, 460467, 112166, 66270, 86059, 3294829, 2743247, 63052, 77534, 3199203, 51267, 766899, 105666, 133653, 78757, 2682627, 55561, 118572, 2678236, 81020, 721784, 754726, 163171, 2168165, 2859830, 74128, 116804, 78023, 67874, 4698642, 46123, 361598286, 103185, 4548031, 3983223, 1217005, 66025, 60091, 3127452, 79211, 1827397, 550896, 67479, 4000435, 55392, 2735227, 2958103, 3179019, 791174, 993255, 3231509, 80675, 204446, 1534166, 4162074, 106494, 66455, 57490, 58065, 90677, 621178, 2781575, 4520967, 71401, 1332072, 3252635, 68231, 243211513, 61722, 3109202, 64058, 5877814, 2638414, 7598393, 3347850, 60854, 116868, 70908, 25962075, 11913179, 2883554, 1820173, 120009, 1715627, 93797, 2688845, 3861832, 73792, 985157, 3894815, 880338, 51835, 72494, 2874490, 149821, 1004285, 80468, 3391052, 1509201, 2432453, 619805, 421550010, 2981438, 2773433, 3682326, 67060, 3083369, 62763, 70613, 193500, 6646322, 5315431, 2122894, 47521, 4142293, 61152, 737618, 3697316, 3198183, 58049, 1638495, 2952457, 60934, 2985133, 2538771, 3090444, 146769, 67388, 2357600, 5259691, 3757082, 60889, 3633566, 879404, 3417874, 65993, 993733, 88336, 1591835, 97104, 2889041, 3807887, 66444]
--------------------------
Execution time of TLG and its time to find/nullify any DTs for 1 machine (does not include the time to run the tests in the new order): 2.991
Number of tests selected out of total in original order: 145 / 1160
Number of DTs not fixed: 0
Number of DTs fixed: 0
Execution time for executing the following testing order: 1.550

Test order list:
[RegressionTest0.test146, RegressionTest0.test147, RegressionTest0.test148, RegressionTest0.test149, RegressionTest0.test150, RegressionTest0.test151, RegressionTest0.test152, RegressionTest0.test153, RegressionTest0.test154, RegressionTest0.test155, RegressionTest0.test156, RegressionTest0.test157, RegressionTest0.test158, RegressionTest0.test159, RegressionTest0.test160, RegressionTest0.test161, RegressionTest0.test162, RegressionTest0.test163, RegressionTest0.test164, RegressionTest0.test165, RegressionTest0.test167, RegressionTest0.test168, RegressionTest0.test169, RegressionTest0.test170, RegressionTest0.test171, RegressionTest0.test172, RegressionTest0.test173, RegressionTest0.test174, RegressionTest0.test175, RegressionTest0.test176, RegressionTest0.test177, RegressionTest0.test178, RegressionTest0.test179, RegressionTest0.test180, RegressionTest0.test181, RegressionTest0.test182, RegressionTest0.test183, RegressionTest0.test184, RegressionTest0.test185, RegressionTest0.test186, RegressionTest0.test187, RegressionTest0.test188, RegressionTest0.test189, RegressionTest0.test190, RegressionTest0.test191, RegressionTest0.test192, RegressionTest0.test193, RegressionTest0.test194, RegressionTest0.test195, RegressionTest0.test196, RegressionTest0.test197, RegressionTest0.test198, RegressionTest0.test199, RegressionTest0.test200, RegressionTest0.test201, RegressionTest0.test202, RegressionTest0.test203, RegressionTest0.test204, RegressionTest0.test205, RegressionTest0.test206, RegressionTest0.test207, RegressionTest0.test208, RegressionTest0.test209, RegressionTest0.test210, RegressionTest0.test211, RegressionTest0.test212, RegressionTest0.test213, RegressionTest0.test214, RegressionTest0.test215, RegressionTest0.test216, RegressionTest0.test217, RegressionTest0.test218, RegressionTest0.test219, RegressionTest0.test220, RegressionTest0.test221, RegressionTest0.test223, RegressionTest0.test224, RegressionTest0.test225, RegressionTest0.test226, RegressionTest0.test227, RegressionTest0.test228, RegressionTest0.test229, RegressionTest0.test230, RegressionTest0.test231, RegressionTest0.test232, RegressionTest0.test233, RegressionTest0.test234, RegressionTest0.test235, RegressionTest0.test236, RegressionTest0.test237, RegressionTest0.test238, RegressionTest0.test239, RegressionTest0.test240, RegressionTest0.test241, RegressionTest0.test242, RegressionTest0.test243, RegressionTest0.test244, RegressionTest0.test245, RegressionTest0.test246, RegressionTest0.test247, RegressionTest0.test248, RegressionTest0.test249, RegressionTest0.test250, RegressionTest0.test251, RegressionTest0.test252, RegressionTest0.test253, RegressionTest0.test254, RegressionTest0.test255, RegressionTest0.test256, RegressionTest0.test257, RegressionTest0.test258, RegressionTest0.test259, RegressionTest0.test260, RegressionTest0.test261, RegressionTest0.test262, RegressionTest0.test263, RegressionTest0.test264, RegressionTest0.test265, RegressionTest0.test266, RegressionTest0.test267, RegressionTest0.test268, RegressionTest0.test269, RegressionTest0.test270, RegressionTest0.test271, RegressionTest0.test272, RegressionTest0.test273, RegressionTest0.test274, RegressionTest0.test275, RegressionTest0.test276, RegressionTest0.test277, RegressionTest0.test278, RegressionTest0.test279, RegressionTest0.test280, RegressionTest0.test281, RegressionTest0.test282, RegressionTest0.test283, RegressionTest0.test284, RegressionTest0.test285, RegressionTest0.test286, RegressionTest0.test287, RegressionTest0.test288, RegressionTest0.test289, RegressionTest0.test290, RegressionTest0.test291, RegressionTest0.test292]

Time each test takes to run in the new order:
[120535, 3033054, 3208046, 984610, 135446, 2972221, 826290, 14305543, 3625602, 3671582, 1201788, 3528765, 4277170, 10560569, 4062704, 94892, 70688, 107476, 2917782, 2704439, 1352400, 918525, 15769566, 2906354, 84821, 1636360, 14368689, 62727, 120184, 136516, 1734176, 14366234, 5829100, 6160101, 178741, 2894856, 116241, 65072, 2202373, 969595, 1793709, 1275765, 105938, 3002190, 3107194, 2416044, 3049890, 1891083, 3708324, 2218272, 3021911, 1549441, 4476491, 2013586, 3555876, 14897594, 55006, 4525457, 4730030, 1849068, 69016, 1362191, 2692340, 1606740, 3077297, 105185, 2734718, 99527, 1141566, 7118980, 15727144, 3135273, 2251948, 14902889, 4288603, 1041500730, 2098980, 3570588, 859776, 3354462, 95091, 2595521, 1722440, 14732271, 2199436, 3915146, 122132, 21943535, 874226, 4038485, 1645243, 2935747, 78569, 877183, 82786, 4013668, 20784498, 53227, 3578519, 2017142, 2943566, 58098, 5907053, 2035479, 2931708, 112256, 168082, 10957800, 2130886, 70409, 113236, 108633, 15327657, 95913, 131071, 84870, 16004056, 5926056, 4425621, 48043, 2310615, 3139447, 3687966, 2016069, 4207724, 96476, 95925, 2146418, 3521024, 5090100, 3927085, 12713919, 15468378, 5066300, 136597, 843696, 1008648, 2292613, 3213839, 815756, 2267577, 2785909, 3144099, 149444, 2974059]
--------------------------
Execution time of TLG and its time to find/nullify any DTs for 1 machine (does not include the time to run the tests in the new order): 5.656
Number of tests selected out of total in original order: 145 / 1160
Number of DTs not fixed: 0
Number of DTs fixed: 0
Execution time for executing the following testing order: 3.565

Test order list:
[RegressionTest0.test293, RegressionTest0.test294, RegressionTest0.test295, RegressionTest0.test296, RegressionTest0.test297, RegressionTest0.test298, RegressionTest0.test299, RegressionTest0.test300, RegressionTest0.test301, RegressionTest0.test302, RegressionTest0.test303, RegressionTest0.test304, RegressionTest0.test305, RegressionTest0.test306, RegressionTest0.test307, RegressionTest0.test308, RegressionTest0.test309, RegressionTest0.test310, RegressionTest0.test311, RegressionTest0.test312, RegressionTest0.test313, RegressionTest0.test314, RegressionTest0.test315, RegressionTest0.test316, RegressionTest0.test317, RegressionTest0.test318, RegressionTest0.test319, RegressionTest0.test320, RegressionTest0.test321, RegressionTest0.test322, RegressionTest0.test323, RegressionTest0.test324, RegressionTest0.test325, RegressionTest0.test326, RegressionTest0.test327, RegressionTest0.test328, RegressionTest0.test329, RegressionTest0.test330, RegressionTest0.test331, RegressionTest0.test332, RegressionTest0.test333, RegressionTest0.test334, RegressionTest0.test335, RegressionTest0.test336, RegressionTest0.test337, RegressionTest0.test338, RegressionTest0.test339, RegressionTest0.test340, RegressionTest0.test341, RegressionTest0.test342, RegressionTest0.test343, RegressionTest0.test344, RegressionTest0.test345, RegressionTest0.test346, RegressionTest0.test347, RegressionTest0.test348, RegressionTest0.test349, RegressionTest0.test350, RegressionTest0.test351, RegressionTest0.test352, RegressionTest0.test353, RegressionTest0.test354, RegressionTest0.test355, RegressionTest0.test356, RegressionTest0.test357, RegressionTest0.test358, RegressionTest0.test359, RegressionTest0.test360, RegressionTest0.test361, RegressionTest0.test362, RegressionTest0.test363, RegressionTest0.test364, RegressionTest0.test365, RegressionTest0.test366, RegressionTest0.test367, RegressionTest0.test368, RegressionTest0.test369, RegressionTest0.test370, RegressionTest0.test371, RegressionTest0.test372, RegressionTest0.test373, RegressionTest0.test374, RegressionTest0.test375, RegressionTest0.test376, RegressionTest0.test377, RegressionTest0.test378, RegressionTest0.test379, RegressionTest0.test380, RegressionTest0.test381, RegressionTest0.test382, RegressionTest0.test383, RegressionTest0.test384, RegressionTest0.test385, RegressionTest0.test386, RegressionTest0.test387, RegressionTest0.test388, RegressionTest0.test389, RegressionTest0.test390, RegressionTest0.test391, RegressionTest0.test392, RegressionTest0.test393, RegressionTest0.test394, RegressionTest0.test395, RegressionTest0.test396, RegressionTest0.test397, RegressionTest0.test398, RegressionTest0.test399, RegressionTest0.test400, RegressionTest0.test401, RegressionTest0.test402, RegressionTest0.test403, RegressionTest0.test404, RegressionTest0.test405, RegressionTest0.test406, RegressionTest0.test407, RegressionTest0.test408, RegressionTest0.test409, RegressionTest0.test410, RegressionTest0.test411, RegressionTest0.test412, RegressionTest0.test413, RegressionTest0.test414, RegressionTest0.test415, RegressionTest0.test416, RegressionTest0.test417, RegressionTest0.test418, RegressionTest0.test419, RegressionTest0.test420, RegressionTest0.test421, RegressionTest0.test422, RegressionTest0.test423, RegressionTest0.test424, RegressionTest0.test425, RegressionTest0.test426, RegressionTest0.test427, RegressionTest0.test428, RegressionTest0.test429, RegressionTest0.test430, RegressionTest0.test431, RegressionTest0.test432, RegressionTest0.test433, RegressionTest0.test434, RegressionTest0.test435, RegressionTest0.test436, RegressionTest0.test437]

Time each test takes to run in the new order:
[2953383, 3707891, 2868401, 1644226, 2712749, 1976142, 4631777, 29150496, 2925904, 863466, 2286886, 2758699, 10587420, 2648613, 4628749, 82373, 3241952, 8711145, 2614757, 5281844, 783633, 2285957, 1635773, 111728, 5485574, 161190, 1419775, 111021, 4590084, 4520113, 4101431, 3564782, 3036917, 3631426, 3360462, 4922107, 4847883, 2117681, 2498094, 4075286, 4018805, 64168, 92791, 1960148, 70952, 3826014, 3199972, 3627163, 2753766, 1599459, 2366909, 3487025, 789066, 873085, 1634222, 2868488, 3683125, 151178, 2736493, 875587, 1516785, 97888, 722102, 92873, 4518480, 3207206, 1666344, 3876396, 82775, 3068104, 911582, 2987781, 1320079, 3494974, 4537878, 2954560, 2593518, 2654408, 3658263, 2957057, 3341861, 3416284, 1900079, 3169293, 2164152553, 3885952, 2615905, 3235047, 4023720, 941768, 5064058, 771927, 2785820, 5639706, 1426286, 87206, 904665, 4509124, 8880566, 983845099, 783978, 1547776, 6424650, 1392751, 986722, 2917812, 6040903, 2907719, 57200, 1732300, 73117, 3631997, 1535942, 2187195, 1193374, 2760994, 3992774, 3278529, 695638, 7006673, 871310, 1531324, 3719752, 2511140, 790381, 1607368, 3518454, 951888, 1876726, 72581, 91313, 1843901, 13368627, 2891914, 3357478, 2860318, 2528585, 972115, 2821405, 4307800, 2943358, 2865875, 634731, 4352156, 5102263]
--------------------------
Execution time of TLG and its time to find/nullify any DTs for 1 machine (does not include the time to run the tests in the new order): 116.855
Number of tests selected out of total in original order: 146 / 1160
Number of DTs not fixed: 0
Number of DTs fixed: 1

Average time to find one dependency: 104.102514814
Execution time for executing the following testing order: 4.762

Test order list:
[RegressionTest0.test438, RegressionTest0.test439, RegressionTest0.test440, RegressionTest0.test441, RegressionTest0.test442, RegressionTest0.test443, RegressionTest0.test444, RegressionTest0.test445, RegressionTest0.test446, RegressionTest0.test447, RegressionTest0.test448, RegressionTest0.test449, RegressionTest0.test450, RegressionTest0.test451, RegressionTest0.test452, RegressionTest0.test453, RegressionTest0.test454, RegressionTest0.test455, RegressionTest0.test456, RegressionTest0.test457, RegressionTest0.test458, RegressionTest0.test459, RegressionTest0.test460, RegressionTest0.test461, RegressionTest0.test462, RegressionTest0.test463, RegressionTest0.test464, RegressionTest0.test465, RegressionTest0.test466, RegressionTest0.test467, RegressionTest0.test468, RegressionTest0.test469, RegressionTest0.test470, RegressionTest0.test471, RegressionTest0.test472, RegressionTest0.test473, RegressionTest0.test474, RegressionTest0.test475, RegressionTest0.test476, RegressionTest0.test477, RegressionTest0.test478, RegressionTest0.test479, RegressionTest0.test480, RegressionTest0.test481, RegressionTest0.test482, RegressionTest0.test483, RegressionTest0.test484, RegressionTest0.test485, RegressionTest0.test486, RegressionTest0.test487, RegressionTest0.test488, RegressionTest0.test489, RegressionTest0.test490, RegressionTest0.test491, RegressionTest0.test492, RegressionTest0.test493, RegressionTest0.test494, RegressionTest0.test495, RegressionTest0.test496, RegressionTest0.test497, RegressionTest0.test498, RegressionTest0.test499, RegressionTest0.test500, RegressionTest1.test006, RegressionTest0.test403, RegressionTest1.test005, RegressionTest1.test004, RegressionTest1.test009, RegressionTest1.test010, RegressionTest1.test001, RegressionTest1.test002, RegressionTest1.test003, RegressionTest1.test007, RegressionTest1.test008, RegressionTest1.test011, RegressionTest1.test012, RegressionTest1.test013, RegressionTest1.test014, RegressionTest1.test015, RegressionTest1.test016, RegressionTest1.test017, RegressionTest1.test018, RegressionTest1.test019, RegressionTest1.test020, RegressionTest1.test021, RegressionTest1.test022, RegressionTest1.test023, RegressionTest1.test024, RegressionTest1.test025, RegressionTest1.test026, RegressionTest1.test027, RegressionTest1.test028, RegressionTest1.test029, RegressionTest1.test030, RegressionTest1.test031, RegressionTest1.test032, RegressionTest1.test033, RegressionTest1.test034, RegressionTest1.test035, RegressionTest1.test036, RegressionTest1.test037, RegressionTest1.test038, RegressionTest1.test039, RegressionTest1.test040, RegressionTest1.test041, RegressionTest1.test042, RegressionTest1.test043, RegressionTest1.test044, RegressionTest1.test045, RegressionTest1.test046, RegressionTest1.test047, RegressionTest1.test048, RegressionTest1.test049, RegressionTest1.test050, RegressionTest1.test051, RegressionTest1.test052, RegressionTest1.test053, RegressionTest1.test054, RegressionTest1.test055, RegressionTest1.test056, RegressionTest1.test057, RegressionTest1.test058, RegressionTest1.test059, RegressionTest1.test060, RegressionTest1.test061, RegressionTest1.test062, RegressionTest1.test063, RegressionTest1.test064, RegressionTest1.test065, RegressionTest1.test066, RegressionTest1.test067, RegressionTest1.test068, RegressionTest1.test069, RegressionTest1.test070, RegressionTest1.test071, RegressionTest1.test072, RegressionTest1.test073, RegressionTest1.test074, RegressionTest1.test075, RegressionTest1.test076, RegressionTest1.test077, RegressionTest1.test078, RegressionTest1.test079, RegressionTest1.test081, RegressionTest1.test082, RegressionTest1.test083]

Time each test takes to run in the new order:
[1431468, 99562, 143775, 6383654, 33672236, 689723, 1228695, 799183, 3341983, 6987763, 4068033, 1833064, 3798124, 112772, 1840808, 174602, 835883, 3903130, 1828877, 2284815, 715707, 1214952, 668594, 1423594, 997292943, 1748301, 7862179, 114987, 1524596, 1124241, 985736, 3357264, 14622287, 81800, 93581, 4440882, 78588, 93271, 3270629, 116780, 1547073, 81110, 2825115, 1988570, 3659392, 3906502, 213591, 2757964, 13722546, 1576099, 3826901, 81311, 5210579, 1954557, 3558542, 4223609, 3420999, 2241329, 1780642, 3062347, 2527719, 4560709, 82447, 4082805, 2642745, 3692879, 3510451, 3857815, 4365921, 1866590, 4322196, 1951680, 4366806, 3239962, 105299, 2018556, 177465, 2752572, 3802614, 3522868, 2883243310, 4510591, 92989, 4483012, 4077218, 2283740, 2666002, 1403721, 2943200, 110066, 87166, 4164989, 2334437, 124730, 2724511, 133723, 246693560, 3025543, 89110, 4051290, 835370, 3500837, 5689016, 92093, 1790102, 7824629, 4698534, 763896, 3732838, 887224, 3156365, 13357233, 44460, 3841102, 699198, 3151507, 200966654, 1853711, 261359, 4177812, 2824840, 170524, 31222374, 3026129, 3033374, 2088732, 2647560, 98823, 6529427, 3951902, 3313604, 103356, 2523896, 885087, 2686734, 3759002, 83221, 1445441, 910247, 98310, 3628836, 84240, 3985566, 3103171, 1752982, 12566859]

Dependent test list:
[Test: RegressionTest1.test005, Intended behavior: FAILURE, when executed after: [RegressionTest0.test403], The revealed different behavior: PASS, when executed after: []]
--------------------------
Execution time of TLG and its time to find/nullify any DTs for 1 machine (does not include the time to run the tests in the new order): 400.826
Number of tests selected out of total in original order: 149 / 1160
Number of DTs not fixed: 0
Number of DTs fixed: 4

Average time to find one dependency: 85.58609530725
Execution time for executing the following testing order: 8.425

Test order list:
[RegressionTest1.test084, RegressionTest1.test085, RegressionTest1.test086, RegressionTest1.test087, RegressionTest0.test167, RegressionTest1.test088, RegressionTest1.test089, RegressionTest1.test090, RegressionTest1.test091, RegressionTest1.test092, RegressionTest1.test093, RegressionTest0.test442, RegressionTest1.test094, RegressionTest1.test095, RegressionTest1.test096, RegressionTest1.test097, RegressionTest0.test403, RegressionTest1.test005, RegressionTest1.test098, RegressionTest1.test099, RegressionTest1.test100, RegressionTest1.test101, RegressionTest1.test102, RegressionTest1.test103, RegressionTest1.test104, RegressionTest1.test105, RegressionTest1.test106, RegressionTest1.test107, RegressionTest1.test108, RegressionTest1.test109, RegressionTest1.test110, RegressionTest1.test111, RegressionTest1.test112, RegressionTest1.test113, RegressionTest1.test114, RegressionTest1.test115, RegressionTest1.test116, RegressionTest1.test117, RegressionTest1.test118, RegressionTest1.test119, RegressionTest1.test120, RegressionTest1.test121, RegressionTest1.test122, RegressionTest1.test123, RegressionTest1.test124, RegressionTest1.test125, RegressionTest1.test126, RegressionTest1.test127, RegressionTest1.test128, RegressionTest1.test129, RegressionTest1.test130, RegressionTest1.test131, RegressionTest1.test132, RegressionTest1.test133, RegressionTest1.test134, RegressionTest1.test135, RegressionTest1.test136, RegressionTest1.test137, RegressionTest1.test138, RegressionTest1.test139, RegressionTest1.test140, RegressionTest1.test141, RegressionTest1.test142, RegressionTest1.test143, RegressionTest1.test144, RegressionTest1.test145, RegressionTest1.test146, RegressionTest1.test147, RegressionTest1.test148, RegressionTest1.test149, RegressionTest1.test150, RegressionTest1.test151, RegressionTest1.test152, RegressionTest1.test153, RegressionTest1.test154, RegressionTest1.test155, RegressionTest1.test156, RegressionTest1.test157, RegressionTest1.test158, RegressionTest1.test159, RegressionTest1.test160, RegressionTest1.test161, RegressionTest1.test162, RegressionTest1.test163, RegressionTest1.test164, RegressionTest1.test165, RegressionTest1.test166, RegressionTest1.test167, RegressionTest1.test168, RegressionTest1.test169, RegressionTest1.test170, RegressionTest1.test171, RegressionTest1.test172, RegressionTest1.test173, RegressionTest1.test174, RegressionTest1.test175, RegressionTest1.test176, RegressionTest1.test177, RegressionTest1.test178, RegressionTest1.test179, RegressionTest1.test180, RegressionTest1.test181, RegressionTest1.test182, RegressionTest1.test183, RegressionTest1.test184, RegressionTest1.test185, RegressionTest1.test186, RegressionTest1.test187, RegressionTest1.test188, RegressionTest1.test189, RegressionTest1.test190, RegressionTest1.test191, RegressionTest1.test192, RegressionTest1.test193, RegressionTest1.test194, RegressionTest1.test195, RegressionTest1.test196, RegressionTest1.test197, RegressionTest1.test198, RegressionTest1.test199, RegressionTest1.test200, RegressionTest1.test201, RegressionTest1.test202, RegressionTest1.test203, RegressionTest1.test204, RegressionTest1.test205, RegressionTest1.test206, RegressionTest1.test207, RegressionTest1.test208, RegressionTest1.test209, RegressionTest1.test210, RegressionTest1.test211, RegressionTest1.test212, RegressionTest1.test213, RegressionTest1.test214, RegressionTest1.test215, RegressionTest1.test216, RegressionTest1.test217, RegressionTest1.test218, RegressionTest1.test219, RegressionTest1.test220, RegressionTest1.test221, RegressionTest1.test222, RegressionTest1.test223, RegressionTest1.test224, RegressionTest1.test225, RegressionTest1.test226, RegressionTest1.test227, RegressionTest1.test228]

Time each test takes to run in the new order:
[5394831, 127928, 2285361, 2159086, 161698047, 3337569, 3200811, 962021, 2963069, 3916987, 487095972, 3960308, 4832129, 1921760, 93887, 4306292, 3009833, 211758, 1109704, 72206, 53905, 2939821, 113313, 3569112, 1660663, 147260, 8988145, 3024339, 7359866, 141422, 816856, 4686908, 79184, 135192, 98581, 104356, 6807278, 74435, 1234467, 3668048, 734483, 4897955, 1263803, 2739581, 180951594, 94655, 3458963, 855767025, 61274, 2323707, 4229355, 3258549, 1529107, 8770866, 4788538, 2962730, 4355945, 1884348, 124290, 2928485, 177376, 1906385, 228798252, 3089218, 7216780, 228966553, 75358, 3792774, 2472615, 8614842, 1623062, 2791845, 137908, 49401, 4535525, 3690038, 74809, 3303914, 2844897, 75649, 3021697, 3168729319, 138184, 4624830, 966651, 66844, 4084392, 4697082, 5797349, 145953, 223751, 5945142, 314772, 5226843, 3494486, 7975897, 1011613, 140315, 4053768, 83444, 21988277, 2507053, 5671936, 1184355, 2621852, 293431, 3348566, 1998229, 2369415, 3517103, 1327343, 1666463, 2131887, 4527135, 6217636, 3061892, 3245544, 2141923, 1591486, 2580928, 3718058, 75841, 3865741, 3060094, 4150421, 3267047, 149019, 1701467, 3264311, 2875488, 2309966, 9281617, 3363612, 898358, 135187, 4996875, 2532075, 1468361, 2723487965, 71695, 1949266, 8023588, 3258178, 4266989, 3907341, 84604, 3086429, 85787, 982611]

Dependent test list:
[Test: RegressionTest1.test005, Intended behavior: FAILURE, when executed after: [RegressionTest0.test403], The revealed different behavior: PASS, when executed after: [], Test: RegressionTest1.test123, Intended behavior: FAILURE, when executed after: [RegressionTest1.test094], The revealed different behavior: PASS, when executed after: [], Test: RegressionTest1.test094, Intended behavior: FAILURE, when executed after: [RegressionTest0.test442], The revealed different behavior: PASS, when executed after: [], Test: RegressionTest1.test088, Intended behavior: FAILURE, when executed after: [RegressionTest0.test167], The revealed different behavior: PASS, when executed after: [], Test: RegressionTest1.test098, Intended behavior: FAILURE, when executed after: [RegressionTest1.test005], The revealed different behavior: PASS, when executed after: []]
--------------------------
Execution time of TLG and its time to find/nullify any DTs for 1 machine (does not include the time to run the tests in the new order): 327.483
Number of tests selected out of total in original order: 150 / 1160
Number of DTs not fixed: 0
Number of DTs fixed: 2

Average time to find one dependency: 148.4689714
Execution time for executing the following testing order: 7.547

Test order list:
[RegressionTest1.test229, RegressionTest1.test230, RegressionTest1.test231, RegressionTest1.test232, RegressionTest1.test233, RegressionTest1.test234, RegressionTest1.test235, RegressionTest1.test236, RegressionTest1.test237, RegressionTest1.test238, RegressionTest1.test239, RegressionTest1.test240, RegressionTest1.test241, RegressionTest1.test242, RegressionTest1.test243, RegressionTest1.test244, RegressionTest1.test245, RegressionTest1.test246, RegressionTest1.test247, RegressionTest1.test248, RegressionTest1.test249, RegressionTest1.test250, RegressionTest1.test251, RegressionTest1.test252, RegressionTest1.test253, RegressionTest1.test254, RegressionTest1.test255, RegressionTest1.test256, RegressionTest1.test257, RegressionTest1.test258, RegressionTest1.test259, RegressionTest1.test260, RegressionTest1.test261, RegressionTest1.test262, RegressionTest1.test263, RegressionTest1.test264, RegressionTest1.test265, RegressionTest1.test266, RegressionTest1.test267, RegressionTest1.test268, RegressionTest1.test269, RegressionTest1.test270, RegressionTest1.test271, RegressionTest1.test272, RegressionTest1.test273, RegressionTest1.test274, RegressionTest1.test275, RegressionTest1.test276, RegressionTest1.test277, RegressionTest1.test278, RegressionTest1.test279, RegressionTest1.test280, RegressionTest1.test281, RegressionTest1.test282, RegressionTest1.test283, RegressionTest1.test284, RegressionTest1.test285, RegressionTest1.test286, RegressionTest1.test287, RegressionTest1.test288, RegressionTest1.test289, RegressionTest1.test290, RegressionTest1.test291, RegressionTest1.test292, RegressionTest1.test293, RegressionTest1.test294, RegressionTest1.test295, RegressionTest1.test296, RegressionTest1.test297, RegressionTest1.test298, RegressionTest1.test299, RegressionTest1.test300, RegressionTest1.test301, RegressionTest1.test302, RegressionTest1.test303, RegressionTest1.test304, RegressionTest1.test305, RegressionTest1.test306, RegressionTest1.test307, RegressionTest1.test308, RegressionTest1.test309, RegressionTest1.test310, RegressionTest1.test311, RegressionTest1.test312, RegressionTest1.test313, RegressionTest1.test314, RegressionTest1.test315, RegressionTest1.test316, RegressionTest1.test317, RegressionTest1.test318, RegressionTest1.test319, RegressionTest1.test320, RegressionTest1.test321, RegressionTest1.test322, RegressionTest1.test323, RegressionTest1.test324, RegressionTest1.test325, RegressionTest1.test326, RegressionTest1.test327, RegressionTest1.test328, RegressionTest1.test329, RegressionTest1.test330, RegressionTest1.test331, RegressionTest1.test332, RegressionTest1.test333, RegressionTest1.test334, RegressionTest1.test335, RegressionTest1.test336, RegressionTest1.test337, RegressionTest1.test338, RegressionTest1.test339, RegressionTest1.test340, RegressionTest1.test341, RegressionTest1.test342, RegressionTest1.test343, RegressionTest1.test344, RegressionTest0.test403, RegressionTest1.test005, RegressionTest1.test002, RegressionTest1.test013, RegressionTest1.test098, RegressionTest1.test345, RegressionTest1.test346, RegressionTest1.test347, RegressionTest1.test348, RegressionTest1.test349, RegressionTest1.test350, RegressionTest1.test351, RegressionTest1.test352, RegressionTest1.test353, RegressionTest1.test354, RegressionTest1.test355, RegressionTest1.test356, RegressionTest1.test357, RegressionTest1.test358, RegressionTest1.test359, RegressionTest1.test360, RegressionTest1.test361, RegressionTest1.test362, RegressionTest1.test363, RegressionTest1.test364, RegressionTest1.test365, RegressionTest1.test366, RegressionTest1.test367, RegressionTest1.test368, RegressionTest1.test369, RegressionTest1.test370, RegressionTest1.test371, RegressionTest1.test372, RegressionTest1.test373]

Time each test takes to run in the new order:
[1056496, 3708290, 1588841, 157301, 139782, 5089762, 64986, 124787, 7320792, 226813, 1595876, 1590773, 957595204, 3856078, 1691749, 54500, 2847350, 759832, 110396, 3458172, 117146, 3717016, 837497, 1434299, 10032583, 2938720, 869479, 143432, 1224940, 3551864, 214758210, 2799973, 84778, 6765028, 68524, 4946549, 80254, 52895947, 5219869, 55121723, 91290, 5326633, 85086, 2177542, 3764975, 1842605, 2067666, 2959530, 78630, 2793985, 71090, 72201, 1248428, 69002, 1439237, 61889, 127484, 72399, 2764911, 5398560, 5029900172, 6059596, 105155, 23165808, 57835, 107598, 69895, 4028433, 4043516, 3477006, 4083079, 3629998, 79293, 302240942, 114070, 71023, 3042386, 89378, 2365122, 67753, 78557, 79642, 2110539, 3064644, 3196695, 2978988, 884730, 4177479, 3835426, 3517312, 83759, 1894906, 2737402, 4326852, 674168, 4562751, 870887, 2870893, 4332469, 3576254, 16466465, 77926, 242743903, 3251323, 86474, 1784474, 4025487, 112523, 92995, 143658, 3415832, 59246, 2521590, 1583231, 3790346, 4098993, 9800321, 92341, 3831068, 49503, 4919957, 1894628, 2500102, 2403795, 118151, 125876, 196405261, 83915, 4298494, 133208875, 121758, 5208115, 2914522, 156206, 1711481, 2093892, 1384917, 1436950, 3552850, 42446151, 4002412, 189264, 3579196, 72342, 2882197, 1047274, 148023, 243257, 108010, 136666]

Dependent test list:
[Test: RegressionTest1.test005, Intended behavior: FAILURE, when executed after: [RegressionTest0.test403], The revealed different behavior: PASS, when executed after: [], Test: RegressionTest1.test123, Intended behavior: FAILURE, when executed after: [RegressionTest1.test094], The revealed different behavior: PASS, when executed after: [], Test: RegressionTest1.test094, Intended behavior: FAILURE, when executed after: [RegressionTest0.test442], The revealed different behavior: PASS, when executed after: [], Test: RegressionTest1.test088, Intended behavior: FAILURE, when executed after: [RegressionTest0.test167], The revealed different behavior: PASS, when executed after: [], Test: RegressionTest1.test098, Intended behavior: FAILURE, when executed after: [RegressionTest1.test013], The revealed different behavior: PASS, when executed after: [], Test: RegressionTest1.test345, Intended behavior: FAILURE, when executed after: [RegressionTest1.test098], The revealed different behavior: PASS, when executed after: [], Test: RegressionTest1.test013, Intended behavior: FAILURE, when executed after: [RegressionTest1.test002], The revealed different behavior: PASS, when executed after: [], Test: RegressionTest1.test002, Intended behavior: FAILURE, when executed after: [RegressionTest1.test005], The revealed different behavior: PASS, when executed after: []]
--------------------------
Execution time of TLG and its time to find/nullify any DTs for 1 machine (does not include the time to run the tests in the new order): 146.168
Number of tests selected out of total in original order: 151 / 1160
Number of DTs not fixed: 0
Number of DTs fixed: 1

Average time to find one dependency: 132.418811178
Execution time for executing the following testing order: 8.041

Test order list:
[RegressionTest1.test374, RegressionTest1.test375, RegressionTest1.test376, RegressionTest1.test377, RegressionTest1.test378, RegressionTest1.test379, RegressionTest1.test380, RegressionTest1.test381, RegressionTest1.test382, RegressionTest1.test383, RegressionTest1.test384, RegressionTest1.test385, RegressionTest1.test386, RegressionTest1.test387, RegressionTest1.test388, RegressionTest1.test389, RegressionTest1.test390, RegressionTest1.test391, RegressionTest1.test392, RegressionTest1.test393, RegressionTest1.test394, RegressionTest1.test395, RegressionTest1.test396, RegressionTest1.test397, RegressionTest1.test398, RegressionTest1.test399, RegressionTest1.test400, RegressionTest1.test401, RegressionTest1.test402, RegressionTest1.test403, RegressionTest1.test404, RegressionTest1.test405, RegressionTest1.test406, RegressionTest1.test407, RegressionTest1.test408, RegressionTest1.test409, RegressionTest1.test410, RegressionTest1.test411, RegressionTest1.test412, RegressionTest1.test413, RegressionTest1.test414, RegressionTest1.test415, RegressionTest1.test416, RegressionTest1.test417, RegressionTest1.test418, RegressionTest1.test419, RegressionTest1.test420, RegressionTest0.test403, RegressionTest1.test005, RegressionTest1.test002, RegressionTest1.test013, RegressionTest1.test098, RegressionTest1.test345, RegressionTest1.test421, RegressionTest1.test422, RegressionTest1.test423, RegressionTest1.test424, RegressionTest1.test425, RegressionTest1.test426, RegressionTest1.test427, RegressionTest1.test428, RegressionTest1.test429, RegressionTest1.test430, RegressionTest1.test431, RegressionTest1.test432, RegressionTest1.test433, RegressionTest1.test434, RegressionTest1.test435, RegressionTest1.test436, RegressionTest1.test437, RegressionTest1.test438, RegressionTest1.test439, RegressionTest1.test440, RegressionTest1.test441, RegressionTest1.test442, RegressionTest1.test443, RegressionTest1.test444, RegressionTest1.test445, RegressionTest1.test446, RegressionTest1.test447, RegressionTest1.test448, RegressionTest1.test449, RegressionTest1.test450, RegressionTest1.test451, RegressionTest1.test452, RegressionTest1.test453, RegressionTest1.test454, RegressionTest1.test455, RegressionTest1.test456, RegressionTest1.test457, RegressionTest1.test458, RegressionTest1.test459, RegressionTest1.test460, RegressionTest1.test461, RegressionTest1.test462, RegressionTest1.test463, RegressionTest1.test464, RegressionTest1.test465, RegressionTest1.test466, RegressionTest1.test467, RegressionTest1.test468, RegressionTest1.test469, RegressionTest1.test470, RegressionTest1.test471, RegressionTest1.test472, RegressionTest1.test473, RegressionTest1.test474, RegressionTest1.test475, RegressionTest1.test476, RegressionTest1.test477, RegressionTest1.test478, RegressionTest1.test479, RegressionTest1.test480, RegressionTest1.test481, RegressionTest1.test482, RegressionTest1.test483, RegressionTest1.test484, RegressionTest1.test485, RegressionTest1.test486, RegressionTest1.test487, RegressionTest1.test488, RegressionTest1.test489, RegressionTest1.test490, RegressionTest1.test491, RegressionTest1.test492, RegressionTest1.test493, RegressionTest1.test494, RegressionTest1.test495, RegressionTest1.test496, RegressionTest1.test497, RegressionTest1.test498, RegressionTest1.test499, RegressionTest1.test500, RegressionTest2.test006, RegressionTest2.test005, RegressionTest2.test004, RegressionTest2.test009, RegressionTest2.test010, RegressionTest2.test001, RegressionTest2.test002, RegressionTest2.test003, RegressionTest2.test007, RegressionTest2.test008, RegressionTest2.test011, RegressionTest2.test012, RegressionTest2.test013, RegressionTest2.test014, RegressionTest2.test015, RegressionTest2.test016, RegressionTest2.test017, RegressionTest2.test018]

Time each test takes to run in the new order:
[92840, 2045458, 1301779, 251992, 4014748, 420605537, 2849438, 1321173, 88835, 9738682, 878534, 3944122, 10876030, 58335, 3979673, 1099274, 2927459, 6948935, 313196615, 2549715, 69418, 76953, 4084905, 3992091, 5425840, 5299909, 63642, 3355107, 1332057692, 89094, 996399, 405649538, 2746271, 2877082, 2612381, 2796734, 203988696, 5035256, 3633258, 64039, 164632, 643420, 138126, 65434, 2364963, 3443451, 9784199, 78310, 4811612, 109666, 4943707, 6071995, 1928097, 385437, 75712, 121992, 76849, 83911, 159171, 161865, 808149, 2247397, 1940729, 919208, 54041, 671875, 781999, 3305818, 2730749, 728051, 3902081, 1414244, 260295, 16842926, 3757279, 3218473, 92700, 4042288, 2625204, 279045, 95856, 5986022, 59375, 2570382, 9943909, 3875604, 2435087, 776689, 4623353943, 53094, 2028178, 3846844, 5829934, 153262, 3399613, 1298203, 4762550, 4936155, 1541446, 844635, 77240, 86854, 79570, 861467, 1740902, 253039, 3826313, 2822072, 3974436, 2686956, 4490241, 3107307, 217858, 1074077, 103536, 2890809, 1397186, 93550, 2631113, 1012958, 1585910, 2288560, 97699, 462146, 192565299, 7256282, 250805, 126920, 3354857, 2177650, 346309, 2987095, 5911324, 76604, 151136, 2548331, 59457, 157548, 2743355, 3262883, 3372739, 217471248, 1948986, 1720391, 4823346, 2649580, 3276191, 1810500, 115685, 4511205, 92523]

Dependent test list:
[Test: RegressionTest1.test005, Intended behavior: FAILURE, when executed after: [RegressionTest0.test403], The revealed different behavior: PASS, when executed after: [], Test: RegressionTest1.test123, Intended behavior: FAILURE, when executed after: [RegressionTest1.test094], The revealed different behavior: PASS, when executed after: [], Test: RegressionTest1.test094, Intended behavior: FAILURE, when executed after: [RegressionTest0.test442], The revealed different behavior: PASS, when executed after: [], Test: RegressionTest1.test088, Intended behavior: FAILURE, when executed after: [RegressionTest0.test167], The revealed different behavior: PASS, when executed after: [], Test: RegressionTest1.test098, Intended behavior: FAILURE, when executed after: [RegressionTest1.test013], The revealed different behavior: PASS, when executed after: [], Test: RegressionTest1.test345, Intended behavior: FAILURE, when executed after: [RegressionTest1.test098], The revealed different behavior: PASS, when executed after: [], Test: RegressionTest1.test013, Intended behavior: FAILURE, when executed after: [RegressionTest1.test002], The revealed different behavior: PASS, when executed after: [], Test: RegressionTest1.test002, Intended behavior: FAILURE, when executed after: [RegressionTest1.test005], The revealed different behavior: PASS, when executed after: [], Test: RegressionTest1.test421, Intended behavior: FAILURE, when executed after: [RegressionTest1.test345], The revealed different behavior: PASS, when executed after: []]
--------------------------
Execution time of TLG and its time to find/nullify any DTs for 1 machine (does not include the time to run the tests in the new order): 183.404
Number of tests selected out of total in original order: 152 / 1160
Number of DTs not fixed: 0
Number of DTs fixed: 1

Average time to find one dependency: 168.315161431
Execution time for executing the following testing order: 8.787

Test order list:
[RegressionTest2.test019, RegressionTest2.test020, RegressionTest2.test021, RegressionTest2.test022, RegressionTest2.test023, RegressionTest2.test024, RegressionTest2.test025, RegressionTest2.test026, RegressionTest2.test027, RegressionTest2.test028, RegressionTest2.test029, RegressionTest2.test030, RegressionTest2.test031, RegressionTest2.test032, RegressionTest2.test033, RegressionTest2.test034, RegressionTest2.test035, RegressionTest2.test036, RegressionTest2.test037, RegressionTest2.test038, RegressionTest2.test039, RegressionTest2.test040, RegressionTest2.test041, RegressionTest2.test042, RegressionTest2.test043, RegressionTest2.test044, RegressionTest2.test045, RegressionTest2.test046, RegressionTest2.test047, RegressionTest2.test048, RegressionTest2.test049, RegressionTest2.test050, RegressionTest2.test051, RegressionTest2.test052, RegressionTest2.test053, RegressionTest2.test054, RegressionTest2.test055, RegressionTest2.test056, RegressionTest2.test057, RegressionTest2.test058, RegressionTest2.test059, RegressionTest2.test060, RegressionTest2.test061, RegressionTest2.test062, RegressionTest2.test063, RegressionTest2.test064, RegressionTest2.test065, RegressionTest2.test066, RegressionTest2.test067, RegressionTest2.test068, RegressionTest2.test069, RegressionTest2.test070, RegressionTest2.test071, RegressionTest2.test072, RegressionTest2.test073, RegressionTest2.test074, RegressionTest2.test075, RegressionTest2.test076, RegressionTest2.test077, RegressionTest2.test078, RegressionTest2.test079, RegressionTest2.test080, RegressionTest2.test081, RegressionTest2.test082, RegressionTest2.test083, RegressionTest2.test084, RegressionTest2.test085, RegressionTest2.test086, RegressionTest2.test087, RegressionTest2.test088, RegressionTest2.test089, RegressionTest2.test090, RegressionTest2.test091, RegressionTest2.test092, RegressionTest2.test093, RegressionTest2.test094, RegressionTest2.test095, RegressionTest2.test096, RegressionTest2.test097, RegressionTest2.test098, RegressionTest2.test099, RegressionTest2.test100, RegressionTest0.test403, RegressionTest1.test005, RegressionTest1.test002, RegressionTest1.test013, RegressionTest1.test098, RegressionTest1.test345, RegressionTest1.test421, RegressionTest2.test101, RegressionTest2.test102, RegressionTest2.test103, RegressionTest2.test104, RegressionTest2.test105, RegressionTest2.test106, RegressionTest2.test107, RegressionTest2.test108, RegressionTest2.test109, RegressionTest2.test110, RegressionTest2.test111, RegressionTest2.test112, RegressionTest2.test113, RegressionTest2.test114, RegressionTest2.test115, RegressionTest2.test116, RegressionTest2.test117, RegressionTest2.test118, RegressionTest2.test119, RegressionTest2.test120, RegressionTest2.test121, RegressionTest2.test122, RegressionTest2.test123, RegressionTest2.test124, RegressionTest2.test125, RegressionTest2.test126, RegressionTest2.test127, RegressionTest2.test128, RegressionTest2.test129, RegressionTest2.test130, RegressionTest2.test131, RegressionTest2.test132, RegressionTest2.test133, RegressionTest2.test134, RegressionTest2.test135, RegressionTest2.test136, RegressionTest2.test137, RegressionTest2.test138, RegressionTest2.test139, RegressionTest2.test140, RegressionTest2.test141, RegressionTest2.test142, RegressionTest2.test143, RegressionTest2.test144, RegressionTest2.test145, RegressionTest2.test146, RegressionTest2.test147, RegressionTest2.test148, RegressionTest2.test149, RegressionTest2.test150, RegressionTest2.test151, RegressionTest2.test152, RegressionTest2.test153, RegressionTest2.test154, RegressionTest2.test155, RegressionTest2.test156, RegressionTest2.test157, RegressionTest2.test158, RegressionTest2.test159, RegressionTest2.test160, RegressionTest2.test161, RegressionTest2.test162, RegressionTest2.test163]

Time each test takes to run in the new order:
[126966, 140486, 84882, 219118, 826855, 5333628, 51001, 5524816, 3987141, 95238, 71835, 1743536, 653618, 2973085, 2697571, 642409, 4065178, 199035, 75738, 56882381, 757542, 217762, 443832017, 1321898, 3904882, 111974, 88755, 58468332, 180192, 187120, 1127453, 488739175, 161007, 1615136, 518144742, 2357824, 209470082, 268658, 1092080, 10978299, 5726978, 8471268, 3066854, 3155061, 3017997, 118320, 6877714, 831113669, 203810, 1968565, 1200874, 832785, 94704, 1545334, 52282, 4738310, 1282708, 112324, 295058895, 3593144, 52810, 57114, 3409394, 124166, 3100991, 77933, 71657, 69155445, 2073711, 3348021, 58980, 722327, 9936054, 1248803, 4325757, 95775, 2000825, 4123552, 113577, 115944, 137710, 1426779, 4125428, 58935, 2112686, 3659944, 68333, 58705, 4490455, 140518, 4165423, 2221271, 7791541, 3066420, 188038, 4761694, 65889, 113020, 3709716, 88436, 1984667, 253510, 408814, 2594383, 3367512, 4259882, 5411129, 1952493, 2646770, 76826, 218803, 1293972677, 105004, 7304547, 121907, 5236689, 2530518, 923213, 991338, 2950466, 188671643, 1277548, 22719434, 4754577, 165765, 495700475, 1022985, 1905115, 3972153, 2452485, 1868006, 1404369, 127903417, 2125948, 8340041, 3684262, 1096111, 1262182, 68162250, 4929679, 3255022, 3439239, 3331046773, 774195, 4476824, 122000, 5810816, 47389, 2531779, 82218, 82844, 6328972]

Dependent test list:
[Test: RegressionTest1.test005, Intended behavior: FAILURE, when executed after: [RegressionTest0.test403], The revealed different behavior: PASS, when executed after: [], Test: RegressionTest1.test123, Intended behavior: FAILURE, when executed after: [RegressionTest1.test094], The revealed different behavior: PASS, when executed after: [], Test: RegressionTest1.test094, Intended behavior: FAILURE, when executed after: [RegressionTest0.test442], The revealed different behavior: PASS, when executed after: [], Test: RegressionTest1.test088, Intended behavior: FAILURE, when executed after: [RegressionTest0.test167], The revealed different behavior: PASS, when executed after: [], Test: RegressionTest1.test098, Intended behavior: FAILURE, when executed after: [RegressionTest1.test013], The revealed different behavior: PASS, when executed after: [], Test: RegressionTest1.test345, Intended behavior: FAILURE, when executed after: [RegressionTest1.test098], The revealed different behavior: PASS, when executed after: [], Test: RegressionTest1.test013, Intended behavior: FAILURE, when executed after: [RegressionTest1.test002], The revealed different behavior: PASS, when executed after: [], Test: RegressionTest1.test002, Intended behavior: FAILURE, when executed after: [RegressionTest1.test005], The revealed different behavior: PASS, when executed after: [], Test: RegressionTest1.test421, Intended behavior: FAILURE, when executed after: [RegressionTest1.test345], The revealed different behavior: PASS, when executed after: [], Test: RegressionTest2.test101, Intended behavior: FAILURE, when executed after: [RegressionTest1.test421], The revealed different behavior: PASS, when executed after: []]
--------------------------
Total time (of all machines and iterations plus initial TestListGenerator): 44.126
New order time: 8.787
Total number of tests executed in all machines out of total in original order: 1183 / 1160