The following arguments were used to generate this output.
[-technique, parallelization, -order, original, -origOrder, /scratch/reedoei2/run-new-subjects/jackrabbit-oak-865c56c8f02fdfc7a76ac12c6ce207df42ee9d77/experiments/jackrabbit-oak-old-cd3d6e5c89597ebc4d39e7ce9344eed7215559d7/oak-solr-core/target/jackrabbit-oak-oak-solr-core-auto-order, -testInputDir, /scratch/reedoei2/run-new-subjects/jackrabbit-oak-865c56c8f02fdfc7a76ac12c6ce207df42ee9d77/experiments/jackrabbit-oak-old-cd3d6e5c89597ebc4d39e7ce9344eed7215559d7/oak-solr-core/target/sootTestOutput-auto, -filesToDelete, /scratch/reedoei2/run-new-subjects/jackrabbit-oak-865c56c8f02fdfc7a76ac12c6ce207df42ee9d77/experiments/jackrabbit-oak-old-cd3d6e5c89597ebc4d39e7ce9344eed7215559d7/oak-solr-core/target/jackrabbit-oak-oak-solr-core-env-files, -project, jackrabbit-oak-oak-solr-core, -testType, auto, -numOfMachines, 16, -outputDir, /scratch/reedoei2/run-new-subjects/jackrabbit-oak-865c56c8f02fdfc7a76ac12c6ce207df42ee9d77/experiments/parallelization-results, -timesToRun, 5, -classpath, /scratch/reedoei2/run-new-subjects/jackrabbit-oak-865c56c8f02fdfc7a76ac12c6ce207df42ee9d77/experiments/jackrabbit-oak-old-cd3d6e5c89597ebc4d39e7ce9344eed7215559d7/oak-solr-core/target/dependency/*:/scratch/reedoei2/run-new-subjects/jackrabbit-oak-865c56c8f02fdfc7a76ac12c6ce207df42ee9d77/experiments/jackrabbit-oak-old-cd3d6e5c89597ebc4d39e7ce9344eed7215559d7/oak-solr-core/target/classes:/scratch/reedoei2/run-new-subjects/jackrabbit-oak-865c56c8f02fdfc7a76ac12c6ce207df42ee9d77/experiments/jackrabbit-oak-old-cd3d6e5c89597ebc4d39e7ce9344eed7215559d7/oak-solr-core/target/randoop/bin:/scratch/reedoei2/run-new-subjects/jackrabbit-oak-865c56c8f02fdfc7a76ac12c6ce207df42ee9d77/experiments/jackrabbit-oak-old-cd3d6e5c89597ebc4d39e7ce9344eed7215559d7/oak-solr-core/target/test-classes:, -resolveDependences, /scratch/reedoei2/run-new-subjects/jackrabbit-oak-865c56c8f02fdfc7a76ac12c6ce207df42ee9d77/experiments/scripts/data/parallelization-dt-list/parallelization-jackrabbit-oak-oak-solr-core-auto-16-original.txt]

Execution time of TLG and its time to find/nullify any DTs for 1 machine (does not include the time to run the tests in the new order): 2.099
Number of tests selected out of total in original order: 73 / 1160
Number of DTs not fixed: 0
Number of DTs fixed: 0
Execution time for executing the following testing order: 1.127

Test order list:
[RegressionTest0.test006, RegressionTest0.test005, RegressionTest0.test004, RegressionTest0.test009, RegressionTest0.test010, RegressionTest0.test001, RegressionTest0.test002, RegressionTest0.test003, RegressionTest0.test007, RegressionTest0.test008, RegressionTest0.test011, RegressionTest0.test012, RegressionTest0.test013, RegressionTest0.test014, RegressionTest0.test015, RegressionTest0.test016, RegressionTest0.test017, RegressionTest0.test018, RegressionTest0.test019, RegressionTest0.test020, RegressionTest0.test021, RegressionTest0.test022, RegressionTest0.test023, RegressionTest0.test024, RegressionTest0.test025, RegressionTest0.test026, RegressionTest0.test027, RegressionTest0.test028, RegressionTest0.test029, RegressionTest0.test030, RegressionTest0.test031, RegressionTest0.test032, RegressionTest0.test033, RegressionTest0.test034, RegressionTest0.test035, RegressionTest0.test036, RegressionTest0.test037, RegressionTest0.test038, RegressionTest0.test039, RegressionTest0.test040, RegressionTest0.test041, RegressionTest0.test042, RegressionTest0.test043, RegressionTest0.test044, RegressionTest0.test045, RegressionTest0.test046, RegressionTest0.test047, RegressionTest0.test048, RegressionTest0.test049, RegressionTest0.test050, RegressionTest0.test051, RegressionTest0.test052, RegressionTest0.test053, RegressionTest0.test054, RegressionTest0.test055, RegressionTest0.test056, RegressionTest0.test057, RegressionTest0.test058, RegressionTest0.test059, RegressionTest0.test060, RegressionTest0.test061, RegressionTest0.test062, RegressionTest0.test063, RegressionTest0.test064, RegressionTest0.test065, RegressionTest0.test066, RegressionTest0.test067, RegressionTest0.test068, RegressionTest0.test069, RegressionTest0.test070, RegressionTest0.test071, RegressionTest0.test072, RegressionTest0.test073]

Time each test takes to run in the new order:
[177079, 846962, 18677930, 8796034, 1317460, 124316, 1991531, 68225, 71653, 71763, 3641775, 99446, 85321, 3499294, 75687, 3590868, 60047, 77872, 87124, 16774590, 196557875, 158154, 69515, 19634055, 66100, 68618, 21332258, 57959, 80668, 78171, 58538, 66918, 89023, 77823, 2369829, 69219, 60743, 128627, 63964, 196170, 62743, 797431, 2038500, 945486, 62230, 86771, 5359729, 71714, 64604, 3840326, 62213, 105819, 96282, 3979718, 5027409, 67856, 59731, 78162, 74718, 4745286, 127843, 382260348, 79289, 81395, 629716, 719455, 3708325, 11389922, 541482, 104370, 86126, 397689776, 87207]
--------------------------
Execution time of TLG and its time to find/nullify any DTs for 1 machine (does not include the time to run the tests in the new order): 2.034
Number of tests selected out of total in original order: 73 / 1160
Number of DTs not fixed: 0
Number of DTs fixed: 0
Execution time for executing the following testing order: 0.973

Test order list:
[RegressionTest0.test074, RegressionTest0.test075, RegressionTest0.test076, RegressionTest0.test077, RegressionTest0.test078, RegressionTest0.test079, RegressionTest0.test080, RegressionTest0.test081, RegressionTest0.test082, RegressionTest0.test083, RegressionTest0.test084, RegressionTest0.test085, RegressionTest0.test086, RegressionTest0.test087, RegressionTest0.test088, RegressionTest0.test089, RegressionTest0.test090, RegressionTest0.test091, RegressionTest0.test092, RegressionTest0.test093, RegressionTest0.test094, RegressionTest0.test095, RegressionTest0.test096, RegressionTest0.test097, RegressionTest0.test098, RegressionTest0.test099, RegressionTest0.test100, RegressionTest0.test101, RegressionTest0.test102, RegressionTest0.test103, RegressionTest0.test104, RegressionTest0.test105, RegressionTest0.test106, RegressionTest0.test107, RegressionTest0.test108, RegressionTest0.test109, RegressionTest0.test110, RegressionTest0.test111, RegressionTest0.test112, RegressionTest0.test113, RegressionTest0.test114, RegressionTest0.test115, RegressionTest0.test116, RegressionTest0.test117, RegressionTest0.test118, RegressionTest0.test119, RegressionTest0.test120, RegressionTest0.test121, RegressionTest0.test122, RegressionTest0.test123, RegressionTest0.test124, RegressionTest0.test125, RegressionTest0.test126, RegressionTest0.test127, RegressionTest0.test128, RegressionTest0.test129, RegressionTest0.test130, RegressionTest0.test131, RegressionTest0.test132, RegressionTest0.test133, RegressionTest0.test134, RegressionTest0.test135, RegressionTest0.test136, RegressionTest0.test137, RegressionTest0.test138, RegressionTest0.test139, RegressionTest0.test140, RegressionTest0.test141, RegressionTest0.test142, RegressionTest0.test143, RegressionTest0.test144, RegressionTest0.test145, RegressionTest0.test146]

Time each test takes to run in the new order:
[3736383, 10648241, 52738, 3401464, 2363304, 833941, 908961, 2478782, 1242599, 4201907, 97844, 946450, 3594260, 733090, 70258, 3153366, 128873, 68223, 763264702, 2926835, 6198872, 16776154, 3190142, 4484625, 2599983, 3468171, 1945682, 800333, 3582570, 2754751, 3297548, 554142, 5650925, 1966520, 3145226, 3420759, 4123660, 3047519, 2958716, 2027999, 61956, 5163295, 3451781, 1627577, 1570802, 3444084, 94882, 3402374, 5413701, 126798, 69456, 3368175, 7675131, 1134000, 61206, 1464770, 63042, 699355, 4664487, 58713, 18378765, 3020976, 4257505, 3480146, 57192, 3307018, 96696, 2492796, 3273054, 3412172, 3552077, 3410906, 107916]
--------------------------
Execution time of TLG and its time to find/nullify any DTs for 1 machine (does not include the time to run the tests in the new order): 2.036
Number of tests selected out of total in original order: 73 / 1160
Number of DTs not fixed: 0
Number of DTs fixed: 0
Execution time for executing the following testing order: 1.100

Test order list:
[RegressionTest0.test147, RegressionTest0.test148, RegressionTest0.test149, RegressionTest0.test150, RegressionTest0.test151, RegressionTest0.test152, RegressionTest0.test153, RegressionTest0.test154, RegressionTest0.test155, RegressionTest0.test156, RegressionTest0.test157, RegressionTest0.test158, RegressionTest0.test159, RegressionTest0.test160, RegressionTest0.test161, RegressionTest0.test162, RegressionTest0.test163, RegressionTest0.test164, RegressionTest0.test165, RegressionTest0.test167, RegressionTest0.test168, RegressionTest0.test169, RegressionTest0.test170, RegressionTest0.test171, RegressionTest0.test172, RegressionTest0.test173, RegressionTest0.test174, RegressionTest0.test175, RegressionTest0.test176, RegressionTest0.test177, RegressionTest0.test178, RegressionTest0.test179, RegressionTest0.test180, RegressionTest0.test181, RegressionTest0.test182, RegressionTest0.test183, RegressionTest0.test184, RegressionTest0.test185, RegressionTest0.test186, RegressionTest0.test187, RegressionTest0.test188, RegressionTest0.test189, RegressionTest0.test190, RegressionTest0.test191, RegressionTest0.test192, RegressionTest0.test193, RegressionTest0.test194, RegressionTest0.test195, RegressionTest0.test196, RegressionTest0.test197, RegressionTest0.test198, RegressionTest0.test199, RegressionTest0.test200, RegressionTest0.test201, RegressionTest0.test202, RegressionTest0.test203, RegressionTest0.test204, RegressionTest0.test205, RegressionTest0.test206, RegressionTest0.test207, RegressionTest0.test208, RegressionTest0.test209, RegressionTest0.test210, RegressionTest0.test211, RegressionTest0.test212, RegressionTest0.test213, RegressionTest0.test214, RegressionTest0.test215, RegressionTest0.test216, RegressionTest0.test217, RegressionTest0.test218, RegressionTest0.test219, RegressionTest0.test220]

Time each test takes to run in the new order:
[1650772, 6426030, 2204478, 3884706, 861832, 122092, 3898199, 992038, 2342197, 871462, 132005, 2686192, 1622913, 1313194, 106645, 3534153, 58437755, 574943, 4251337, 2446979, 107660, 3873874, 122259, 786646, 4912710, 121973, 2135548, 1454868, 2348628, 837716683, 76811, 2625341, 3509080, 5866912, 1767678, 1751471, 2725730, 3136171, 2782067, 103416, 76232, 22246644, 4235985, 3671552, 5194374, 1614980, 2696051, 1904103, 3442878, 64588, 2927515, 2777113, 6592404, 2867665, 2806672, 734432, 4816586, 69734, 5096164, 2692802, 3519769, 1609559, 106828, 2993652, 2943859, 823166, 14866940, 81334, 4154301, 712578, 7931622, 5719068, 2117012]
--------------------------
Execution time of TLG and its time to find/nullify any DTs for 1 machine (does not include the time to run the tests in the new order): 1.708
Number of tests selected out of total in original order: 73 / 1160
Number of DTs not fixed: 0
Number of DTs fixed: 0
Execution time for executing the following testing order: 1.011

Test order list:
[RegressionTest0.test221, RegressionTest0.test223, RegressionTest0.test224, RegressionTest0.test225, RegressionTest0.test226, RegressionTest0.test227, RegressionTest0.test228, RegressionTest0.test229, RegressionTest0.test230, RegressionTest0.test231, RegressionTest0.test232, RegressionTest0.test233, RegressionTest0.test234, RegressionTest0.test235, RegressionTest0.test236, RegressionTest0.test237, RegressionTest0.test238, RegressionTest0.test239, RegressionTest0.test240, RegressionTest0.test241, RegressionTest0.test242, RegressionTest0.test243, RegressionTest0.test244, RegressionTest0.test245, RegressionTest0.test246, RegressionTest0.test247, RegressionTest0.test248, RegressionTest0.test249, RegressionTest0.test250, RegressionTest0.test251, RegressionTest0.test252, RegressionTest0.test253, RegressionTest0.test254, RegressionTest0.test255, RegressionTest0.test256, RegressionTest0.test257, RegressionTest0.test258, RegressionTest0.test259, RegressionTest0.test260, RegressionTest0.test261, RegressionTest0.test262, RegressionTest0.test263, RegressionTest0.test264, RegressionTest0.test265, RegressionTest0.test266, RegressionTest0.test267, RegressionTest0.test268, RegressionTest0.test269, RegressionTest0.test270, RegressionTest0.test271, RegressionTest0.test272, RegressionTest0.test273, RegressionTest0.test274, RegressionTest0.test275, RegressionTest0.test276, RegressionTest0.test277, RegressionTest0.test278, RegressionTest0.test279, RegressionTest0.test280, RegressionTest0.test281, RegressionTest0.test282, RegressionTest0.test283, RegressionTest0.test284, RegressionTest0.test285, RegressionTest0.test286, RegressionTest0.test287, RegressionTest0.test288, RegressionTest0.test289, RegressionTest0.test290, RegressionTest0.test291, RegressionTest0.test292, RegressionTest0.test293, RegressionTest0.test294]

Time each test takes to run in the new order:
[3591801, 2228188, 109784, 2319392, 4744855, 4174231, 2201935, 95890, 3256154, 1797042, 3437148, 2986400, 105156, 1159345, 506062, 2777940, 3217614, 134655, 130098, 84727, 1474184, 3543693, 601996, 4534010, 3384146, 2970463, 879391, 2546614, 365828926, 2028788, 99553, 3081847, 4783751, 63562, 3197263, 1499684, 8546558, 1859715, 1182843, 10625827, 284665, 79951, 7243667, 69607, 10883287, 248702, 73628, 2773519, 3357296, 1003758, 3277216, 5145093, 144088, 1831478, 117492, 3007108, 116483753, 97421, 3598511, 87422, 1875944, 71035, 5674851, 159548, 357424051, 1770654, 2422198, 3581960, 4739859, 3119012, 3627008, 1904999, 3009450]
--------------------------
Execution time of TLG and its time to find/nullify any DTs for 1 machine (does not include the time to run the tests in the new order): 2.134
Number of tests selected out of total in original order: 73 / 1160
Number of DTs not fixed: 0
Number of DTs fixed: 0
Execution time for executing the following testing order: 1.237

Test order list:
[RegressionTest0.test295, RegressionTest0.test296, RegressionTest0.test297, RegressionTest0.test298, RegressionTest0.test299, RegressionTest0.test300, RegressionTest0.test301, RegressionTest0.test302, RegressionTest0.test303, RegressionTest0.test304, RegressionTest0.test305, RegressionTest0.test306, RegressionTest0.test307, RegressionTest0.test308, RegressionTest0.test309, RegressionTest0.test310, RegressionTest0.test311, RegressionTest0.test312, RegressionTest0.test313, RegressionTest0.test314, RegressionTest0.test315, RegressionTest0.test316, RegressionTest0.test317, RegressionTest0.test318, RegressionTest0.test319, RegressionTest0.test320, RegressionTest0.test321, RegressionTest0.test322, RegressionTest0.test323, RegressionTest0.test324, RegressionTest0.test325, RegressionTest0.test326, RegressionTest0.test327, RegressionTest0.test328, RegressionTest0.test329, RegressionTest0.test330, RegressionTest0.test331, RegressionTest0.test332, RegressionTest0.test333, RegressionTest0.test334, RegressionTest0.test335, RegressionTest0.test336, RegressionTest0.test337, RegressionTest0.test338, RegressionTest0.test339, RegressionTest0.test340, RegressionTest0.test341, RegressionTest0.test342, RegressionTest0.test343, RegressionTest0.test344, RegressionTest0.test345, RegressionTest0.test346, RegressionTest0.test347, RegressionTest0.test348, RegressionTest0.test349, RegressionTest0.test350, RegressionTest0.test351, RegressionTest0.test352, RegressionTest0.test353, RegressionTest0.test354, RegressionTest0.test355, RegressionTest0.test356, RegressionTest0.test357, RegressionTest0.test358, RegressionTest0.test359, RegressionTest0.test360, RegressionTest0.test361, RegressionTest0.test362, RegressionTest0.test363, RegressionTest0.test364, RegressionTest0.test365, RegressionTest0.test366, RegressionTest0.test367]

Time each test takes to run in the new order:
[5073895, 4321633, 4717355, 195094699, 836896, 1070078, 986082, 3274415, 906395, 70376, 16466930, 682254, 3341636, 4763759, 3516466, 2131861, 3426431, 13707884, 3978105, 4399254, 2404793, 13674411, 2667008, 727332626, 2689632, 6279102, 4980078, 1701940, 3388141, 952366, 3119342, 3304325, 7123500, 4236479, 13138463, 3332361, 23493362, 5950980, 17290087, 3212583, 5146711, 5602197, 15192172, 65419, 16621116, 2860264, 3449555, 1121815, 128526, 1777446, 3222902, 4798695, 4402676, 3880035, 1109837, 4661326, 3925613, 1274518, 160411, 4258645, 114864, 71645, 2519600, 3463006, 3367619, 4237002, 2209442, 3358370, 1350877, 1792051, 4117322, 81981, 3281703]
--------------------------
Execution time of TLG and its time to find/nullify any DTs for 1 machine (does not include the time to run the tests in the new order): 4.816
Number of tests selected out of total in original order: 73 / 1160
Number of DTs not fixed: 0
Number of DTs fixed: 0
Execution time for executing the following testing order: 3.860

Test order list:
[RegressionTest0.test368, RegressionTest0.test369, RegressionTest0.test370, RegressionTest0.test371, RegressionTest0.test372, RegressionTest0.test373, RegressionTest0.test374, RegressionTest0.test375, RegressionTest0.test376, RegressionTest0.test377, RegressionTest0.test378, RegressionTest0.test379, RegressionTest0.test380, RegressionTest0.test381, RegressionTest0.test382, RegressionTest0.test383, RegressionTest0.test384, RegressionTest0.test385, RegressionTest0.test386, RegressionTest0.test387, RegressionTest0.test388, RegressionTest0.test389, RegressionTest0.test390, RegressionTest0.test391, RegressionTest0.test392, RegressionTest0.test393, RegressionTest0.test394, RegressionTest0.test395, RegressionTest0.test396, RegressionTest0.test397, RegressionTest0.test398, RegressionTest0.test399, RegressionTest0.test400, RegressionTest0.test401, RegressionTest0.test402, RegressionTest0.test403, RegressionTest0.test404, RegressionTest0.test405, RegressionTest0.test406, RegressionTest0.test407, RegressionTest0.test408, RegressionTest0.test409, RegressionTest0.test410, RegressionTest0.test411, RegressionTest0.test412, RegressionTest0.test413, RegressionTest0.test414, RegressionTest0.test415, RegressionTest0.test416, RegressionTest0.test417, RegressionTest0.test418, RegressionTest0.test419, RegressionTest0.test420, RegressionTest0.test421, RegressionTest0.test422, RegressionTest0.test423, RegressionTest0.test424, RegressionTest0.test425, RegressionTest0.test426, RegressionTest0.test427, RegressionTest0.test428, RegressionTest0.test429, RegressionTest0.test430, RegressionTest0.test431, RegressionTest0.test432, RegressionTest0.test433, RegressionTest0.test434, RegressionTest0.test435, RegressionTest0.test436, RegressionTest0.test437, RegressionTest0.test438, RegressionTest0.test439, RegressionTest0.test440]

Time each test takes to run in the new order:
[2867258, 6580369, 108558, 2715937, 916459, 204042254, 3814028, 3091919, 3130316, 4184997, 2975321, 2634879166, 3948864, 1965986, 3315387, 2868860, 1433281, 1575690, 1593303, 755119540, 1879201, 2293912, 2131539, 3983666, 1428562, 114746, 3606474, 1251958, 7377651, 690132, 10918612, 2719473, 131855, 3715956, 3304216, 3352322, 4969777, 4719940, 79188, 2913833, 3982953, 6070737, 155409, 36067835, 15105909, 4182054, 102615, 3813337, 777570, 13763475, 875421, 1318880, 747207, 3685816, 4371204, 2816739, 3640891, 2435048, 5041146, 2478764, 2571613, 1387238, 8006404, 67992, 2060525, 746084, 2325891, 3708485, 3847277, 1732835, 12710402, 4733060, 2129718]
--------------------------
Execution time of TLG and its time to find/nullify any DTs for 1 machine (does not include the time to run the tests in the new order): 95.432
Number of tests selected out of total in original order: 74 / 1160
Number of DTs not fixed: 0
Number of DTs fixed: 1

Average time to find one dependency: 85.175259011
Execution time for executing the following testing order: 4.179

Test order list:
[RegressionTest0.test441, RegressionTest0.test442, RegressionTest0.test443, RegressionTest0.test444, RegressionTest0.test445, RegressionTest0.test446, RegressionTest0.test447, RegressionTest0.test448, RegressionTest0.test449, RegressionTest0.test450, RegressionTest0.test451, RegressionTest0.test452, RegressionTest0.test453, RegressionTest0.test454, RegressionTest0.test455, RegressionTest0.test456, RegressionTest0.test457, RegressionTest0.test458, RegressionTest0.test459, RegressionTest0.test460, RegressionTest0.test461, RegressionTest0.test462, RegressionTest0.test463, RegressionTest0.test464, RegressionTest0.test465, RegressionTest0.test466, RegressionTest0.test467, RegressionTest0.test468, RegressionTest0.test469, RegressionTest0.test470, RegressionTest0.test471, RegressionTest0.test472, RegressionTest0.test473, RegressionTest0.test474, RegressionTest0.test475, RegressionTest0.test476, RegressionTest0.test477, RegressionTest0.test478, RegressionTest0.test479, RegressionTest0.test480, RegressionTest0.test481, RegressionTest0.test482, RegressionTest0.test483, RegressionTest0.test484, RegressionTest0.test485, RegressionTest0.test486, RegressionTest0.test487, RegressionTest0.test488, RegressionTest0.test489, RegressionTest0.test490, RegressionTest0.test491, RegressionTest0.test492, RegressionTest0.test493, RegressionTest0.test494, RegressionTest0.test495, RegressionTest0.test496, RegressionTest0.test497, RegressionTest0.test498, RegressionTest0.test499, RegressionTest0.test500, RegressionTest1.test006, RegressionTest0.test403, RegressionTest1.test005, RegressionTest1.test004, RegressionTest1.test009, RegressionTest1.test010, RegressionTest1.test001, RegressionTest1.test002, RegressionTest1.test003, RegressionTest1.test007, RegressionTest1.test008, RegressionTest1.test011, RegressionTest1.test012, RegressionTest1.test013]

Time each test takes to run in the new order:
[155175, 805506, 20252471, 3413751, 1324460, 3811803, 15801022, 2061524, 97732, 4534939, 16747312, 3704217, 4748723, 4369317, 2282180, 3835415, 3863522, 80454, 20175041, 4292285, 691904, 133163, 3910726, 15258620, 96967, 4015279, 4369643, 15388213, 2144492, 108174, 2485307403, 4035129, 189451631, 6240273, 2396482, 3902417, 3823206, 3770744, 1854428, 885186, 203473244, 5493589, 3225266, 2939547, 17552646, 95693, 3829036, 3679477, 954360, 643649, 4882980, 8309083, 1353593, 180757, 99919, 1054677, 14823905, 5048378, 1728360, 14992852, 3040918, 95256, 228933, 3374126, 7580397, 13776143, 3084259, 75382, 968776426, 1994554, 170030, 1840924, 1914964, 14137161]

Dependent test list:
[Test: RegressionTest1.test005, Intended behavior: FAILURE, when executed after: [RegressionTest0.test403], The revealed different behavior: PASS, when executed after: []]
--------------------------
Execution time of TLG and its time to find/nullify any DTs for 1 machine (does not include the time to run the tests in the new order): 2.376
Number of tests selected out of total in original order: 73 / 1160
Number of DTs not fixed: 0
Number of DTs fixed: 0
Execution time for executing the following testing order: 1.295

Test order list:
[RegressionTest1.test014, RegressionTest1.test015, RegressionTest1.test016, RegressionTest1.test017, RegressionTest1.test018, RegressionTest1.test019, RegressionTest1.test020, RegressionTest1.test021, RegressionTest1.test022, RegressionTest1.test023, RegressionTest1.test024, RegressionTest1.test025, RegressionTest1.test026, RegressionTest1.test027, RegressionTest1.test028, RegressionTest1.test029, RegressionTest1.test030, RegressionTest1.test031, RegressionTest1.test032, RegressionTest1.test033, RegressionTest1.test034, RegressionTest1.test035, RegressionTest1.test036, RegressionTest1.test037, RegressionTest1.test038, RegressionTest1.test039, RegressionTest1.test040, RegressionTest1.test041, RegressionTest1.test042, RegressionTest1.test043, RegressionTest1.test044, RegressionTest1.test045, RegressionTest1.test046, RegressionTest1.test047, RegressionTest1.test048, RegressionTest1.test049, RegressionTest1.test050, RegressionTest1.test051, RegressionTest1.test052, RegressionTest1.test053, RegressionTest1.test054, RegressionTest1.test055, RegressionTest1.test056, RegressionTest1.test057, RegressionTest1.test058, RegressionTest1.test059, RegressionTest1.test060, RegressionTest1.test061, RegressionTest1.test062, RegressionTest1.test063, RegressionTest1.test064, RegressionTest1.test065, RegressionTest1.test066, RegressionTest1.test067, RegressionTest1.test068, RegressionTest1.test069, RegressionTest1.test070, RegressionTest1.test071, RegressionTest1.test072, RegressionTest1.test073, RegressionTest1.test074, RegressionTest1.test075, RegressionTest1.test076, RegressionTest1.test077, RegressionTest1.test078, RegressionTest1.test079, RegressionTest1.test081, RegressionTest1.test082, RegressionTest1.test083, RegressionTest1.test084, RegressionTest1.test085, RegressionTest1.test086, RegressionTest1.test087]

Time each test takes to run in the new order:
[65101, 5766453, 135939, 2997706, 748156, 16300554, 3638673, 2666361, 3971654, 2188612, 86225, 868295, 3297642, 8335418, 933901, 3864524, 1521446, 160066, 2809771, 3071799, 4300467, 1721999, 90479, 3103261, 2109870, 2332332, 112965, 3220745, 24559755, 4799900, 7374348, 3223068, 15828434, 264788, 95906, 988459, 3279257, 1442738, 19407150, 3133643, 2309242, 242893, 3056584, 1976920, 3829474, 25119384, 4075760, 789684001, 2538205, 909688, 11448489, 92312, 16828327, 176249862, 919937, 17041620, 1678455, 15655680, 3195491, 925591, 2220524, 4966732, 106849, 3930756, 2757707, 16788976, 3740409, 5082047, 71131, 5182316, 3058898, 2990364, 1026102]

Dependent test list:
[Test: RegressionTest1.test005, Intended behavior: FAILURE, when executed after: [RegressionTest0.test403], The revealed different behavior: PASS, when executed after: []]
--------------------------
Execution time of TLG and its time to find/nullify any DTs for 1 machine (does not include the time to run the tests in the new order): 318.709
Number of tests selected out of total in original order: 76 / 1160
Number of DTs not fixed: 0
Number of DTs fixed: 4

Average time to find one dependency: 72.88699531675
Execution time for executing the following testing order: 5.861

Test order list:
[RegressionTest0.test167, RegressionTest1.test088, RegressionTest1.test089, RegressionTest1.test090, RegressionTest1.test091, RegressionTest1.test092, RegressionTest1.test093, RegressionTest0.test442, RegressionTest1.test094, RegressionTest1.test095, RegressionTest1.test096, RegressionTest1.test097, RegressionTest0.test403, RegressionTest1.test005, RegressionTest1.test098, RegressionTest1.test099, RegressionTest1.test100, RegressionTest1.test101, RegressionTest1.test102, RegressionTest1.test103, RegressionTest1.test104, RegressionTest1.test105, RegressionTest1.test106, RegressionTest1.test107, RegressionTest1.test108, RegressionTest1.test109, RegressionTest1.test110, RegressionTest1.test111, RegressionTest1.test112, RegressionTest1.test113, RegressionTest1.test114, RegressionTest1.test115, RegressionTest1.test116, RegressionTest1.test117, RegressionTest1.test118, RegressionTest1.test119, RegressionTest1.test120, RegressionTest1.test121, RegressionTest1.test122, RegressionTest1.test123, RegressionTest1.test124, RegressionTest1.test125, RegressionTest1.test126, RegressionTest1.test127, RegressionTest1.test128, RegressionTest1.test129, RegressionTest1.test130, RegressionTest1.test131, RegressionTest1.test132, RegressionTest1.test133, RegressionTest1.test134, RegressionTest1.test135, RegressionTest1.test136, RegressionTest1.test137, RegressionTest1.test138, RegressionTest1.test139, RegressionTest1.test140, RegressionTest1.test141, RegressionTest1.test142, RegressionTest1.test143, RegressionTest1.test144, RegressionTest1.test145, RegressionTest1.test146, RegressionTest1.test147, RegressionTest1.test148, RegressionTest1.test149, RegressionTest1.test150, RegressionTest1.test151, RegressionTest1.test152, RegressionTest1.test153, RegressionTest1.test154, RegressionTest1.test155, RegressionTest1.test156, RegressionTest1.test157, RegressionTest1.test158, RegressionTest1.test159]

Time each test takes to run in the new order:
[3234002, 1392326442, 4041548, 128039, 779263, 586939, 113810, 26602376, 2192260, 2528697, 2998599, 3630047, 2997691, 4438981, 4218069, 141008, 2992778, 100078, 2143202, 285609, 2713186, 3546755, 2730280, 111918, 2981138, 20847779, 4560666, 138327, 136474, 123650, 636468, 3661737, 254052865, 923832, 3147958, 9060085, 215339289, 70420, 2935050, 5509893, 12148498, 103623, 354178, 7237677, 1879398, 3373619615, 2985296, 70182, 156865, 6033299, 2937416, 79009, 3081345, 3943357, 5617499, 176611, 2901842, 3398550, 1475626, 110646, 331522047, 4480388, 2914093, 3531441, 2086815, 4255112, 1827359, 8155196, 4008261, 36630055, 3889631, 27579303, 2918369, 1177574, 4700047, 3021003]

Dependent test list:
[Test: RegressionTest1.test005, Intended behavior: FAILURE, when executed after: [RegressionTest0.test403], The revealed different behavior: PASS, when executed after: [], Test: RegressionTest1.test123, Intended behavior: FAILURE, when executed after: [RegressionTest1.test094], The revealed different behavior: PASS, when executed after: [], Test: RegressionTest1.test094, Intended behavior: FAILURE, when executed after: [RegressionTest0.test442], The revealed different behavior: PASS, when executed after: [], Test: RegressionTest1.test088, Intended behavior: FAILURE, when executed after: [RegressionTest0.test167], The revealed different behavior: PASS, when executed after: [], Test: RegressionTest1.test098, Intended behavior: FAILURE, when executed after: [RegressionTest1.test005], The revealed different behavior: PASS, when executed after: []]
--------------------------
Execution time of TLG and its time to find/nullify any DTs for 1 machine (does not include the time to run the tests in the new order): 233.078
Number of tests selected out of total in original order: 78 / 1160
Number of DTs not fixed: 0
Number of DTs fixed: 2

Average time to find one dependency: 104.2892834875
Execution time for executing the following testing order: 11.977

Test order list:
[RegressionTest1.test160, RegressionTest1.test161, RegressionTest1.test162, RegressionTest1.test163, RegressionTest1.test164, RegressionTest0.test442, RegressionTest1.test094, RegressionTest1.test123, RegressionTest1.test165, RegressionTest1.test166, RegressionTest1.test167, RegressionTest1.test168, RegressionTest1.test169, RegressionTest1.test170, RegressionTest1.test171, RegressionTest1.test172, RegressionTest1.test173, RegressionTest1.test174, RegressionTest1.test175, RegressionTest1.test176, RegressionTest1.test177, RegressionTest1.test178, RegressionTest1.test179, RegressionTest1.test180, RegressionTest1.test181, RegressionTest1.test182, RegressionTest1.test183, RegressionTest0.test403, RegressionTest1.test005, RegressionTest1.test098, RegressionTest1.test184, RegressionTest1.test185, RegressionTest1.test186, RegressionTest1.test187, RegressionTest1.test188, RegressionTest1.test189, RegressionTest1.test190, RegressionTest1.test191, RegressionTest1.test192, RegressionTest1.test193, RegressionTest1.test194, RegressionTest1.test195, RegressionTest1.test196, RegressionTest1.test197, RegressionTest1.test198, RegressionTest1.test199, RegressionTest1.test200, RegressionTest1.test201, RegressionTest1.test202, RegressionTest1.test203, RegressionTest1.test204, RegressionTest1.test205, RegressionTest1.test206, RegressionTest1.test207, RegressionTest1.test208, RegressionTest1.test209, RegressionTest1.test210, RegressionTest1.test211, RegressionTest1.test212, RegressionTest1.test213, RegressionTest1.test214, RegressionTest1.test215, RegressionTest1.test216, RegressionTest1.test217, RegressionTest1.test218, RegressionTest1.test219, RegressionTest1.test220, RegressionTest1.test221, RegressionTest1.test222, RegressionTest1.test223, RegressionTest1.test224, RegressionTest1.test225, RegressionTest1.test226, RegressionTest1.test227, RegressionTest1.test228, RegressionTest1.test229, RegressionTest1.test230, RegressionTest1.test231]

Time each test takes to run in the new order:
[1287445721, 4751134, 1041818, 2400661, 114760, 830071835, 3181314, 4654021, 6022673, 3512235, 5509107, 89115, 169147, 1936744, 12663021, 2338763, 2574897, 65470211, 64670, 147074, 3276268, 909626, 4907023, 1530009, 3627422, 996266, 6139947874, 2360231, 4234502, 6564233, 2117573, 5083770, 6594282, 1426489, 1802661, 1477733, 63907, 1733739, 105827181, 3639494, 93487, 680666, 311390, 3736825, 22882718, 318533, 3354622, 5565979, 2068588, 58208245, 511899292, 5085068, 88562, 5310352, 157518, 66072, 3611705, 129337, 232671905, 65325496, 56058470, 6734354, 4130151, 144385, 146095, 1688531347, 3258913, 57934208, 2473719, 341027897, 7738352, 78361298, 256928689, 8031076, 3936991, 2982503, 1099778, 3150333]

Dependent test list:
[Test: RegressionTest1.test005, Intended behavior: FAILURE, when executed after: [RegressionTest0.test403], The revealed different behavior: PASS, when executed after: [], Test: RegressionTest1.test123, Intended behavior: FAILURE, when executed after: [RegressionTest1.test094], The revealed different behavior: PASS, when executed after: [], Test: RegressionTest1.test094, Intended behavior: FAILURE, when executed after: [RegressionTest0.test442], The revealed different behavior: PASS, when executed after: [], Test: RegressionTest1.test088, Intended behavior: FAILURE, when executed after: [RegressionTest0.test167], The revealed different behavior: PASS, when executed after: [], Test: RegressionTest1.test098, Intended behavior: FAILURE, when executed after: [RegressionTest1.test005], The revealed different behavior: PASS, when executed after: [], Test: RegressionTest1.test184, Intended behavior: FAILURE, when executed after: [RegressionTest1.test098], The revealed different behavior: PASS, when executed after: [], Test: RegressionTest1.test165, Intended behavior: FAILURE, when executed after: [RegressionTest1.test123], The revealed different behavior: PASS, when executed after: []]
--------------------------
Execution time of TLG and its time to find/nullify any DTs for 1 machine (does not include the time to run the tests in the new order): 2.351
Number of tests selected out of total in original order: 72 / 1160
Number of DTs not fixed: 0
Number of DTs fixed: 0
Execution time for executing the following testing order: 1.374

Test order list:
[RegressionTest1.test232, RegressionTest1.test233, RegressionTest1.test234, RegressionTest1.test235, RegressionTest1.test236, RegressionTest1.test237, RegressionTest1.test238, RegressionTest1.test239, RegressionTest1.test240, RegressionTest1.test241, RegressionTest1.test242, RegressionTest1.test243, RegressionTest1.test244, RegressionTest1.test245, RegressionTest1.test246, RegressionTest1.test247, RegressionTest1.test248, RegressionTest1.test249, RegressionTest1.test250, RegressionTest1.test251, RegressionTest1.test252, RegressionTest1.test253, RegressionTest1.test254, RegressionTest1.test255, RegressionTest1.test256, RegressionTest1.test257, RegressionTest1.test258, RegressionTest1.test259, RegressionTest1.test260, RegressionTest1.test261, RegressionTest1.test262, RegressionTest1.test263, RegressionTest1.test264, RegressionTest1.test265, RegressionTest1.test266, RegressionTest1.test267, RegressionTest1.test268, RegressionTest1.test269, RegressionTest1.test270, RegressionTest1.test271, RegressionTest1.test272, RegressionTest1.test273, RegressionTest1.test274, RegressionTest1.test275, RegressionTest1.test276, RegressionTest1.test277, RegressionTest1.test278, RegressionTest1.test279, RegressionTest1.test280, RegressionTest1.test281, RegressionTest1.test282, RegressionTest1.test283, RegressionTest1.test284, RegressionTest1.test285, RegressionTest1.test286, RegressionTest1.test287, RegressionTest1.test288, RegressionTest1.test289, RegressionTest1.test290, RegressionTest1.test291, RegressionTest1.test292, RegressionTest1.test293, RegressionTest1.test294, RegressionTest1.test295, RegressionTest1.test296, RegressionTest1.test297, RegressionTest1.test298, RegressionTest1.test299, RegressionTest1.test300, RegressionTest1.test301, RegressionTest1.test302, RegressionTest1.test303]

Time each test takes to run in the new order:
[147382, 4071047, 7071280, 4641849, 3651703, 48808174, 169291, 128161, 4090947, 1826122, 4848407, 144168, 2729225, 84118, 97819, 698269, 3236844, 4287890, 1642713, 62705, 64171, 885506, 10532784, 131076, 918112, 85945, 5107496, 5415748, 4911147, 94287, 84971, 3915641, 1268532, 104086, 71385, 881939, 128002, 3045340, 77421, 3457171, 60778, 4073129, 207370, 1244837, 3273858, 6107781, 84079, 5849074, 2764631, 2510018, 1705724, 612634, 58689, 4738191, 1941531, 4146952, 4868921, 1534770, 3311875, 99562, 96233, 75741, 2967507, 4120258, 15608118, 113326, 122226, 2783117, 1162313257, 1592294, 1450009, 64268]

Dependent test list:
[Test: RegressionTest1.test005, Intended behavior: FAILURE, when executed after: [RegressionTest0.test403], The revealed different behavior: PASS, when executed after: [], Test: RegressionTest1.test123, Intended behavior: FAILURE, when executed after: [RegressionTest1.test094], The revealed different behavior: PASS, when executed after: [], Test: RegressionTest1.test094, Intended behavior: FAILURE, when executed after: [RegressionTest0.test442], The revealed different behavior: PASS, when executed after: [], Test: RegressionTest1.test088, Intended behavior: FAILURE, when executed after: [RegressionTest0.test167], The revealed different behavior: PASS, when executed after: [], Test: RegressionTest1.test098, Intended behavior: FAILURE, when executed after: [RegressionTest1.test005], The revealed different behavior: PASS, when executed after: [], Test: RegressionTest1.test184, Intended behavior: FAILURE, when executed after: [RegressionTest1.test098], The revealed different behavior: PASS, when executed after: [], Test: RegressionTest1.test165, Intended behavior: FAILURE, when executed after: [RegressionTest1.test123], The revealed different behavior: PASS, when executed after: []]
--------------------------
Execution time of TLG and its time to find/nullify any DTs for 1 machine (does not include the time to run the tests in the new order): 402.680
Number of tests selected out of total in original order: 82 / 1160
Number of DTs not fixed: 0
Number of DTs fixed: 3

Average time to find one dependency: 123.91517868833333
Execution time for executing the following testing order: 7.952

Test order list:
[RegressionTest1.test304, RegressionTest1.test305, RegressionTest1.test306, RegressionTest1.test307, RegressionTest1.test308, RegressionTest1.test309, RegressionTest1.test310, RegressionTest1.test311, RegressionTest1.test312, RegressionTest1.test313, RegressionTest1.test314, RegressionTest1.test315, RegressionTest1.test316, RegressionTest1.test317, RegressionTest1.test318, RegressionTest0.test442, RegressionTest1.test094, RegressionTest1.test123, RegressionTest1.test165, RegressionTest1.test319, RegressionTest1.test320, RegressionTest1.test321, RegressionTest1.test322, RegressionTest1.test323, RegressionTest1.test324, RegressionTest1.test325, RegressionTest1.test326, RegressionTest1.test327, RegressionTest1.test328, RegressionTest1.test329, RegressionTest1.test330, RegressionTest1.test331, RegressionTest1.test332, RegressionTest1.test333, RegressionTest1.test334, RegressionTest1.test335, RegressionTest1.test336, RegressionTest1.test337, RegressionTest1.test338, RegressionTest1.test339, RegressionTest1.test340, RegressionTest1.test341, RegressionTest1.test342, RegressionTest1.test343, RegressionTest1.test344, RegressionTest0.test403, RegressionTest1.test005, RegressionTest1.test002, RegressionTest1.test013, RegressionTest1.test098, RegressionTest1.test184, RegressionTest1.test345, RegressionTest1.test346, RegressionTest1.test347, RegressionTest1.test348, RegressionTest1.test349, RegressionTest1.test350, RegressionTest1.test351, RegressionTest1.test352, RegressionTest1.test353, RegressionTest1.test354, RegressionTest1.test355, RegressionTest1.test356, RegressionTest1.test357, RegressionTest1.test358, RegressionTest1.test359, RegressionTest1.test360, RegressionTest1.test361, RegressionTest1.test362, RegressionTest1.test363, RegressionTest1.test364, RegressionTest1.test365, RegressionTest1.test366, RegressionTest1.test367, RegressionTest1.test368, RegressionTest1.test369, RegressionTest1.test370, RegressionTest1.test371, RegressionTest1.test372, RegressionTest1.test373, RegressionTest1.test374, RegressionTest1.test375]

Time each test takes to run in the new order:
[1105713, 4612775, 5611849, 102658, 4549094, 879871, 221787, 198484, 172131, 67486, 1273497, 373987372, 5460484, 93433, 108054, 3891620, 1446060, 2704486, 180504, 2853907, 76940, 121131, 3182687, 2442364, 70792, 68068, 901252109, 16294574, 4023876, 734196, 3240090, 1192162, 88165, 74767, 95445, 2650999, 1768913, 15707680, 5024242, 80778, 241399, 5363874, 86367, 931194567, 1624882557, 2978058314, 908747, 27275298, 5753592, 4942329, 85774, 3359415, 4541026, 5438498, 1074171, 2298096, 3907157, 3361886, 49096117, 3502899, 817810, 16095264, 66089, 69568, 4006132, 5685249, 2595315, 14648739, 547579167, 249641369, 5994825, 8632342, 17194148, 4050773, 115434, 1585940, 2286936, 9204792, 3693145, 29078078, 3404415, 2591075]

Dependent test list:
[Test: RegressionTest1.test005, Intended behavior: FAILURE, when executed after: [RegressionTest0.test403], The revealed different behavior: PASS, when executed after: [], Test: RegressionTest1.test123, Intended behavior: FAILURE, when executed after: [RegressionTest1.test094], The revealed different behavior: PASS, when executed after: [], Test: RegressionTest1.test094, Intended behavior: FAILURE, when executed after: [RegressionTest0.test442], The revealed different behavior: PASS, when executed after: [], Test: RegressionTest1.test088, Intended behavior: FAILURE, when executed after: [RegressionTest0.test167], The revealed different behavior: PASS, when executed after: [], Test: RegressionTest1.test098, Intended behavior: FAILURE, when executed after: [RegressionTest1.test013], The revealed different behavior: PASS, when executed after: [], Test: RegressionTest1.test184, Intended behavior: FAILURE, when executed after: [RegressionTest1.test098], The revealed different behavior: PASS, when executed after: [], Test: RegressionTest1.test165, Intended behavior: FAILURE, when executed after: [RegressionTest1.test123], The revealed different behavior: PASS, when executed after: [], Test: RegressionTest1.test345, Intended behavior: FAILURE, when executed after: [RegressionTest1.test184], The revealed different behavior: PASS, when executed after: [], Test: RegressionTest1.test013, Intended behavior: FAILURE, when executed after: [RegressionTest1.test002], The revealed different behavior: PASS, when executed after: [], Test: RegressionTest1.test002, Intended behavior: FAILURE, when executed after: [RegressionTest1.test005], The revealed different behavior: PASS, when executed after: [], Test: RegressionTest1.test319, Intended behavior: FAILURE, when executed after: [RegressionTest1.test165], The revealed different behavior: PASS, when executed after: []]
--------------------------
Execution time of TLG and its time to find/nullify any DTs for 1 machine (does not include the time to run the tests in the new order): 137.315
Number of tests selected out of total in original order: 79 / 1160
Number of DTs not fixed: 0
Number of DTs fixed: 1

Average time to find one dependency: 125.893888172
Execution time for executing the following testing order: 7.776

Test order list:
[RegressionTest1.test376, RegressionTest1.test377, RegressionTest1.test378, RegressionTest1.test379, RegressionTest1.test380, RegressionTest1.test381, RegressionTest1.test382, RegressionTest1.test383, RegressionTest1.test384, RegressionTest1.test385, RegressionTest1.test386, RegressionTest1.test387, RegressionTest1.test388, RegressionTest1.test389, RegressionTest1.test390, RegressionTest1.test391, RegressionTest1.test392, RegressionTest1.test393, RegressionTest1.test394, RegressionTest1.test395, RegressionTest1.test396, RegressionTest1.test397, RegressionTest1.test398, RegressionTest1.test399, RegressionTest1.test400, RegressionTest1.test401, RegressionTest1.test402, RegressionTest1.test403, RegressionTest1.test404, RegressionTest1.test405, RegressionTest1.test406, RegressionTest1.test407, RegressionTest1.test408, RegressionTest1.test409, RegressionTest1.test410, RegressionTest1.test411, RegressionTest1.test412, RegressionTest1.test413, RegressionTest1.test414, RegressionTest1.test415, RegressionTest1.test416, RegressionTest1.test417, RegressionTest1.test418, RegressionTest1.test419, RegressionTest1.test420, RegressionTest0.test403, RegressionTest1.test005, RegressionTest1.test002, RegressionTest1.test013, RegressionTest1.test098, RegressionTest1.test184, RegressionTest1.test345, RegressionTest1.test421, RegressionTest1.test422, RegressionTest1.test423, RegressionTest1.test424, RegressionTest1.test425, RegressionTest1.test426, RegressionTest1.test427, RegressionTest1.test428, RegressionTest1.test429, RegressionTest1.test430, RegressionTest1.test431, RegressionTest1.test432, RegressionTest1.test433, RegressionTest1.test434, RegressionTest1.test435, RegressionTest1.test436, RegressionTest1.test437, RegressionTest1.test438, RegressionTest1.test439, RegressionTest1.test440, RegressionTest1.test441, RegressionTest1.test442, RegressionTest1.test443, RegressionTest1.test444, RegressionTest1.test445, RegressionTest1.test446, RegressionTest1.test447]

Time each test takes to run in the new order:
[82981, 2893077, 4688420, 578692, 10572673, 11605659, 2248924, 4383496, 107852, 7685894, 68534, 2140237667, 1660786, 124379, 4585852, 541559, 2484775, 9700096, 219136183, 5400172, 2659009, 76017, 56077, 1590972, 1443414, 2482865, 4308386, 186755280, 2237611, 3521396, 494575379, 1915799, 3420374, 4302160, 704301383, 2568278201, 18059529, 3157825, 1201705, 1507239, 2020284, 171672474, 93946, 511963, 173740, 123471, 4071732, 3529371, 3681849, 92958, 97442, 1912784, 76299, 2756015, 66356, 286273219, 268696, 845993, 2779366, 727336, 4489656, 4729422, 21758066, 93311, 2918089, 76529, 802671893, 93884, 3119565, 77014, 6374495, 1271359, 1357104, 6084168, 1028308, 86674, 830878, 802703, 1951783]

Dependent test list:
[Test: RegressionTest1.test005, Intended behavior: FAILURE, when executed after: [RegressionTest0.test403], The revealed different behavior: PASS, when executed after: [], Test: RegressionTest1.test123, Intended behavior: FAILURE, when executed after: [RegressionTest1.test094], The revealed different behavior: PASS, when executed after: [], Test: RegressionTest1.test094, Intended behavior: FAILURE, when executed after: [RegressionTest0.test442], The revealed different behavior: PASS, when executed after: [], Test: RegressionTest1.test088, Intended behavior: FAILURE, when executed after: [RegressionTest0.test167], The revealed different behavior: PASS, when executed after: [], Test: RegressionTest1.test098, Intended behavior: FAILURE, when executed after: [RegressionTest1.test013], The revealed different behavior: PASS, when executed after: [], Test: RegressionTest1.test184, Intended behavior: FAILURE, when executed after: [RegressionTest1.test098], The revealed different behavior: PASS, when executed after: [], Test: RegressionTest1.test165, Intended behavior: FAILURE, when executed after: [RegressionTest1.test123], The revealed different behavior: PASS, when executed after: [], Test: RegressionTest1.test345, Intended behavior: FAILURE, when executed after: [RegressionTest1.test184], The revealed different behavior: PASS, when executed after: [], Test: RegressionTest1.test013, Intended behavior: FAILURE, when executed after: [RegressionTest1.test002], The revealed different behavior: PASS, when executed after: [], Test: RegressionTest1.test002, Intended behavior: FAILURE, when executed after: [RegressionTest1.test005], The revealed different behavior: PASS, when executed after: [], Test: RegressionTest1.test319, Intended behavior: FAILURE, when executed after: [RegressionTest1.test165], The revealed different behavior: PASS, when executed after: [], Test: RegressionTest1.test421, Intended behavior: FAILURE, when executed after: [RegressionTest1.test345], The revealed different behavior: PASS, when executed after: []]
--------------------------
Execution time of TLG and its time to find/nullify any DTs for 1 machine (does not include the time to run the tests in the new order): 84.512
Number of tests selected out of total in original order: 77 / 1160
Number of DTs not fixed: 0
Number of DTs fixed: 1

Average time to find one dependency: 80.590492176
Execution time for executing the following testing order: 1.172

Test order list:
[RegressionTest1.test448, RegressionTest1.test449, RegressionTest1.test450, RegressionTest1.test451, RegressionTest1.test452, RegressionTest1.test453, RegressionTest1.test454, RegressionTest1.test455, RegressionTest1.test456, RegressionTest1.test457, RegressionTest1.test458, RegressionTest1.test459, RegressionTest1.test460, RegressionTest1.test461, RegressionTest1.test462, RegressionTest1.test463, RegressionTest1.test464, RegressionTest0.test442, RegressionTest1.test094, RegressionTest1.test123, RegressionTest1.test165, RegressionTest1.test319, RegressionTest1.test465, RegressionTest1.test466, RegressionTest1.test467, RegressionTest1.test468, RegressionTest1.test469, RegressionTest1.test470, RegressionTest1.test471, RegressionTest1.test472, RegressionTest1.test473, RegressionTest1.test474, RegressionTest1.test475, RegressionTest1.test476, RegressionTest1.test477, RegressionTest1.test478, RegressionTest1.test479, RegressionTest1.test480, RegressionTest1.test481, RegressionTest1.test482, RegressionTest1.test483, RegressionTest1.test484, RegressionTest1.test485, RegressionTest1.test486, RegressionTest1.test487, RegressionTest1.test488, RegressionTest1.test489, RegressionTest1.test490, RegressionTest1.test491, RegressionTest1.test492, RegressionTest1.test493, RegressionTest1.test494, RegressionTest1.test495, RegressionTest1.test496, RegressionTest1.test497, RegressionTest1.test498, RegressionTest1.test499, RegressionTest1.test500, RegressionTest2.test006, RegressionTest2.test005, RegressionTest2.test004, RegressionTest2.test009, RegressionTest2.test010, RegressionTest2.test001, RegressionTest2.test002, RegressionTest2.test003, RegressionTest2.test007, RegressionTest2.test008, RegressionTest2.test011, RegressionTest2.test012, RegressionTest2.test013, RegressionTest2.test014, RegressionTest2.test015, RegressionTest2.test016, RegressionTest2.test017, RegressionTest2.test018, RegressionTest2.test019]

Time each test takes to run in the new order:
[121185, 72646, 89049, 160106, 1629279, 2599820, 83743, 189397, 1125205, 9313241, 18593159, 2817273, 126476, 3331357, 868396809, 123415, 956904, 81952, 890572, 1075979, 34544626, 5680992, 5955044, 4930372, 6128284, 77995, 15298538, 3131058, 96141, 98962, 741413, 4026577, 149125, 972381, 6417705, 3889574, 117109, 10838923, 381818, 2291785, 1826098, 5067058, 2085156, 3622817, 3077215, 6460582, 145975, 4594022, 5437903, 1074462, 87676, 748900, 21609421, 4443670, 4679636, 70611, 4274712, 13572368, 1884368, 4099963, 3832024, 13584374, 3335970, 3245510, 88291, 163827, 3495513, 921352, 2746429, 3579677, 3067632, 108600, 2472204, 14567125, 100074, 4276769, 5528849]

Dependent test list:
[Test: RegressionTest1.test005, Intended behavior: FAILURE, when executed after: [RegressionTest0.test403], The revealed different behavior: PASS, when executed after: [], Test: RegressionTest1.test123, Intended behavior: FAILURE, when executed after: [RegressionTest1.test094], The revealed different behavior: PASS, when executed after: [], Test: RegressionTest1.test094, Intended behavior: FAILURE, when executed after: [RegressionTest0.test442], The revealed different behavior: PASS, when executed after: [], Test: RegressionTest1.test088, Intended behavior: FAILURE, when executed after: [RegressionTest0.test167], The revealed different behavior: PASS, when executed after: [], Test: RegressionTest1.test098, Intended behavior: FAILURE, when executed after: [RegressionTest1.test013], The revealed different behavior: PASS, when executed after: [], Test: RegressionTest1.test184, Intended behavior: FAILURE, when executed after: [RegressionTest1.test098], The revealed different behavior: PASS, when executed after: [], Test: RegressionTest1.test165, Intended behavior: FAILURE, when executed after: [RegressionTest1.test123], The revealed different behavior: PASS, when executed after: [], Test: RegressionTest1.test345, Intended behavior: FAILURE, when executed after: [RegressionTest1.test184], The revealed different behavior: PASS, when executed after: [], Test: RegressionTest1.test013, Intended behavior: FAILURE, when executed after: [RegressionTest1.test002], The revealed different behavior: PASS, when executed after: [], Test: RegressionTest1.test002, Intended behavior: FAILURE, when executed after: [RegressionTest1.test005], The revealed different behavior: PASS, when executed after: [], Test: RegressionTest1.test319, Intended behavior: FAILURE, when executed after: [RegressionTest1.test165], The revealed different behavior: PASS, when executed after: [], Test: RegressionTest1.test421, Intended behavior: FAILURE, when executed after: [RegressionTest1.test345], The revealed different behavior: PASS, when executed after: [], Test: RegressionTest1.test465, Intended behavior: FAILURE, when executed after: [RegressionTest1.test319], The revealed different behavior: PASS, when executed after: []]
--------------------------
Execution time of TLG and its time to find/nullify any DTs for 1 machine (does not include the time to run the tests in the new order): 5.040
Number of tests selected out of total in original order: 72 / 1160
Number of DTs not fixed: 0
Number of DTs fixed: 0
Execution time for executing the following testing order: 1.733

Test order list:
[RegressionTest2.test020, RegressionTest2.test021, RegressionTest2.test022, RegressionTest2.test023, RegressionTest2.test024, RegressionTest2.test025, RegressionTest2.test026, RegressionTest2.test027, RegressionTest2.test028, RegressionTest2.test029, RegressionTest2.test030, RegressionTest2.test031, RegressionTest2.test032, RegressionTest2.test033, RegressionTest2.test034, RegressionTest2.test035, RegressionTest2.test036, RegressionTest2.test037, RegressionTest2.test038, RegressionTest2.test039, RegressionTest2.test040, RegressionTest2.test041, RegressionTest2.test042, RegressionTest2.test043, RegressionTest2.test044, RegressionTest2.test045, RegressionTest2.test046, RegressionTest2.test047, RegressionTest2.test048, RegressionTest2.test049, RegressionTest2.test050, RegressionTest2.test051, RegressionTest2.test052, RegressionTest2.test053, RegressionTest2.test054, RegressionTest2.test055, RegressionTest2.test056, RegressionTest2.test057, RegressionTest2.test058, RegressionTest2.test059, RegressionTest2.test060, RegressionTest2.test061, RegressionTest2.test062, RegressionTest2.test063, RegressionTest2.test064, RegressionTest2.test065, RegressionTest2.test066, RegressionTest2.test067, RegressionTest2.test068, RegressionTest2.test069, RegressionTest2.test070, RegressionTest2.test071, RegressionTest2.test072, RegressionTest2.test073, RegressionTest2.test074, RegressionTest2.test075, RegressionTest2.test076, RegressionTest2.test077, RegressionTest2.test078, RegressionTest2.test079, RegressionTest2.test080, RegressionTest2.test081, RegressionTest2.test082, RegressionTest2.test083, RegressionTest2.test084, RegressionTest2.test085, RegressionTest2.test086, RegressionTest2.test087, RegressionTest2.test088, RegressionTest2.test089, RegressionTest2.test090, RegressionTest2.test091]

Time each test takes to run in the new order:
[2757167, 3169451, 617704, 1617206, 1423783, 3292732, 61534, 93124, 3744790, 137644, 4042465, 136264, 56056014, 98207, 1863115, 82748, 121738079, 6204982, 445404, 4316175, 1750927, 3013578, 87669, 1058864, 889337, 43024075, 607121, 71343, 83541, 196078, 9511905, 6756082, 1228126, 22172840, 3167757, 2974737, 130318, 91156, 5861843, 794261, 3648832, 464652034, 367621033, 5467198, 90388, 2549116, 895358, 87373, 2586291, 798122, 3277557, 7026137, 834588, 3567773, 204544, 100134, 150514, 2701040, 7629940, 201921, 944973, 4329375, 280390, 3587373, 3845363, 87089, 84536, 517764491, 160128, 8108791, 143279, 4026363]

Dependent test list:
[Test: RegressionTest1.test005, Intended behavior: FAILURE, when executed after: [RegressionTest0.test403], The revealed different behavior: PASS, when executed after: [], Test: RegressionTest1.test123, Intended behavior: FAILURE, when executed after: [RegressionTest1.test094], The revealed different behavior: PASS, when executed after: [], Test: RegressionTest1.test094, Intended behavior: FAILURE, when executed after: [RegressionTest0.test442], The revealed different behavior: PASS, when executed after: [], Test: RegressionTest1.test088, Intended behavior: FAILURE, when executed after: [RegressionTest0.test167], The revealed different behavior: PASS, when executed after: [], Test: RegressionTest1.test098, Intended behavior: FAILURE, when executed after: [RegressionTest1.test013], The revealed different behavior: PASS, when executed after: [], Test: RegressionTest1.test184, Intended behavior: FAILURE, when executed after: [RegressionTest1.test098], The revealed different behavior: PASS, when executed after: [], Test: RegressionTest1.test165, Intended behavior: FAILURE, when executed after: [RegressionTest1.test123], The revealed different behavior: PASS, when executed after: [], Test: RegressionTest1.test345, Intended behavior: FAILURE, when executed after: [RegressionTest1.test184], The revealed different behavior: PASS, when executed after: [], Test: RegressionTest1.test013, Intended behavior: FAILURE, when executed after: [RegressionTest1.test002], The revealed different behavior: PASS, when executed after: [], Test: RegressionTest1.test002, Intended behavior: FAILURE, when executed after: [RegressionTest1.test005], The revealed different behavior: PASS, when executed after: [], Test: RegressionTest1.test319, Intended behavior: FAILURE, when executed after: [RegressionTest1.test165], The revealed different behavior: PASS, when executed after: [], Test: RegressionTest1.test421, Intended behavior: FAILURE, when executed after: [RegressionTest1.test345], The revealed different behavior: PASS, when executed after: [], Test: RegressionTest1.test465, Intended behavior: FAILURE, when executed after: [RegressionTest1.test319], The revealed different behavior: PASS, when executed after: []]
--------------------------
Execution time of TLG and its time to find/nullify any DTs for 1 machine (does not include the time to run the tests in the new order): 190.156
Number of tests selected out of total in original order: 80 / 1160
Number of DTs not fixed: 0
Number of DTs fixed: 1

Average time to find one dependency: 166.659719522
Execution time for executing the following testing order: 7.397

Test order list:
[RegressionTest2.test092, RegressionTest2.test093, RegressionTest2.test094, RegressionTest2.test095, RegressionTest2.test096, RegressionTest2.test097, RegressionTest2.test098, RegressionTest2.test099, RegressionTest2.test100, RegressionTest0.test403, RegressionTest1.test005, RegressionTest1.test002, RegressionTest1.test013, RegressionTest1.test098, RegressionTest1.test184, RegressionTest1.test345, RegressionTest1.test421, RegressionTest2.test101, RegressionTest2.test102, RegressionTest2.test103, RegressionTest2.test104, RegressionTest2.test105, RegressionTest2.test106, RegressionTest2.test107, RegressionTest2.test108, RegressionTest2.test109, RegressionTest2.test110, RegressionTest2.test111, RegressionTest2.test112, RegressionTest2.test113, RegressionTest2.test114, RegressionTest2.test115, RegressionTest2.test116, RegressionTest2.test117, RegressionTest2.test118, RegressionTest2.test119, RegressionTest2.test120, RegressionTest2.test121, RegressionTest2.test122, RegressionTest2.test123, RegressionTest2.test124, RegressionTest2.test125, RegressionTest2.test126, RegressionTest2.test127, RegressionTest2.test128, RegressionTest2.test129, RegressionTest2.test130, RegressionTest2.test131, RegressionTest2.test132, RegressionTest2.test133, RegressionTest2.test134, RegressionTest2.test135, RegressionTest2.test136, RegressionTest2.test137, RegressionTest2.test138, RegressionTest2.test139, RegressionTest2.test140, RegressionTest2.test141, RegressionTest2.test142, RegressionTest2.test143, RegressionTest2.test144, RegressionTest2.test145, RegressionTest2.test146, RegressionTest2.test147, RegressionTest2.test148, RegressionTest2.test149, RegressionTest2.test150, RegressionTest2.test151, RegressionTest2.test152, RegressionTest2.test153, RegressionTest2.test154, RegressionTest2.test155, RegressionTest2.test156, RegressionTest2.test157, RegressionTest2.test158, RegressionTest2.test159, RegressionTest2.test160, RegressionTest2.test161, RegressionTest2.test162, RegressionTest2.test163]

Time each test takes to run in the new order:
[830764, 194039852, 64379, 151175, 81492, 947350, 5028610, 652790, 1537186, 121918, 4663747, 3624318, 1541903, 194054, 159328760, 71269, 212398370, 3592386, 7696954, 3984824581, 105005, 1123785, 1444835, 3948187, 93856, 846831, 3293896, 3647872, 157404728, 5343978, 109125, 1350708, 1103846, 3927277, 81705, 90706, 612079765, 78540, 17622099, 9856877, 3258764, 199467719, 3617311, 1619739, 2202670, 2412212, 2583182, 715001, 31871158, 2881576, 85113, 105080, 1100071, 3897824, 1263463, 106764, 240395856, 1354647, 2803343, 171623, 2237100, 5976593, 135731, 136986, 95273, 277121825, 5176971, 917399945, 868508, 2237546, 242874988, 131754, 2686270, 105522, 2271911, 11615137, 5230230, 2360196, 6381621, 4939104]

Dependent test list:
[Test: RegressionTest1.test005, Intended behavior: FAILURE, when executed after: [RegressionTest0.test403], The revealed different behavior: PASS, when executed after: [], Test: RegressionTest1.test123, Intended behavior: FAILURE, when executed after: [RegressionTest1.test094], The revealed different behavior: PASS, when executed after: [], Test: RegressionTest1.test094, Intended behavior: FAILURE, when executed after: [RegressionTest0.test442], The revealed different behavior: PASS, when executed after: [], Test: RegressionTest1.test088, Intended behavior: FAILURE, when executed after: [RegressionTest0.test167], The revealed different behavior: PASS, when executed after: [], Test: RegressionTest1.test098, Intended behavior: FAILURE, when executed after: [RegressionTest1.test013], The revealed different behavior: PASS, when executed after: [], Test: RegressionTest1.test184, Intended behavior: FAILURE, when executed after: [RegressionTest1.test098], The revealed different behavior: PASS, when executed after: [], Test: RegressionTest1.test165, Intended behavior: FAILURE, when executed after: [RegressionTest1.test123], The revealed different behavior: PASS, when executed after: [], Test: RegressionTest1.test345, Intended behavior: FAILURE, when executed after: [RegressionTest1.test184], The revealed different behavior: PASS, when executed after: [], Test: RegressionTest1.test013, Intended behavior: FAILURE, when executed after: [RegressionTest1.test002], The revealed different behavior: PASS, when executed after: [], Test: RegressionTest1.test002, Intended behavior: FAILURE, when executed after: [RegressionTest1.test005], The revealed different behavior: PASS, when executed after: [], Test: RegressionTest1.test319, Intended behavior: FAILURE, when executed after: [RegressionTest1.test165], The revealed different behavior: PASS, when executed after: [], Test: RegressionTest1.test421, Intended behavior: FAILURE, when executed after: [RegressionTest1.test345], The revealed different behavior: PASS, when executed after: [], Test: RegressionTest1.test465, Intended behavior: FAILURE, when executed after: [RegressionTest1.test319], The revealed different behavior: PASS, when executed after: [], Test: RegressionTest2.test101, Intended behavior: FAILURE, when executed after: [RegressionTest1.test421], The revealed different behavior: PASS, when executed after: []]
--------------------------
Total time (of all machines and iterations plus initial TestListGenerator): 60.134
New order time: 11.977
Total number of tests executed in all machines out of total in original order: 1201 / 1160