The following arguments were used to generate this output.
[-technique, parallelization, -order, time, -timeOrder, /scratch/reedoei2/elastic-job-lite/experiments/elastic-job-lite-old-c38c35ac31ce5ae935d5466d904c6670d1017743/elastic-job-common/elastic-job-common-core/target/elastic-job-lite-elastic-job-common-core-orig-time.txt, -origOrder, /scratch/reedoei2/elastic-job-lite/experiments/elastic-job-lite-old-c38c35ac31ce5ae935d5466d904c6670d1017743/elastic-job-common/elastic-job-common-core/target/elastic-job-lite-elastic-job-common-core-orig-order, -testInputDir, /scratch/reedoei2/elastic-job-lite/experiments/elastic-job-lite-old-c38c35ac31ce5ae935d5466d904c6670d1017743/elastic-job-common/elastic-job-common-core/target/sootTestOutput-orig, -filesToDelete, /scratch/reedoei2/elastic-job-lite/experiments/elastic-job-lite-old-c38c35ac31ce5ae935d5466d904c6670d1017743/elastic-job-common/elastic-job-common-core/target/elastic-job-lite-elastic-job-common-core-env-files, -numOfMachines, 8, -project, elastic-job-lite-elastic-job-common-core, -testType, orig, -timesToRun, 5, -outputDir, /scratch/reedoei2/elastic-job-lite/experiments/parallelization-results, -classpath, /scratch/reedoei2/elastic-job-lite/experiments/elastic-job-lite-old-c38c35ac31ce5ae935d5466d904c6670d1017743/elastic-job-common/elastic-job-common-core/target/dependency/*:/scratch/reedoei2/elastic-job-lite/experiments/elastic-job-lite-old-c38c35ac31ce5ae935d5466d904c6670d1017743/elastic-job-common/elastic-job-common-core/target/classes:/scratch/reedoei2/elastic-job-lite/experiments/elastic-job-lite-old-c38c35ac31ce5ae935d5466d904c6670d1017743/elastic-job-common/elastic-job-common-core/target/randoop/bin:/scratch/reedoei2/elastic-job-lite/experiments/elastic-job-lite-old-c38c35ac31ce5ae935d5466d904c6670d1017743/elastic-job-common/elastic-job-common-core/target/test-classes:, -resolveDependences, /scratch/reedoei2/elastic-job-lite/experiments/scripts/data/parallelization-dt-list/parallelization-elastic-job-lite-elastic-job-common-core-orig-8-time.txt]

Execution time of TLG and its time to find/nullify any DTs for 1 machine (does not include the time to run the tests in the new order): 118.720
Number of tests selected out of total in original order: 32 / 185
Number of DTs not fixed: 0
Number of DTs fixed: 1

Average time to find one dependency: 101.388325632
Execution time for executing the following testing order: 6.410

Test order list:
[com.dangdang.ddframe.job.statistics.rdb.StatisticRdbRepositoryTest.assertAddJobRunningStatistics, com.dangdang.ddframe.job.statistics.rdb.StatisticRdbRepositoryTest.assertFindLatestJobRunningStatisticsWhenTableIsEmpty, com.dangdang.ddframe.job.statistics.rdb.StatisticRdbRepositoryTest.assertFindLatestJobRegisterStatistics, com.dangdang.ddframe.job.util.concurrent.ExecutorServiceObjectTest.assertCreateExecutorService, com.dangdang.ddframe.job.util.config.ShardingItemParametersTest.assertNewWhenItemIsNotNumber, com.dangdang.ddframe.job.util.config.ShardingItemsTest.assertToItemListForDuplicated, com.dangdang.ddframe.job.util.env.HostExceptionTest.assertGetCause, com.dangdang.ddframe.job.util.env.TimeServiceTest.assertGetCurrentMillis, com.dangdang.ddframe.job.util.json.JobConfigurationGsonTypeAdapterTest.assertToScriptJobJson, com.dangdang.ddframe.job.util.json.GsonFactoryTest.assertRegisterTypeAdapter, com.dangdang.ddframe.job.config.JobCoreConfigurationTest.assertBuildWhenOptionalParametersIsNull, com.dangdang.ddframe.job.event.rdb.JobEventRdbStorageTest.assertAddJobStatusTraceEvent, com.dangdang.ddframe.job.event.rdb.JobEventRdbSearchTest.assertFindJobExecutionEventsWithErrorSort, com.dangdang.ddframe.job.event.rdb.JobEventRdbSearchTest.assertFindJobExecutionEventsWithErrorFields, com.dangdang.ddframe.job.event.rdb.JobEventRdbSearchTest.assertFindJobStatusTraceEventsWithSort, com.dangdang.ddframe.job.event.JobEventBusTest.assertPostWithoutListener, com.dangdang.ddframe.job.reg.zookeeper.ZookeeperRegistryCenterQueryWithoutCacheTest.assertGetRegistryCenterTime, com.dangdang.ddframe.job.reg.zookeeper.ZookeeperRegistryCenterMiscellaneousTest.assertGetRawCache, com.dangdang.ddframe.job.reg.zookeeper.ZookeeperRegistryCenterModifyTest.assertPersistSequential, com.dangdang.ddframe.job.reg.zookeeper.ZookeeperRegistryCenterModifyTest.assertPersistEphemeralSequential, com.dangdang.ddframe.job.reg.exception.RegExceptionHandlerTest.assertHandleExceptionWithOtherException, com.dangdang.ddframe.job.reg.exception.RegExceptionHandlerTest.assertHandleExceptionWithNoNodeExistsException, com.dangdang.ddframe.job.reg.exception.RegExceptionHandlerTest.assertHandleExceptionWithCausedConnectionLossException, com.dangdang.ddframe.job.executor.type.DataflowJobExecutorTest.assertExecuteWhenFetchDataIsNotEmptyAndIsNotEligibleForJobRunningForStreamingProcess, com.dangdang.ddframe.job.executor.type.SimpleJobExecutorTest.assertExecuteWhenRunOnceWithMisfireIsEmpty, com.dangdang.ddframe.job.executor.type.SimpleJobExecutorTest.assertExecuteWhenPreviousJobStillRunning, com.dangdang.ddframe.job.executor.handler.ExecutorServiceHandlerRegistryTest.assertGetExecutorServiceHandlerForConcurrent, com.dangdang.ddframe.job.executor.handler.JobPropertiesTest.assertJson, com.dangdang.ddframe.job.executor.handler.JobPropertiesTest.assertJobPropertiesEnumFromValidValue, com.dangdang.ddframe.job.executor.handler.JobPropertiesTest.assertJobPropertiesEnumFromInvalidValue, com.dangdang.ddframe.job.context.TaskContextTest.assertNewWithoutSlaveId, com.dangdang.ddframe.job.context.TaskContextTest.assertMetaInfoFromWithTaskId]

Time each test takes to run in the new order:
[2921333, 2012391, 541581692, 3096962, 26291458, 576024441, 44420439, 34824366, 32562405, 335854, 222005681, 138609, 3196972, 4531377, 236843, 550685985, 29169952, 347648864, 92932602, 934895, 115251, 1237820, 1248783, 1850247, 114413, 1032295357, 572495, 13057445, 235173, 2822247314, 1494558, 19657437]

Dependent test list:
[Test: com.dangdang.ddframe.job.reg.zookeeper.ZookeeperRegistryCenterModifyTest.assertPersistEphemeralSequential, Intended behavior: FAILURE, when executed after: [com.dangdang.ddframe.job.reg.zookeeper.ZookeeperRegistryCenterModifyTest.assertPersistSequential], The revealed different behavior: PASS, when executed after: []]
--------------------------
Execution time of TLG and its time to find/nullify any DTs for 1 machine (does not include the time to run the tests in the new order): 7.116
Number of tests selected out of total in original order: 29 / 185
Number of DTs not fixed: 0
Number of DTs fixed: 0
Execution time for executing the following testing order: 4.960

Test order list:
[com.dangdang.ddframe.job.statistics.rdb.StatisticRdbRepositoryTest.assertFindJobRunningStatisticsWhenTableIsEmpty, com.dangdang.ddframe.job.statistics.rdb.StatisticRdbRepositoryTest.assertFindJobRegisterStatisticsWithDifferentFromDate, com.dangdang.ddframe.job.util.config.ShardingItemsTest.assertToItemList, com.dangdang.ddframe.job.util.json.JobConfigurationGsonTypeAdapterTest.assertToDataflowJobJson, com.dangdang.ddframe.job.exception.JobExecutionEnvironmentExceptionTest.assertGetMessage, com.dangdang.ddframe.job.config.JobCoreConfigurationTest.assertBuildRequiredProperties, com.dangdang.ddframe.job.config.JobCoreConfigurationTest.assertBuildWhenTotalSHardingCountIsNegative, com.dangdang.ddframe.job.event.rdb.JobEventRdbStorageTest.assertUpdateJobExecutionEventWhenSuccess, com.dangdang.ddframe.job.event.rdb.JobEventRdbStorageTest.assertAddJobStatusTraceEventWhenFailoverWithTaskStagingState, com.dangdang.ddframe.job.event.rdb.JobEventRdbSearchTest.assertFindJobExecutionEventsWithSort, com.dangdang.ddframe.job.event.rdb.JobEventRdbSearchTest.assertFindJobStatusTraceEventsWithErrorSort, com.dangdang.ddframe.job.event.rdb.JobEventRdbSearchTest.assertFindJobStatusTraceEventsWithErrorFields, com.dangdang.ddframe.job.event.rdb.JobEventRdbIdentityTest.assertGetIdentity, com.dangdang.ddframe.job.event.JobEventBusTest.assertRegisterFailure, com.dangdang.ddframe.job.event.JobExecutionEventTest.assertNewJobExecutionEvent, com.dangdang.ddframe.job.reg.zookeeper.ZookeeperRegistryCenterQueryWithoutCacheTest.assertGetChildrenKeys, com.dangdang.ddframe.job.reg.zookeeper.ZookeeperRegistryCenterMiscellaneousTest.assertGetRawClient, com.dangdang.ddframe.job.reg.exception.RegExceptionHandlerTest.assertHandleExceptionWithCausedNoNodeException, com.dangdang.ddframe.job.executor.type.WrongJobExecutorTest.assertWrongJobExecutorWithMultipleItems, com.dangdang.ddframe.job.executor.type.DataflowJobExecutorTest.assertExecuteWhenFetchDataIsNotEmptyForUnStreamingProcessAndSingleShardingItem, com.dangdang.ddframe.job.executor.type.DataflowJobExecutorTest.assertExecuteWhenFetchDataIsNotEmptyForStreamingProcessAndMultipleShardingItems, com.dangdang.ddframe.job.executor.type.SimpleJobExecutorTest.assertExecuteWhenRunOnceSuccessForMultipleShardingItems, com.dangdang.ddframe.job.executor.type.SimpleJobExecutorTest.assertExecuteWhenRunOnceWithMisfire, com.dangdang.ddframe.job.executor.type.SimpleJobExecutorTest.assertExecuteWhenShardingItemsIsEmpty, com.dangdang.ddframe.job.executor.type.ScriptJobExecutorTest.assertExecuteSuccessForSingleShardingItems, com.dangdang.ddframe.job.executor.handler.JobPropertiesTest.assertPutInvalidKey, com.dangdang.ddframe.job.executor.handler.JobPropertiesTest.assertGetWhenValueIsNotEmpty, com.dangdang.ddframe.job.api.ShardingContextTest.assertNew, com.dangdang.ddframe.job.context.TaskContextTest.assertGetIdForUnassignedSlave]

Time each test takes to run in the new order:
[262889, 2241288, 1444868, 169150, 3438268, 2770917539, 36194838, 57262168, 221598, 361758, 34344849, 163161, 169502, 40154776, 10357141, 35229910, 1025233, 4080095, 9789350, 1028795498, 10170162, 9537057, 10196967, 215908, 2117080, 512647526, 348882775, 29150591, 436424]

Dependent test list:
[Test: com.dangdang.ddframe.job.reg.zookeeper.ZookeeperRegistryCenterModifyTest.assertPersistEphemeralSequential, Intended behavior: FAILURE, when executed after: [com.dangdang.ddframe.job.reg.zookeeper.ZookeeperRegistryCenterModifyTest.assertPersistSequential], The revealed different behavior: PASS, when executed after: []]
--------------------------
Execution time of TLG and its time to find/nullify any DTs for 1 machine (does not include the time to run the tests in the new order): 8.084
Number of tests selected out of total in original order: 31 / 185
Number of DTs not fixed: 0
Number of DTs fixed: 0
Execution time for executing the following testing order: 5.612

Test order list:
[com.dangdang.ddframe.job.statistics.rdb.StatisticRdbRepositoryTest.assertAddTaskRunningStatistics, com.dangdang.ddframe.job.statistics.rdb.StatisticRdbRepositoryTest.assertFindLatestTaskResultStatistics, com.dangdang.ddframe.job.util.env.IpUtilsTest.assertGetHostName, com.dangdang.ddframe.job.util.json.JobConfigurationGsonTypeAdapterTest.assertFromScriptJobJson, com.dangdang.ddframe.job.exception.ExceptionUtilTest.assertTransformWithException, com.dangdang.ddframe.job.exception.JobSystemExceptionTest.assertGetMessage, com.dangdang.ddframe.job.config.JobCoreConfigurationTest.assertBuildAllProperties, com.dangdang.ddframe.job.config.JobCoreConfigurationTest.assertBuildWhenJobNameIsNull, com.dangdang.ddframe.job.event.rdb.JobEventRdbConfigurationTest.assertCreateJobEventListenerSuccess, com.dangdang.ddframe.job.event.rdb.JobEventRdbListenerTest.assertPostJobExecutionEvent, com.dangdang.ddframe.job.event.rdb.JobEventRdbListenerTest.assertPostJobStatusTraceEvent, com.dangdang.ddframe.job.event.rdb.JobEventRdbStorageTest.assertAddJobStatusTraceEventWhenFailoverWithTaskFailedState, com.dangdang.ddframe.job.event.rdb.JobEventRdbStorageTest.assertUpdateJobExecutionEventWhenSuccessAndConflict, com.dangdang.ddframe.job.event.rdb.JobEventRdbStorageTest.assertUpdateJobExecutionEventWhenFailureAndMessageExceed, com.dangdang.ddframe.job.event.rdb.JobEventRdbSearchTest.assertFindJobStatusTraceEventsWithTime, com.dangdang.ddframe.job.event.JobEventBusTest.assertPost, com.dangdang.ddframe.job.reg.zookeeper.ZookeeperRegistryCenterQueryWithoutCacheTest.assertIsExisted, com.dangdang.ddframe.job.reg.zookeeper.ZookeeperRegistryCenterQueryWithoutCacheTest.assertGetWithoutNode, com.dangdang.ddframe.job.reg.zookeeper.ZookeeperRegistryCenterQueryWithCacheTest.assertGetWithoutValue, com.dangdang.ddframe.job.reg.exception.RegExceptionHandlerTest.assertHandleExceptionWithConnectionLossException, com.dangdang.ddframe.job.executor.type.DataflowJobExecutorTest.assertExecuteWhenFetchDataIsNotEmptyForUnStreamingProcessAndMultipleShardingItems, com.dangdang.ddframe.job.executor.type.DataflowJobExecutorTest.assertExecuteWhenFetchDataIsNotEmptyAndProcessFailureWithExceptionForStreamingProcess, com.dangdang.ddframe.job.executor.type.SimpleJobExecutorTest.assertNewExecutorWithDefaultHandlers, com.dangdang.ddframe.job.executor.type.SimpleJobExecutorTest.assertExecuteWhenRunOnceSuccessForSingleShardingItems, com.dangdang.ddframe.job.executor.type.ScriptJobExecutorTest.assertExecuteWhenExecuteFailureForMultipleShardingItems, com.dangdang.ddframe.job.executor.handler.impl.DefaultJobExceptionHandlerTest.assertHandleException, com.dangdang.ddframe.job.executor.handler.JobPropertiesTest.assertGetWhenValueIsEmpty, com.dangdang.ddframe.job.executor.JobExecutorFactoryTest.assertGetJobExecutorTwice, com.dangdang.ddframe.job.context.TaskContextTest.assertNew, com.dangdang.ddframe.job.context.TaskContextTest.assertGetExecutorId, com.dangdang.ddframe.job.context.TaskContextTest.assertSetIdle]

Time each test takes to run in the new order:
[426654285, 48809142, 352576123, 898008, 5132758, 15157629, 1028756170, 1342547, 154757, 1620721, 25509160, 2206213845, 14454116, 109579128, 28283949, 9703231, 6584776, 15676020, 36615919, 4779969, 1076257488, 299601, 194787, 920570, 31805556, 1677002, 5779160, 488946, 239884, 392688, 155217843]

Dependent test list:
[Test: com.dangdang.ddframe.job.reg.zookeeper.ZookeeperRegistryCenterModifyTest.assertPersistEphemeralSequential, Intended behavior: FAILURE, when executed after: [com.dangdang.ddframe.job.reg.zookeeper.ZookeeperRegistryCenterModifyTest.assertPersistSequential], The revealed different behavior: PASS, when executed after: []]
--------------------------
Execution time of TLG and its time to find/nullify any DTs for 1 machine (does not include the time to run the tests in the new order): 6.742
Number of tests selected out of total in original order: 31 / 185
Number of DTs not fixed: 0
Number of DTs fixed: 0
Execution time for executing the following testing order: 4.893

Test order list:
[com.dangdang.ddframe.job.statistics.rdb.StatisticRdbRepositoryTest.assertAddTaskResultStatistics, com.dangdang.ddframe.job.statistics.rdb.StatisticRdbRepositoryTest.assertAddJobRegisterStatistics, com.dangdang.ddframe.job.statistics.rdb.StatisticRdbRepositoryTest.assertFindTaskResultStatisticsWithDifferentFromDate, com.dangdang.ddframe.job.statistics.rdb.StatisticRdbRepositoryTest.assertGetSummedTaskResultStatisticsWhenTableIsEmpty, com.dangdang.ddframe.job.statistics.rdb.StatisticRdbRepositoryTest.assertFindTaskRunningStatisticsWithDifferentFromDate, com.dangdang.ddframe.job.util.config.ShardingItemParametersTest.assertGetMap, com.dangdang.ddframe.job.util.config.ShardingItemParametersTest.assertNewWhenPairFormatInvalid, com.dangdang.ddframe.job.util.json.JobConfigurationGsonTypeAdapterTest.assertToSimpleJobJson, com.dangdang.ddframe.job.util.json.JobConfigurationGsonTypeAdapterTest.assertFromDataflowJobJson, com.dangdang.ddframe.job.event.rdb.JobEventRdbConfigurationTest.assertGetDataSource, com.dangdang.ddframe.job.event.rdb.JobEventRdbStorageTest.assertUpdateJobExecutionEventWhenFailure, com.dangdang.ddframe.job.event.rdb.JobEventRdbStorageTest.assertUpdateJobExecutionEventWhenFailureAndConflict, com.dangdang.ddframe.job.event.rdb.JobEventRdbStorageTest.assertFindJobExecutionEvent, com.dangdang.ddframe.job.event.rdb.JobEventRdbSearchTest.assertFindJobExecutionEventsWithPageSizeAndNumber, com.dangdang.ddframe.job.event.rdb.JobEventRdbSearchTest.assertFindJobExecutionEventsWithErrorPageSizeAndNumber, com.dangdang.ddframe.job.event.rdb.JobEventRdbSearchTest.assertFindJobStatusTraceEventsWithErrorPageSizeAndNumber, com.dangdang.ddframe.job.event.JobExecutionEventTest.assertExecutionSuccess, com.dangdang.ddframe.job.event.JobExecutionEventTest.assertExecutionFailure, com.dangdang.ddframe.job.reg.zookeeper.ZookeeperRegistryCenterForAuthTest.assertInitWithDigestFailure, com.dangdang.ddframe.job.reg.zookeeper.ZookeeperRegistryCenterModifyTest.assertUpdate, com.dangdang.ddframe.job.executor.type.SimpleJobExecutorTest.assertExecuteWhenRunOnceAndThrowExceptionForSingleShardingItem, com.dangdang.ddframe.job.executor.type.SimpleJobExecutorTest.assertAfterJobExecutedFailure, com.dangdang.ddframe.job.executor.type.SimpleJobExecutorTest.assertExecuteWhenCheckMaxTimeDiffSecondsIntolerable, com.dangdang.ddframe.job.executor.type.ScriptJobExecutorTest.assertExecuteSuccessForMultipleShardingItems, com.dangdang.ddframe.job.executor.handler.ExecutorServiceHandlerRegistryTest.assertGetExecutorServiceHandlerForSameThread, com.dangdang.ddframe.job.executor.JobExecutorFactoryTest.assertGetJobExecutorForScriptJob, com.dangdang.ddframe.job.executor.JobExecutorFactoryTest.assertGetJobExecutorForDataflowJob, com.dangdang.ddframe.job.executor.JobExecutorFactoryTest.assertGetJobExecutorWhenJobClassWhenUnsupportedJob, com.dangdang.ddframe.job.api.ShardingContextTest.assertToString, com.dangdang.ddframe.job.context.TaskContextTest.assertGetMetaInfo, com.dangdang.ddframe.job.context.TaskContextTest.assertSetSlaveId]

Time each test takes to run in the new order:
[39080652, 312711427, 31109646, 1415247, 1476844, 2654671561, 35563903, 63222556, 52659692, 356607, 4099550, 1448838, 519776, 30546141, 18267483, 4111469, 1362035, 469416, 1084000482, 150988, 706477, 236131, 5741882, 8197563, 1315282, 505937261, 233014, 10094335, 447533, 21902621, 443971]

Dependent test list:
[Test: com.dangdang.ddframe.job.reg.zookeeper.ZookeeperRegistryCenterModifyTest.assertPersistEphemeralSequential, Intended behavior: FAILURE, when executed after: [com.dangdang.ddframe.job.reg.zookeeper.ZookeeperRegistryCenterModifyTest.assertPersistSequential], The revealed different behavior: PASS, when executed after: []]
--------------------------
Execution time of TLG and its time to find/nullify any DTs for 1 machine (does not include the time to run the tests in the new order): 8.937
Number of tests selected out of total in original order: 30 / 185
Number of DTs not fixed: 0
Number of DTs fixed: 0
Execution time for executing the following testing order: 7.164

Test order list:
[com.dangdang.ddframe.job.statistics.rdb.StatisticRdbRepositoryTest.assertFindTaskResultStatisticsWhenTableIsEmpty, com.dangdang.ddframe.job.statistics.rdb.StatisticRdbRepositoryTest.assertFindLatestTaskRunningStatisticsWhenTableIsEmpty, com.dangdang.ddframe.job.statistics.rdb.StatisticRdbRepositoryTest.assertFindLatestTaskRunningStatistics, com.dangdang.ddframe.job.statistics.rdb.StatisticRdbRepositoryTest.assertFindJobRunningStatisticsWithDifferentFromDate, com.dangdang.ddframe.job.statistics.rdb.StatisticRdbRepositoryTest.assertFindLatestJobRunningStatistics, com.dangdang.ddframe.job.statistics.rdb.StatisticRdbRepositoryTest.assertFindLatestJobRegisterStatisticsWhenTableIsEmpty, com.dangdang.ddframe.job.util.config.ShardingItemsTest.assertTtoItemListWhenNull, com.dangdang.ddframe.job.util.config.ShardingItemsTest.assertToItemListWhenEmpty, com.dangdang.ddframe.job.util.config.ShardingItemsTest.assertToItemsStringWhenEmpty, com.dangdang.ddframe.job.util.config.ShardingItemsTest.assertToItemsString, com.dangdang.ddframe.job.util.env.IpUtilsTest.assertGetIp, com.dangdang.ddframe.job.util.json.JobConfigurationGsonTypeAdapterTest.assertFromSimpleJobJson, com.dangdang.ddframe.job.exception.JobStatisticExceptionTest.assertGetCause, com.dangdang.ddframe.job.config.JobCoreConfigurationTest.assertBuildWhenCronIsNull, com.dangdang.ddframe.job.event.rdb.JobEventRdbConfigurationTest.assertCreateJobEventListenerFailure, com.dangdang.ddframe.job.event.rdb.JobEventRdbSearchTest.assertFindJobStatusTraceEventsWithFields, com.dangdang.ddframe.job.reg.zookeeper.ZookeeperRegistryCenterForAuthTest.assertInitWithDigestSuccess, com.dangdang.ddframe.job.reg.zookeeper.ZookeeperRegistryCenterMiscellaneousTest.assertGetZkConfig, com.dangdang.ddframe.job.reg.zookeeper.ZookeeperConfigurationTest.assertNewZookeeperConfigurationForServerListsAndNamespace, com.dangdang.ddframe.job.reg.zookeeper.ZookeeperRegistryCenterModifyTest.assertPersist, com.dangdang.ddframe.job.reg.zookeeper.ZookeeperRegistryCenterQueryWithCacheTest.assertGetFromCache, com.dangdang.ddframe.job.reg.exception.RegExceptionHandlerTest.assertHandleExceptionWithNoNodeException, com.dangdang.ddframe.job.executor.type.WrongJobExecutorTest.assertWrongJobExecutorWithSingleItem, com.dangdang.ddframe.job.executor.type.DataflowJobExecutorTest.assertExecuteWhenFetchDataIsNullAndEmpty, com.dangdang.ddframe.job.executor.type.SimpleJobExecutorTest.assertExecuteWhenRunOnceAndThrowExceptionForMultipleShardingItems, com.dangdang.ddframe.job.executor.type.SimpleJobExecutorTest.assertBeforeJobExecutedFailure, com.dangdang.ddframe.job.executor.type.ScriptJobExecutorTest.assertExecuteWhenCommandLineIsEmpty, com.dangdang.ddframe.job.executor.handler.JobPropertiesTest.assertPutNullValue, com.dangdang.ddframe.job.context.TaskContextTest.assertMetaInfoFromWithMetaInfo, com.dangdang.ddframe.job.context.TaskContextTest.assertGetTaskName]

Time each test takes to run in the new order:
[1360977, 1706177, 2207173, 1080771296, 5722583, 26113568, 22860806, 255786, 13369313, 70337784, 89042, 2714337871, 14953988, 82989, 3368080, 579643, 1056920876, 39328184, 7027735, 375688118, 182229, 518116767, 3689161, 25082145, 2173610, 1479975, 14979776, 19660604, 964265, 1140810714]

Dependent test list:
[Test: com.dangdang.ddframe.job.reg.zookeeper.ZookeeperRegistryCenterModifyTest.assertPersistEphemeralSequential, Intended behavior: FAILURE, when executed after: [com.dangdang.ddframe.job.reg.zookeeper.ZookeeperRegistryCenterModifyTest.assertPersistSequential], The revealed different behavior: PASS, when executed after: []]
--------------------------
Execution time of TLG and its time to find/nullify any DTs for 1 machine (does not include the time to run the tests in the new order): 131.714
Number of tests selected out of total in original order: 32 / 185
Number of DTs not fixed: 0
Number of DTs fixed: 1

Average time to find one dependency: 16.1813141778
Execution time for executing the following testing order: 6.685

Test order list:
[com.dangdang.ddframe.job.statistics.rdb.StatisticRdbRepositoryTest.assertGetSummedTaskResultStatistics, com.dangdang.ddframe.job.statistics.rdb.StatisticRdbRepositoryTest.assertFindLatestTaskResultStatisticsWhenTableIsEmpty, com.dangdang.ddframe.job.statistics.rdb.StatisticRdbRepositoryTest.assertFindTaskRunningStatisticsWhenTableIsEmpty, com.dangdang.ddframe.job.statistics.rdb.StatisticRdbRepositoryTest.assertFindJobRegisterStatisticsWhenTableIsEmpty, com.dangdang.ddframe.job.util.config.ShardingItemParametersTest.assertGetMapWhenIsEmpty, com.dangdang.ddframe.job.util.digest.EncryptionTest.assertMd5, com.dangdang.ddframe.job.util.json.GsonFactoryTest.assertGetGson, com.dangdang.ddframe.job.exception.ExceptionUtilTest.assertTransformWithError, com.dangdang.ddframe.job.exception.ExceptionUtilTest.assertTransformWithNull, com.dangdang.ddframe.job.exception.JobConfigurationExceptionTest.assertGetCause, com.dangdang.ddframe.job.exception.JobConfigurationExceptionTest.assertGetMessage, com.dangdang.ddframe.job.exception.JobSystemExceptionTest.assertGetCause, com.dangdang.ddframe.job.event.rdb.JobEventRdbStorageTest.assertAddJobExecutionEvent, com.dangdang.ddframe.job.event.rdb.JobEventRdbStorageTest.assertUpdateJobExecutionEventWhenSuccess, com.dangdang.ddframe.job.event.rdb.JobEventRdbSearchTest.assertFindJobExecutionEventsWithTime, com.dangdang.ddframe.job.event.rdb.JobEventRdbSearchTest.assertFindJobExecutionEventsWithFields, com.dangdang.ddframe.job.event.rdb.JobEventRdbSearchTest.assertFindJobStatusTraceEventsWithPageSizeAndNumber, com.dangdang.ddframe.job.reg.zookeeper.ZookeeperRegistryCenterQueryWithoutCacheTest.assertGetNumChildren, com.dangdang.ddframe.job.reg.zookeeper.ZookeeperRegistryCenterModifyTest.assertPersistSequential, com.dangdang.ddframe.job.reg.zookeeper.ZookeeperRegistryCenterModifyTest.assertRemove, com.dangdang.ddframe.job.reg.zookeeper.ZookeeperRegistryCenterModifyTest.assertPersistEphemeral, com.dangdang.ddframe.job.reg.exception.RegExceptionHandlerTest.assertHandleExceptionWithCausedNoNodeExistsException, com.dangdang.ddframe.job.executor.type.DataflowJobExecutorTest.assertExecuteWhenFetchDataIsNotEmptyForStreamingProcessAndSingleShardingItem, com.dangdang.ddframe.job.executor.type.DataflowJobExecutorTest.assertExecuteWhenFetchDataIsNotEmptyAndIsEligibleForJobRunningForStreamingProcess, com.dangdang.ddframe.job.executor.type.SimpleJobExecutorTest.assertExecuteWhenRunOnceWithMisfireIsNotEmptyButIsNotEligibleForJobRunning, com.dangdang.ddframe.job.executor.type.ScriptJobExecutorTest.assertExecuteWhenExecuteFailureForSingleShardingItems, com.dangdang.ddframe.job.executor.handler.ExecutorServiceHandlerRegistryTest.assertRemove, com.dangdang.ddframe.job.executor.handler.JobPropertiesTest.assertPutSuccess, com.dangdang.ddframe.job.executor.JobExecutorFactoryTest.assertGetJobExecutorForSimpleJob, com.dangdang.ddframe.job.context.TaskContextTest.assertTaskContextFrom, com.dangdang.ddframe.job.context.TaskContextTest.assertMetaInfoFromWithMetaInfoWithoutShardingItems, com.dangdang.ddframe.job.context.TaskContextTest.assertMetaInfoFromWithTaskIdWithoutShardingItems]

Time each test takes to run in the new order:
[346276056, 127816, 30443599, 180687, 2370986, 43810792, 15998677, 10320745, 3916699, 18597597, 1058716, 898099, 723407, 10939058, 45513179, 40630115, 2757882475, 3170475, 24533770, 6700945, 10932176, 1603108875, 547921449, 1814224, 608594051, 12255521, 956231, 10038590, 214654, 507255813, 148886, 17888374]

Dependent test list:
[Test: com.dangdang.ddframe.job.reg.zookeeper.ZookeeperRegistryCenterModifyTest.assertPersistEphemeralSequential, Intended behavior: FAILURE, when executed after: [com.dangdang.ddframe.job.reg.zookeeper.ZookeeperRegistryCenterModifyTest.assertPersistSequential], The revealed different behavior: PASS, when executed after: [], Test: com.dangdang.ddframe.job.event.rdb.JobEventRdbSearchTest.assertFindJobExecutionEventsWithTime, Intended behavior: FAILURE, when executed after: [com.dangdang.ddframe.job.event.rdb.JobEventRdbStorageTest.assertUpdateJobExecutionEventWhenSuccess], The revealed different behavior: PASS, when executed after: [], Test: com.dangdang.ddframe.job.exception.JobConfigurationExceptionTest.assertGetCause, Intended behavior: FAILURE, when executed after: [com.dangdang.ddframe.job.exception.ExceptionUtilTest.assertTransformWithNull], The revealed different behavior: PASS, when executed after: [], Test: com.dangdang.ddframe.job.exception.ExceptionUtilTest.assertTransformWithNull, Intended behavior: FAILURE, when executed after: [com.dangdang.ddframe.job.util.json.GsonFactoryTest.assertGetGson], The revealed different behavior: PASS, when executed after: [], Test: com.dangdang.ddframe.job.util.json.GsonFactoryTest.assertGetGson, Intended behavior: FAILURE, when executed after: [com.dangdang.ddframe.job.util.digest.EncryptionTest.assertMd5], The revealed different behavior: PASS, when executed after: [], Test: com.dangdang.ddframe.job.util.digest.EncryptionTest.assertMd5, Intended behavior: FAILURE, when executed after: [com.dangdang.ddframe.job.statistics.rdb.StatisticRdbRepositoryTest.assertFindJobRegisterStatisticsWhenTableIsEmpty], The revealed different behavior: PASS, when executed after: [], Test: com.dangdang.ddframe.job.event.rdb.JobEventRdbStorageTest.assertUpdateJobExecutionEventWhenSuccess, Intended behavior: FAILURE, when executed after: [com.dangdang.ddframe.job.exception.JobConfigurationExceptionTest.assertGetMessage], The revealed different behavior: PASS, when executed after: [], Test: com.dangdang.ddframe.job.exception.JobConfigurationExceptionTest.assertGetMessage, Intended behavior: FAILURE, when executed after: [com.dangdang.ddframe.job.exception.JobConfigurationExceptionTest.assertGetCause], The revealed different behavior: PASS, when executed after: []]
--------------------------
Execution time of TLG and its time to find/nullify any DTs for 1 machine (does not include the time to run the tests in the new order): 3.297
Number of tests selected out of total in original order: 1 / 185
Number of DTs not fixed: 0
Number of DTs fixed: 0
Execution time for executing the following testing order: 2.985

Test order list:
[com.dangdang.ddframe.job.reg.zookeeper.ZookeeperRegistryCenterQueryWithoutCacheTest.assertGetFromServer]

Time each test takes to run in the new order:
[2984687380]

Dependent test list:
[Test: com.dangdang.ddframe.job.reg.zookeeper.ZookeeperRegistryCenterModifyTest.assertPersistEphemeralSequential, Intended behavior: FAILURE, when executed after: [com.dangdang.ddframe.job.reg.zookeeper.ZookeeperRegistryCenterModifyTest.assertPersistSequential], The revealed different behavior: PASS, when executed after: [], Test: com.dangdang.ddframe.job.event.rdb.JobEventRdbSearchTest.assertFindJobExecutionEventsWithTime, Intended behavior: FAILURE, when executed after: [com.dangdang.ddframe.job.event.rdb.JobEventRdbStorageTest.assertUpdateJobExecutionEventWhenSuccess], The revealed different behavior: PASS, when executed after: [], Test: com.dangdang.ddframe.job.exception.JobConfigurationExceptionTest.assertGetCause, Intended behavior: FAILURE, when executed after: [com.dangdang.ddframe.job.exception.ExceptionUtilTest.assertTransformWithNull], The revealed different behavior: PASS, when executed after: [], Test: com.dangdang.ddframe.job.exception.ExceptionUtilTest.assertTransformWithNull, Intended behavior: FAILURE, when executed after: [com.dangdang.ddframe.job.util.json.GsonFactoryTest.assertGetGson], The revealed different behavior: PASS, when executed after: [], Test: com.dangdang.ddframe.job.util.json.GsonFactoryTest.assertGetGson, Intended behavior: FAILURE, when executed after: [com.dangdang.ddframe.job.util.digest.EncryptionTest.assertMd5], The revealed different behavior: PASS, when executed after: [], Test: com.dangdang.ddframe.job.util.digest.EncryptionTest.assertMd5, Intended behavior: FAILURE, when executed after: [com.dangdang.ddframe.job.statistics.rdb.StatisticRdbRepositoryTest.assertFindJobRegisterStatisticsWhenTableIsEmpty], The revealed different behavior: PASS, when executed after: [], Test: com.dangdang.ddframe.job.event.rdb.JobEventRdbStorageTest.assertUpdateJobExecutionEventWhenSuccess, Intended behavior: FAILURE, when executed after: [com.dangdang.ddframe.job.exception.JobConfigurationExceptionTest.assertGetMessage], The revealed different behavior: PASS, when executed after: [], Test: com.dangdang.ddframe.job.exception.JobConfigurationExceptionTest.assertGetMessage, Intended behavior: FAILURE, when executed after: [com.dangdang.ddframe.job.exception.JobConfigurationExceptionTest.assertGetCause], The revealed different behavior: PASS, when executed after: []]
--------------------------
Execution time of TLG and its time to find/nullify any DTs for 1 machine (does not include the time to run the tests in the new order): 10.656
Number of tests selected out of total in original order: 1 / 185
Number of DTs not fixed: 0
Number of DTs fixed: 0
Execution time for executing the following testing order: 10.244

Test order list:
[com.dangdang.ddframe.job.reg.zookeeper.ZookeeperRegistryCenterInitFailureTest.assertInitFailure]

Time each test takes to run in the new order:
[10244109645]

Dependent test list:
[Test: com.dangdang.ddframe.job.reg.zookeeper.ZookeeperRegistryCenterModifyTest.assertPersistEphemeralSequential, Intended behavior: FAILURE, when executed after: [com.dangdang.ddframe.job.reg.zookeeper.ZookeeperRegistryCenterModifyTest.assertPersistSequential], The revealed different behavior: PASS, when executed after: [], Test: com.dangdang.ddframe.job.event.rdb.JobEventRdbSearchTest.assertFindJobExecutionEventsWithTime, Intended behavior: FAILURE, when executed after: [com.dangdang.ddframe.job.event.rdb.JobEventRdbStorageTest.assertUpdateJobExecutionEventWhenSuccess], The revealed different behavior: PASS, when executed after: [], Test: com.dangdang.ddframe.job.exception.JobConfigurationExceptionTest.assertGetCause, Intended behavior: FAILURE, when executed after: [com.dangdang.ddframe.job.exception.ExceptionUtilTest.assertTransformWithNull], The revealed different behavior: PASS, when executed after: [], Test: com.dangdang.ddframe.job.exception.ExceptionUtilTest.assertTransformWithNull, Intended behavior: FAILURE, when executed after: [com.dangdang.ddframe.job.util.json.GsonFactoryTest.assertGetGson], The revealed different behavior: PASS, when executed after: [], Test: com.dangdang.ddframe.job.util.json.GsonFactoryTest.assertGetGson, Intended behavior: FAILURE, when executed after: [com.dangdang.ddframe.job.util.digest.EncryptionTest.assertMd5], The revealed different behavior: PASS, when executed after: [], Test: com.dangdang.ddframe.job.util.digest.EncryptionTest.assertMd5, Intended behavior: FAILURE, when executed after: [com.dangdang.ddframe.job.statistics.rdb.StatisticRdbRepositoryTest.assertFindJobRegisterStatisticsWhenTableIsEmpty], The revealed different behavior: PASS, when executed after: [], Test: com.dangdang.ddframe.job.event.rdb.JobEventRdbStorageTest.assertUpdateJobExecutionEventWhenSuccess, Intended behavior: FAILURE, when executed after: [com.dangdang.ddframe.job.exception.JobConfigurationExceptionTest.assertGetMessage], The revealed different behavior: PASS, when executed after: [], Test: com.dangdang.ddframe.job.exception.JobConfigurationExceptionTest.assertGetMessage, Intended behavior: FAILURE, when executed after: [com.dangdang.ddframe.job.exception.JobConfigurationExceptionTest.assertGetCause], The revealed different behavior: PASS, when executed after: []]
--------------------------
Total time (of all machines and iterations plus initial TestListGenerator): 49.047
New order time: 10.244
Total number of tests executed in all machines out of total in original order: 187 / 185