The following arguments were used to generate this output.
[-technique, parallelization, -order, time, -timeOrder, /scratch/reedoei2/elastic-job-lite/experiments/elastic-job-lite-old-c38c35ac31ce5ae935d5466d904c6670d1017743/elastic-job-common/elastic-job-common-core/target/elastic-job-lite-elastic-job-common-core-orig-time.txt, -origOrder, /scratch/reedoei2/elastic-job-lite/experiments/elastic-job-lite-old-c38c35ac31ce5ae935d5466d904c6670d1017743/elastic-job-common/elastic-job-common-core/target/elastic-job-lite-elastic-job-common-core-orig-order, -testInputDir, /scratch/reedoei2/elastic-job-lite/experiments/elastic-job-lite-old-c38c35ac31ce5ae935d5466d904c6670d1017743/elastic-job-common/elastic-job-common-core/target/sootTestOutput-orig, -filesToDelete, /scratch/reedoei2/elastic-job-lite/experiments/elastic-job-lite-old-c38c35ac31ce5ae935d5466d904c6670d1017743/elastic-job-common/elastic-job-common-core/target/elastic-job-lite-elastic-job-common-core-env-files, -numOfMachines, 16, -project, elastic-job-lite-elastic-job-common-core, -testType, orig, -timesToRun, 5, -outputDir, /scratch/reedoei2/elastic-job-lite/experiments/parallelization-results, -classpath, /scratch/reedoei2/elastic-job-lite/experiments/elastic-job-lite-old-c38c35ac31ce5ae935d5466d904c6670d1017743/elastic-job-common/elastic-job-common-core/target/dependency/*:/scratch/reedoei2/elastic-job-lite/experiments/elastic-job-lite-old-c38c35ac31ce5ae935d5466d904c6670d1017743/elastic-job-common/elastic-job-common-core/target/classes:/scratch/reedoei2/elastic-job-lite/experiments/elastic-job-lite-old-c38c35ac31ce5ae935d5466d904c6670d1017743/elastic-job-common/elastic-job-common-core/target/randoop/bin:/scratch/reedoei2/elastic-job-lite/experiments/elastic-job-lite-old-c38c35ac31ce5ae935d5466d904c6670d1017743/elastic-job-common/elastic-job-common-core/target/test-classes:, -resolveDependences, /scratch/reedoei2/elastic-job-lite/experiments/scripts/data/parallelization-dt-list/parallelization-elastic-job-lite-elastic-job-common-core-orig-16-time.txt]

Execution time of TLG and its time to find/nullify any DTs for 1 machine (does not include the time to run the tests in the new order): 3.511
Number of tests selected out of total in original order: 14 / 185
Number of DTs not fixed: 0
Number of DTs fixed: 0
Execution time for executing the following testing order: 1.243

Test order list:
[com.dangdang.ddframe.job.statistics.rdb.StatisticRdbRepositoryTest.assertGetSummedTaskResultStatistics, com.dangdang.ddframe.job.statistics.rdb.StatisticRdbRepositoryTest.assertFindTaskRunningStatisticsWhenTableIsEmpty, com.dangdang.ddframe.job.util.config.ShardingItemsTest.assertTtoItemListWhenNull, com.dangdang.ddframe.job.util.config.ShardingItemsTest.assertToItemList, com.dangdang.ddframe.job.util.digest.EncryptionTest.assertMd5, com.dangdang.ddframe.job.util.env.IpUtilsTest.assertGetIp, com.dangdang.ddframe.job.util.json.JobConfigurationGsonTypeAdapterTest.assertToSimpleJobJson, com.dangdang.ddframe.job.config.JobCoreConfigurationTest.assertBuildRequiredProperties, com.dangdang.ddframe.job.event.rdb.JobEventRdbListenerTest.assertPostJobExecutionEvent, com.dangdang.ddframe.job.event.rdb.JobEventRdbSearchTest.assertFindJobStatusTraceEventsWithErrorPageSizeAndNumber, com.dangdang.ddframe.job.reg.exception.RegExceptionHandlerTest.assertHandleExceptionWithConnectionLossException, com.dangdang.ddframe.job.executor.type.DataflowJobExecutorTest.assertExecuteWhenFetchDataIsNotEmptyForUnStreamingProcessAndSingleShardingItem, com.dangdang.ddframe.job.executor.handler.JobPropertiesTest.assertJobPropertiesEnumFromInvalidValue, com.dangdang.ddframe.job.executor.JobExecutorFactoryTest.assertGetJobExecutorForSimpleJob]

Time each test takes to run in the new order:
[504518142, 147859, 9018887, 3371123, 2138992, 417492987, 231177, 2808667, 52986372, 1833142, 3314318, 26195241, 18560765, 199939063]
--------------------------
Execution time of TLG and its time to find/nullify any DTs for 1 machine (does not include the time to run the tests in the new order): 6.197
Number of tests selected out of total in original order: 14 / 185
Number of DTs not fixed: 0
Number of DTs fixed: 0
Execution time for executing the following testing order: 4.442

Test order list:
[com.dangdang.ddframe.job.statistics.rdb.StatisticRdbRepositoryTest.assertAddTaskRunningStatistics, com.dangdang.ddframe.job.statistics.rdb.StatisticRdbRepositoryTest.assertFindLatestTaskRunningStatistics, com.dangdang.ddframe.job.statistics.rdb.StatisticRdbRepositoryTest.assertFindJobRegisterStatisticsWhenTableIsEmpty, com.dangdang.ddframe.job.util.config.ShardingItemsTest.assertToItemListWhenEmpty, com.dangdang.ddframe.job.util.env.IpUtilsTest.assertGetHostName, com.dangdang.ddframe.job.exception.JobConfigurationExceptionTest.assertGetCause, com.dangdang.ddframe.job.exception.JobExecutionEnvironmentExceptionTest.assertGetMessage, com.dangdang.ddframe.job.event.rdb.JobEventRdbStorageTest.assertAddJobStatusTraceEventWhenFailoverWithTaskStagingState, com.dangdang.ddframe.job.event.rdb.JobEventRdbSearchTest.assertFindJobExecutionEventsWithErrorFields, com.dangdang.ddframe.job.event.JobEventBusTest.assertPostWithoutListener, com.dangdang.ddframe.job.reg.zookeeper.ZookeeperRegistryCenterModifyTest.assertPersistEphemeral, com.dangdang.ddframe.job.executor.type.SimpleJobExecutorTest.assertBeforeJobExecutedFailure, com.dangdang.ddframe.job.executor.type.ScriptJobExecutorTest.assertExecuteSuccessForMultipleShardingItems, com.dangdang.ddframe.job.context.TaskContextTest.assertSetSlaveId]

Time each test takes to run in the new order:
[2152020, 334934277, 1519590, 963670, 99396672, 782464, 502376960, 3370599728, 29775467, 25595585, 18232224, 270906, 38717025, 17173641]
--------------------------
Execution time of TLG and its time to find/nullify any DTs for 1 machine (does not include the time to run the tests in the new order): 6.563
Number of tests selected out of total in original order: 14 / 185
Number of DTs not fixed: 0
Number of DTs fixed: 0
Execution time for executing the following testing order: 4.814

Test order list:
[com.dangdang.ddframe.job.statistics.rdb.StatisticRdbRepositoryTest.assertGetSummedTaskResultStatisticsWhenTableIsEmpty, com.dangdang.ddframe.job.statistics.rdb.StatisticRdbRepositoryTest.assertFindLatestJobRunningStatisticsWhenTableIsEmpty, com.dangdang.ddframe.job.exception.JobConfigurationExceptionTest.assertGetMessage, com.dangdang.ddframe.job.exception.JobSystemExceptionTest.assertGetMessage, com.dangdang.ddframe.job.event.rdb.JobEventRdbStorageTest.assertUpdateJobExecutionEventWhenFailure, com.dangdang.ddframe.job.event.rdb.JobEventRdbStorageTest.assertFindJobExecutionEvent, com.dangdang.ddframe.job.event.rdb.JobEventRdbSearchTest.assertFindJobExecutionEventsWithErrorPageSizeAndNumber, com.dangdang.ddframe.job.reg.zookeeper.ZookeeperRegistryCenterQueryWithoutCacheTest.assertGetChildrenKeys, com.dangdang.ddframe.job.reg.zookeeper.ZookeeperRegistryCenterModifyTest.assertPersistSequential, com.dangdang.ddframe.job.executor.type.DataflowJobExecutorTest.assertExecuteWhenFetchDataIsNotEmptyAndIsNotEligibleForJobRunningForStreamingProcess, com.dangdang.ddframe.job.executor.type.SimpleJobExecutorTest.assertAfterJobExecutedFailure, com.dangdang.ddframe.job.executor.JobExecutorFactoryTest.assertGetJobExecutorForScriptJob, com.dangdang.ddframe.job.executor.JobExecutorFactoryTest.assertGetJobExecutorForDataflowJob, com.dangdang.ddframe.job.context.TaskContextTest.assertGetTaskName]

Time each test takes to run in the new order:
[1089536574, 8359117, 305156, 369316054, 2740808422, 3802436, 5210665, 475434516, 239972, 24807608, 51100107, 7414894, 323611, 37808082]
--------------------------
Execution time of TLG and its time to find/nullify any DTs for 1 machine (does not include the time to run the tests in the new order): 6.603
Number of tests selected out of total in original order: 14 / 185
Number of DTs not fixed: 0
Number of DTs fixed: 0
Execution time for executing the following testing order: 4.798

Test order list:
[com.dangdang.ddframe.job.statistics.rdb.StatisticRdbRepositoryTest.assertAddJobRunningStatistics, com.dangdang.ddframe.job.statistics.rdb.StatisticRdbRepositoryTest.assertFindJobRunningStatisticsWhenTableIsEmpty, com.dangdang.ddframe.job.util.config.ShardingItemParametersTest.assertNewWhenItemIsNotNumber, com.dangdang.ddframe.job.util.env.TimeServiceTest.assertGetCurrentMillis, com.dangdang.ddframe.job.config.JobCoreConfigurationTest.assertBuildAllProperties, com.dangdang.ddframe.job.config.JobCoreConfigurationTest.assertBuildWhenCronIsNull, com.dangdang.ddframe.job.event.rdb.JobEventRdbSearchTest.assertFindJobStatusTraceEventsWithFields, com.dangdang.ddframe.job.reg.zookeeper.ZookeeperRegistryCenterQueryWithoutCacheTest.assertGetWithoutNode, com.dangdang.ddframe.job.reg.zookeeper.ZookeeperRegistryCenterModifyTest.assertPersist, com.dangdang.ddframe.job.executor.type.SimpleJobExecutorTest.assertExecuteWhenRunOnceWithMisfireIsEmpty, com.dangdang.ddframe.job.executor.type.SimpleJobExecutorTest.assertExecuteWhenRunOnceWithMisfireIsNotEmptyButIsNotEligibleForJobRunning, com.dangdang.ddframe.job.executor.type.SimpleJobExecutorTest.assertExecuteWhenCheckMaxTimeDiffSecondsIntolerable, com.dangdang.ddframe.job.executor.handler.JobPropertiesTest.assertJobPropertiesEnumFromValidValue, com.dangdang.ddframe.job.context.TaskContextTest.assertGetExecutorId]

Time each test takes to run in the new order:
[123029, 137972, 159521, 543196199, 31938395, 2673894348, 1083306681, 1731864, 3728668, 396310861, 3468328, 4220641, 5508127, 50108088]
--------------------------
Execution time of TLG and its time to find/nullify any DTs for 1 machine (does not include the time to run the tests in the new order): 6.684
Number of tests selected out of total in original order: 16 / 185
Number of DTs not fixed: 0
Number of DTs fixed: 0
Execution time for executing the following testing order: 4.861

Test order list:
[com.dangdang.ddframe.job.statistics.rdb.StatisticRdbRepositoryTest.assertFindLatestTaskResultStatistics, com.dangdang.ddframe.job.util.config.ShardingItemsTest.assertToItemsString, com.dangdang.ddframe.job.config.JobCoreConfigurationTest.assertBuildWhenJobNameIsNull, com.dangdang.ddframe.job.event.rdb.JobEventRdbStorageTest.assertAddJobExecutionEvent, com.dangdang.ddframe.job.event.rdb.JobEventRdbSearchTest.assertFindJobExecutionEventsWithErrorSort, com.dangdang.ddframe.job.event.rdb.JobEventRdbSearchTest.assertFindJobStatusTraceEventsWithPageSizeAndNumber, com.dangdang.ddframe.job.event.JobExecutionEventTest.assertNewJobExecutionEvent, com.dangdang.ddframe.job.reg.zookeeper.ZookeeperRegistryCenterQueryWithoutCacheTest.assertGetRegistryCenterTime, com.dangdang.ddframe.job.reg.zookeeper.ZookeeperRegistryCenterModifyTest.assertUpdate, com.dangdang.ddframe.job.executor.type.DataflowJobExecutorTest.assertExecuteWhenFetchDataIsNotEmptyAndIsEligibleForJobRunningForStreamingProcess, com.dangdang.ddframe.job.executor.type.SimpleJobExecutorTest.assertExecuteWhenRunOnceSuccessForSingleShardingItems, com.dangdang.ddframe.job.executor.type.SimpleJobExecutorTest.assertExecuteWhenRunOnceSuccessForMultipleShardingItems, com.dangdang.ddframe.job.executor.type.ScriptJobExecutorTest.assertExecuteWhenExecuteFailureForSingleShardingItems, com.dangdang.ddframe.job.executor.handler.impl.DefaultJobExceptionHandlerTest.assertHandleException, com.dangdang.ddframe.job.executor.handler.JobPropertiesTest.assertGetWhenValueIsNotEmpty, com.dangdang.ddframe.job.context.TaskContextTest.assertMetaInfoFromWithTaskIdWithoutShardingItems]

Time each test takes to run in the new order:
[521486617, 10934397, 3343590, 1211368, 7973896, 48984028, 564080, 5395980, 202820, 369714509, 101100335, 1390118, 1603576, 1090009264, 2661693371, 35628743]
--------------------------
Execution time of TLG and its time to find/nullify any DTs for 1 machine (does not include the time to run the tests in the new order): 5.963
Number of tests selected out of total in original order: 16 / 185
Number of DTs not fixed: 0
Number of DTs fixed: 0
Execution time for executing the following testing order: 4.004

Test order list:
[com.dangdang.ddframe.job.statistics.rdb.StatisticRdbRepositoryTest.assertAddJobRegisterStatistics, com.dangdang.ddframe.job.statistics.rdb.StatisticRdbRepositoryTest.assertFindTaskResultStatisticsWhenTableIsEmpty, com.dangdang.ddframe.job.util.config.ShardingItemParametersTest.assertNewWhenPairFormatInvalid, com.dangdang.ddframe.job.util.json.JobConfigurationGsonTypeAdapterTest.assertToScriptJobJson, com.dangdang.ddframe.job.util.json.JobConfigurationGsonTypeAdapterTest.assertFromScriptJobJson, com.dangdang.ddframe.job.exception.ExceptionUtilTest.assertTransformWithException, com.dangdang.ddframe.job.event.rdb.JobEventRdbStorageTest.assertUpdateJobExecutionEventWhenSuccessAndConflict, com.dangdang.ddframe.job.event.rdb.JobEventRdbStorageTest.assertUpdateJobExecutionEventWhenFailureAndMessageExceed, com.dangdang.ddframe.job.event.rdb.JobEventRdbSearchTest.assertFindJobStatusTraceEventsWithErrorSort, com.dangdang.ddframe.job.event.JobEventBusTest.assertPost, com.dangdang.ddframe.job.reg.zookeeper.ZookeeperRegistryCenterForAuthTest.assertInitWithDigestSuccess, com.dangdang.ddframe.job.reg.exception.RegExceptionHandlerTest.assertHandleExceptionWithCausedNoNodeException, com.dangdang.ddframe.job.executor.type.DataflowJobExecutorTest.assertExecuteWhenFetchDataIsNotEmptyForStreamingProcessAndMultipleShardingItems, com.dangdang.ddframe.job.executor.type.ScriptJobExecutorTest.assertExecuteWhenCommandLineIsEmpty, com.dangdang.ddframe.job.context.TaskContextTest.assertNewWithoutSlaveId, com.dangdang.ddframe.job.context.TaskContextTest.assertGetMetaInfo]

Time each test takes to run in the new order:
[1277545, 31628414, 1060102, 357388, 8901451, 2782170, 5161284, 381272941, 483269496, 2670864855, 42384577, 308824422, 27236267, 4032183, 1261498, 33918384]
--------------------------
Execution time of TLG and its time to find/nullify any DTs for 1 machine (does not include the time to run the tests in the new order): 5.997
Number of tests selected out of total in original order: 15 / 185
Number of DTs not fixed: 0
Number of DTs fixed: 0
Execution time for executing the following testing order: 4.420

Test order list:
[com.dangdang.ddframe.job.statistics.rdb.StatisticRdbRepositoryTest.assertFindLatestTaskResultStatisticsWhenTableIsEmpty, com.dangdang.ddframe.job.util.config.ShardingItemsTest.assertToItemListForDuplicated, com.dangdang.ddframe.job.util.json.JobConfigurationGsonTypeAdapterTest.assertFromSimpleJobJson, com.dangdang.ddframe.job.exception.ExceptionUtilTest.assertTransformWithError, com.dangdang.ddframe.job.exception.JobSystemExceptionTest.assertGetCause, com.dangdang.ddframe.job.event.rdb.JobEventRdbStorageTest.assertAddJobStatusTraceEvent, com.dangdang.ddframe.job.event.JobExecutionEventTest.assertExecutionFailure, com.dangdang.ddframe.job.reg.zookeeper.ZookeeperRegistryCenterQueryWithoutCacheTest.assertIsExisted, com.dangdang.ddframe.job.reg.zookeeper.ZookeeperRegistryCenterMiscellaneousTest.assertGetZkConfig, com.dangdang.ddframe.job.reg.exception.RegExceptionHandlerTest.assertHandleExceptionWithOtherException, com.dangdang.ddframe.job.reg.exception.RegExceptionHandlerTest.assertHandleExceptionWithNoNodeException, com.dangdang.ddframe.job.executor.type.WrongJobExecutorTest.assertWrongJobExecutorWithMultipleItems, com.dangdang.ddframe.job.executor.handler.JobPropertiesTest.assertGetWhenValueIsEmpty, com.dangdang.ddframe.job.executor.JobExecutorFactoryTest.assertGetJobExecutorTwice, com.dangdang.ddframe.job.context.TaskContextTest.assertTaskContextFrom]

Time each test takes to run in the new order:
[255729, 1502446, 1032401303, 485613535, 1713056, 4661794, 64469650, 4483611, 36075711, 5105862, 2722308985, 400125, 6710893, 11077777, 43445332]
--------------------------
Execution time of TLG and its time to find/nullify any DTs for 1 machine (does not include the time to run the tests in the new order): 5.680
Number of tests selected out of total in original order: 15 / 185
Number of DTs not fixed: 0
Number of DTs fixed: 0
Execution time for executing the following testing order: 3.944

Test order list:
[com.dangdang.ddframe.job.statistics.rdb.StatisticRdbRepositoryTest.assertFindLatestTaskRunningStatisticsWhenTableIsEmpty, com.dangdang.ddframe.job.statistics.rdb.StatisticRdbRepositoryTest.assertFindLatestJobRegisterStatistics, com.dangdang.ddframe.job.util.concurrent.ExecutorServiceObjectTest.assertCreateExecutorService, com.dangdang.ddframe.job.exception.ExceptionUtilTest.assertTransformWithNull, com.dangdang.ddframe.job.exception.JobStatisticExceptionTest.assertGetCause, com.dangdang.ddframe.job.event.rdb.JobEventRdbConfigurationTest.assertGetDataSource, com.dangdang.ddframe.job.event.rdb.JobEventRdbConfigurationTest.assertCreateJobEventListenerSuccess, com.dangdang.ddframe.job.event.rdb.JobEventRdbSearchTest.assertFindJobStatusTraceEventsWithSort, com.dangdang.ddframe.job.reg.zookeeper.ZookeeperRegistryCenterForAuthTest.assertInitWithDigestFailure, com.dangdang.ddframe.job.reg.exception.RegExceptionHandlerTest.assertHandleExceptionWithCausedNoNodeExistsException, com.dangdang.ddframe.job.executor.type.SimpleJobExecutorTest.assertExecuteWhenRunOnceAndThrowExceptionForSingleShardingItem, com.dangdang.ddframe.job.executor.type.SimpleJobExecutorTest.assertExecuteWhenPreviousJobStillRunning, com.dangdang.ddframe.job.context.TaskContextTest.assertNew, com.dangdang.ddframe.job.context.TaskContextTest.assertMetaInfoFromWithMetaInfo, com.dangdang.ddframe.job.context.TaskContextTest.assertSetIdle]

Time each test takes to run in the new order:
[1855235, 506460508, 2590268, 37997130, 3053632, 377661292, 37625066, 2835792, 762643, 2699528246, 163638, 226341459, 1589731, 41894661, 3900892]
--------------------------
Execution time of TLG and its time to find/nullify any DTs for 1 machine (does not include the time to run the tests in the new order): 129.414
Number of tests selected out of total in original order: 24 / 185
Number of DTs not fixed: 0
Number of DTs fixed: 1

Average time to find one dependency: 53.897439468
Execution time for executing the following testing order: 4.969

Test order list:
[com.dangdang.ddframe.job.util.json.JobConfigurationGsonTypeAdapterTest.assertFromDataflowJobJson, com.dangdang.ddframe.job.util.json.GsonFactoryTest.assertGetGson, com.dangdang.ddframe.job.event.rdb.JobEventRdbListenerTest.assertPostJobStatusTraceEvent, com.dangdang.ddframe.job.event.rdb.JobEventRdbStorageTest.assertAddJobStatusTraceEventWhenFailoverWithTaskFailedState, com.dangdang.ddframe.job.statistics.rdb.StatisticRdbRepositoryTest.assertAddTaskResultStatistics, com.dangdang.ddframe.job.statistics.rdb.StatisticRdbRepositoryTest.assertAddJobRunningStatistics, com.dangdang.ddframe.job.statistics.rdb.StatisticRdbRepositoryTest.assertGetSummedTaskResultStatistics, com.dangdang.ddframe.job.statistics.rdb.StatisticRdbRepositoryTest.assertFindLatestTaskResultStatisticsWhenTableIsEmpty, com.dangdang.ddframe.job.statistics.rdb.StatisticRdbRepositoryTest.assertFindLatestTaskResultStatistics, com.dangdang.ddframe.job.statistics.rdb.StatisticRdbRepositoryTest.assertFindJobRunningStatisticsWithDifferentFromDate, com.dangdang.ddframe.job.statistics.rdb.StatisticRdbRepositoryTest.assertFindJobRegisterStatisticsWhenTableIsEmpty, com.dangdang.ddframe.job.statistics.rdb.StatisticRdbRepositoryTest.assertFindJobRegisterStatisticsWithDifferentFromDate, com.dangdang.ddframe.job.event.rdb.JobEventRdbSearchTest.assertFindJobExecutionEventsWithPageSizeAndNumber, com.dangdang.ddframe.job.event.rdb.JobEventRdbSearchTest.assertFindJobStatusTraceEventsWithTime, com.dangdang.ddframe.job.event.JobExecutionEventTest.assertExecutionSuccess, com.dangdang.ddframe.job.reg.zookeeper.ZookeeperRegistryCenterQueryWithoutCacheTest.assertGetNumChildren, com.dangdang.ddframe.job.reg.zookeeper.ZookeeperRegistryCenterModifyTest.assertRemove, com.dangdang.ddframe.job.executor.type.WrongJobExecutorTest.assertWrongJobExecutorWithSingleItem, com.dangdang.ddframe.job.executor.type.DataflowJobExecutorTest.assertExecuteWhenFetchDataIsNotEmptyForUnStreamingProcessAndMultipleShardingItems, com.dangdang.ddframe.job.executor.type.SimpleJobExecutorTest.assertNewExecutorWithDefaultHandlers, com.dangdang.ddframe.job.executor.type.ScriptJobExecutorTest.assertExecuteWhenExecuteFailureForMultipleShardingItems, com.dangdang.ddframe.job.api.ShardingContextTest.assertNew, com.dangdang.ddframe.job.context.TaskContextTest.assertMetaInfoFromWithMetaInfoWithoutShardingItems, com.dangdang.ddframe.job.context.TaskContextTest.assertGetIdForUnassignedSlave]

Time each test takes to run in the new order:
[3290736, 33703945, 1391841, 1069819746, 319190987, 13952281, 42172059, 284449, 2810193674, 23381456, 377473784, 81607128, 3204231, 156852, 16966477, 20848517, 872870, 14634540, 13923872, 49717802, 21462015, 19777589, 19939090, 10985005]

Dependent test list:
[Test: com.dangdang.ddframe.job.event.rdb.JobEventRdbSearchTest.assertFindJobStatusTraceEventsWithTime, Intended behavior: FAILURE, when executed after: [com.dangdang.ddframe.job.event.rdb.JobEventRdbSearchTest.assertFindJobExecutionEventsWithPageSizeAndNumber], The revealed different behavior: PASS, when executed after: [], Test: com.dangdang.ddframe.job.statistics.rdb.StatisticRdbRepositoryTest.assertFindJobRegisterStatisticsWithDifferentFromDate, Intended behavior: FAILURE, when executed after: [com.dangdang.ddframe.job.statistics.rdb.StatisticRdbRepositoryTest.assertFindJobRegisterStatisticsWhenTableIsEmpty], The revealed different behavior: PASS, when executed after: [], Test: com.dangdang.ddframe.job.statistics.rdb.StatisticRdbRepositoryTest.assertFindJobRegisterStatisticsWhenTableIsEmpty, Intended behavior: FAILURE, when executed after: [com.dangdang.ddframe.job.statistics.rdb.StatisticRdbRepositoryTest.assertFindJobRunningStatisticsWithDifferentFromDate], The revealed different behavior: PASS, when executed after: [], Test: com.dangdang.ddframe.job.statistics.rdb.StatisticRdbRepositoryTest.assertFindJobRunningStatisticsWithDifferentFromDate, Intended behavior: FAILURE, when executed after: [com.dangdang.ddframe.job.statistics.rdb.StatisticRdbRepositoryTest.assertFindLatestTaskResultStatistics], The revealed different behavior: PASS, when executed after: [], Test: com.dangdang.ddframe.job.statistics.rdb.StatisticRdbRepositoryTest.assertFindLatestTaskResultStatistics, Intended behavior: FAILURE, when executed after: [com.dangdang.ddframe.job.statistics.rdb.StatisticRdbRepositoryTest.assertFindLatestTaskResultStatisticsWhenTableIsEmpty], The revealed different behavior: PASS, when executed after: [], Test: com.dangdang.ddframe.job.statistics.rdb.StatisticRdbRepositoryTest.assertFindLatestTaskResultStatisticsWhenTableIsEmpty, Intended behavior: FAILURE, when executed after: [com.dangdang.ddframe.job.statistics.rdb.StatisticRdbRepositoryTest.assertGetSummedTaskResultStatistics], The revealed different behavior: PASS, when executed after: [], Test: com.dangdang.ddframe.job.statistics.rdb.StatisticRdbRepositoryTest.assertGetSummedTaskResultStatistics, Intended behavior: FAILURE, when executed after: [com.dangdang.ddframe.job.statistics.rdb.StatisticRdbRepositoryTest.assertAddJobRunningStatistics], The revealed different behavior: PASS, when executed after: [], Test: com.dangdang.ddframe.job.statistics.rdb.StatisticRdbRepositoryTest.assertAddJobRunningStatistics, Intended behavior: FAILURE, when executed after: [com.dangdang.ddframe.job.statistics.rdb.StatisticRdbRepositoryTest.assertAddTaskResultStatistics], The revealed different behavior: PASS, when executed after: [], Test: com.dangdang.ddframe.job.event.rdb.JobEventRdbSearchTest.assertFindJobExecutionEventsWithPageSizeAndNumber, Intended behavior: FAILURE, when executed after: [com.dangdang.ddframe.job.statistics.rdb.StatisticRdbRepositoryTest.assertFindJobRegisterStatisticsWithDifferentFromDate], The revealed different behavior: PASS, when executed after: []]
--------------------------
Execution time of TLG and its time to find/nullify any DTs for 1 machine (does not include the time to run the tests in the new order): 20.687
Number of tests selected out of total in original order: 16 / 185
Number of DTs not fixed: 0
Number of DTs fixed: 1

Average time to find one dependency: 8.118612815
Execution time for executing the following testing order: 4.352

Test order list:
[com.dangdang.ddframe.job.statistics.rdb.StatisticRdbRepositoryTest.assertFindTaskRunningStatisticsWithDifferentFromDate, com.dangdang.ddframe.job.statistics.rdb.StatisticRdbRepositoryTest.assertFindLatestJobRegisterStatisticsWhenTableIsEmpty, com.dangdang.ddframe.job.util.env.HostExceptionTest.assertGetCause, com.dangdang.ddframe.job.util.json.GsonFactoryTest.assertRegisterTypeAdapter, com.dangdang.ddframe.job.config.JobCoreConfigurationTest.assertBuildWhenTotalSHardingCountIsNegative, com.dangdang.ddframe.job.event.rdb.JobEventRdbSearchTest.assertFindJobExecutionEventsWithTime, com.dangdang.ddframe.job.reg.zookeeper.ZookeeperConfigurationTest.assertNewZookeeperConfigurationForServerListsAndNamespace, com.dangdang.ddframe.job.reg.zookeeper.ZookeeperRegistryCenterQueryWithCacheTest.assertGetWithoutValue, com.dangdang.ddframe.job.reg.zookeeper.ZookeeperRegistryCenterQueryWithCacheTest.assertGetFromCache, com.dangdang.ddframe.job.reg.exception.RegExceptionHandlerTest.assertHandleExceptionWithNoNodeExistsException, com.dangdang.ddframe.job.executor.type.DataflowJobExecutorTest.assertExecuteWhenFetchDataIsNotEmptyForStreamingProcessAndSingleShardingItem, com.dangdang.ddframe.job.executor.type.DataflowJobExecutorTest.assertExecuteWhenFetchDataIsNotEmptyAndProcessFailureWithExceptionForStreamingProcess, com.dangdang.ddframe.job.executor.handler.ExecutorServiceHandlerRegistryTest.assertGetExecutorServiceHandlerForConcurrent, com.dangdang.ddframe.job.executor.handler.JobPropertiesTest.assertPutInvalidKey, com.dangdang.ddframe.job.executor.handler.JobPropertiesTest.assertPutNullValue, com.dangdang.ddframe.job.executor.JobExecutorFactoryTest.assertGetJobExecutorWhenJobClassWhenUnsupportedJob]

Time each test takes to run in the new order:
[176117, 11966426, 3269717, 537943, 164590, 36881780, 377612146, 1040589310, 2282549691, 497581771, 35493875, 565618, 22175300, 5819829, 33336039, 3224158]

Dependent test list:
[Test: com.dangdang.ddframe.job.event.rdb.JobEventRdbSearchTest.assertFindJobStatusTraceEventsWithTime, Intended behavior: FAILURE, when executed after: [com.dangdang.ddframe.job.event.rdb.JobEventRdbSearchTest.assertFindJobExecutionEventsWithPageSizeAndNumber], The revealed different behavior: PASS, when executed after: [], Test: com.dangdang.ddframe.job.statistics.rdb.StatisticRdbRepositoryTest.assertFindJobRegisterStatisticsWithDifferentFromDate, Intended behavior: FAILURE, when executed after: [com.dangdang.ddframe.job.statistics.rdb.StatisticRdbRepositoryTest.assertFindJobRegisterStatisticsWhenTableIsEmpty], The revealed different behavior: PASS, when executed after: [], Test: com.dangdang.ddframe.job.statistics.rdb.StatisticRdbRepositoryTest.assertFindJobRegisterStatisticsWhenTableIsEmpty, Intended behavior: FAILURE, when executed after: [com.dangdang.ddframe.job.statistics.rdb.StatisticRdbRepositoryTest.assertFindJobRunningStatisticsWithDifferentFromDate], The revealed different behavior: PASS, when executed after: [], Test: com.dangdang.ddframe.job.statistics.rdb.StatisticRdbRepositoryTest.assertFindJobRunningStatisticsWithDifferentFromDate, Intended behavior: FAILURE, when executed after: [com.dangdang.ddframe.job.statistics.rdb.StatisticRdbRepositoryTest.assertFindLatestTaskResultStatistics], The revealed different behavior: PASS, when executed after: [], Test: com.dangdang.ddframe.job.statistics.rdb.StatisticRdbRepositoryTest.assertFindLatestTaskResultStatistics, Intended behavior: FAILURE, when executed after: [com.dangdang.ddframe.job.statistics.rdb.StatisticRdbRepositoryTest.assertFindLatestTaskResultStatisticsWhenTableIsEmpty], The revealed different behavior: PASS, when executed after: [], Test: com.dangdang.ddframe.job.statistics.rdb.StatisticRdbRepositoryTest.assertFindLatestTaskResultStatisticsWhenTableIsEmpty, Intended behavior: FAILURE, when executed after: [com.dangdang.ddframe.job.statistics.rdb.StatisticRdbRepositoryTest.assertGetSummedTaskResultStatistics], The revealed different behavior: PASS, when executed after: [], Test: com.dangdang.ddframe.job.statistics.rdb.StatisticRdbRepositoryTest.assertGetSummedTaskResultStatistics, Intended behavior: FAILURE, when executed after: [com.dangdang.ddframe.job.statistics.rdb.StatisticRdbRepositoryTest.assertAddJobRunningStatistics], The revealed different behavior: PASS, when executed after: [], Test: com.dangdang.ddframe.job.statistics.rdb.StatisticRdbRepositoryTest.assertAddJobRunningStatistics, Intended behavior: FAILURE, when executed after: [com.dangdang.ddframe.job.statistics.rdb.StatisticRdbRepositoryTest.assertAddTaskResultStatistics], The revealed different behavior: PASS, when executed after: [], Test: com.dangdang.ddframe.job.event.rdb.JobEventRdbSearchTest.assertFindJobExecutionEventsWithPageSizeAndNumber, Intended behavior: FAILURE, when executed after: [com.dangdang.ddframe.job.statistics.rdb.StatisticRdbRepositoryTest.assertFindJobRegisterStatisticsWithDifferentFromDate], The revealed different behavior: PASS, when executed after: [], Test: com.dangdang.ddframe.job.event.rdb.JobEventRdbSearchTest.assertFindJobExecutionEventsWithTime, Intended behavior: FAILURE, when executed after: [com.dangdang.ddframe.job.statistics.rdb.StatisticRdbRepositoryTest.assertFindTaskRunningStatisticsWithDifferentFromDate], The revealed different behavior: PASS, when executed after: []]
--------------------------
Execution time of TLG and its time to find/nullify any DTs for 1 machine (does not include the time to run the tests in the new order): 122.420
Number of tests selected out of total in original order: 24 / 185
Number of DTs not fixed: 0
Number of DTs fixed: 1

Average time to find one dependency: 110.822389625
Execution time for executing the following testing order: 3.758

Test order list:
[com.dangdang.ddframe.job.util.config.ShardingItemsTest.assertToItemsStringWhenEmpty, com.dangdang.ddframe.job.event.rdb.JobEventRdbConfigurationTest.assertCreateJobEventListenerFailure, com.dangdang.ddframe.job.event.rdb.JobEventRdbStorageTest.assertUpdateJobExecutionEventWhenSuccess, com.dangdang.ddframe.job.event.rdb.JobEventRdbStorageTest.assertUpdateJobExecutionEventWhenFailureAndConflict, com.dangdang.ddframe.job.statistics.rdb.StatisticRdbRepositoryTest.assertAddTaskResultStatistics, com.dangdang.ddframe.job.statistics.rdb.StatisticRdbRepositoryTest.assertAddJobRunningStatistics, com.dangdang.ddframe.job.statistics.rdb.StatisticRdbRepositoryTest.assertGetSummedTaskResultStatistics, com.dangdang.ddframe.job.statistics.rdb.StatisticRdbRepositoryTest.assertFindLatestTaskResultStatisticsWhenTableIsEmpty, com.dangdang.ddframe.job.statistics.rdb.StatisticRdbRepositoryTest.assertFindLatestTaskResultStatistics, com.dangdang.ddframe.job.statistics.rdb.StatisticRdbRepositoryTest.assertFindJobRunningStatisticsWithDifferentFromDate, com.dangdang.ddframe.job.statistics.rdb.StatisticRdbRepositoryTest.assertFindJobRegisterStatisticsWhenTableIsEmpty, com.dangdang.ddframe.job.statistics.rdb.StatisticRdbRepositoryTest.assertFindJobRegisterStatisticsWithDifferentFromDate, com.dangdang.ddframe.job.event.rdb.JobEventRdbSearchTest.assertFindJobExecutionEventsWithPageSizeAndNumber, com.dangdang.ddframe.job.event.rdb.JobEventRdbSearchTest.assertFindJobExecutionEventsWithSort, com.dangdang.ddframe.job.event.rdb.JobEventRdbSearchTest.assertFindJobStatusTraceEventsWithErrorFields, com.dangdang.ddframe.job.event.rdb.JobEventRdbIdentityTest.assertGetIdentity, com.dangdang.ddframe.job.reg.zookeeper.ZookeeperRegistryCenterModifyTest.assertPersistSequential, com.dangdang.ddframe.job.reg.zookeeper.ZookeeperRegistryCenterModifyTest.assertPersistEphemeralSequential, com.dangdang.ddframe.job.executor.type.SimpleJobExecutorTest.assertExecuteWhenRunOnceAndThrowExceptionForMultipleShardingItems, com.dangdang.ddframe.job.executor.type.SimpleJobExecutorTest.assertExecuteWhenRunOnceWithMisfire, com.dangdang.ddframe.job.executor.handler.ExecutorServiceHandlerRegistryTest.assertRemove, com.dangdang.ddframe.job.executor.handler.JobPropertiesTest.assertJson, com.dangdang.ddframe.job.api.ShardingContextTest.assertToString, com.dangdang.ddframe.job.context.TaskContextTest.assertMetaInfoFromWithTaskId]

Time each test takes to run in the new order:
[11674969, 16225586, 23829829, 274996, 112945, 2073101, 40958667, 16510699, 14686391, 313809099, 12958263, 890513, 42100657, 548824653, 6662267, 14845810, 35654376, 2141320598, 4630799, 15531859, 241840223, 235572606, 2552700, 14779553]

Dependent test list:
[Test: com.dangdang.ddframe.job.event.rdb.JobEventRdbSearchTest.assertFindJobStatusTraceEventsWithTime, Intended behavior: FAILURE, when executed after: [com.dangdang.ddframe.job.event.rdb.JobEventRdbSearchTest.assertFindJobExecutionEventsWithPageSizeAndNumber], The revealed different behavior: PASS, when executed after: [], Test: com.dangdang.ddframe.job.statistics.rdb.StatisticRdbRepositoryTest.assertFindJobRegisterStatisticsWithDifferentFromDate, Intended behavior: FAILURE, when executed after: [com.dangdang.ddframe.job.statistics.rdb.StatisticRdbRepositoryTest.assertFindJobRegisterStatisticsWhenTableIsEmpty], The revealed different behavior: PASS, when executed after: [], Test: com.dangdang.ddframe.job.statistics.rdb.StatisticRdbRepositoryTest.assertFindJobRegisterStatisticsWhenTableIsEmpty, Intended behavior: FAILURE, when executed after: [com.dangdang.ddframe.job.statistics.rdb.StatisticRdbRepositoryTest.assertFindJobRunningStatisticsWithDifferentFromDate], The revealed different behavior: PASS, when executed after: [], Test: com.dangdang.ddframe.job.statistics.rdb.StatisticRdbRepositoryTest.assertFindJobRunningStatisticsWithDifferentFromDate, Intended behavior: FAILURE, when executed after: [com.dangdang.ddframe.job.statistics.rdb.StatisticRdbRepositoryTest.assertFindLatestTaskResultStatistics], The revealed different behavior: PASS, when executed after: [], Test: com.dangdang.ddframe.job.statistics.rdb.StatisticRdbRepositoryTest.assertFindLatestTaskResultStatistics, Intended behavior: FAILURE, when executed after: [com.dangdang.ddframe.job.statistics.rdb.StatisticRdbRepositoryTest.assertFindLatestTaskResultStatisticsWhenTableIsEmpty], The revealed different behavior: PASS, when executed after: [], Test: com.dangdang.ddframe.job.statistics.rdb.StatisticRdbRepositoryTest.assertFindLatestTaskResultStatisticsWhenTableIsEmpty, Intended behavior: FAILURE, when executed after: [com.dangdang.ddframe.job.statistics.rdb.StatisticRdbRepositoryTest.assertGetSummedTaskResultStatistics], The revealed different behavior: PASS, when executed after: [], Test: com.dangdang.ddframe.job.statistics.rdb.StatisticRdbRepositoryTest.assertGetSummedTaskResultStatistics, Intended behavior: FAILURE, when executed after: [com.dangdang.ddframe.job.statistics.rdb.StatisticRdbRepositoryTest.assertAddJobRunningStatistics], The revealed different behavior: PASS, when executed after: [], Test: com.dangdang.ddframe.job.statistics.rdb.StatisticRdbRepositoryTest.assertAddJobRunningStatistics, Intended behavior: FAILURE, when executed after: [com.dangdang.ddframe.job.statistics.rdb.StatisticRdbRepositoryTest.assertAddTaskResultStatistics], The revealed different behavior: PASS, when executed after: [], Test: com.dangdang.ddframe.job.event.rdb.JobEventRdbSearchTest.assertFindJobExecutionEventsWithPageSizeAndNumber, Intended behavior: FAILURE, when executed after: [com.dangdang.ddframe.job.statistics.rdb.StatisticRdbRepositoryTest.assertFindJobRegisterStatisticsWithDifferentFromDate], The revealed different behavior: PASS, when executed after: [], Test: com.dangdang.ddframe.job.event.rdb.JobEventRdbSearchTest.assertFindJobExecutionEventsWithTime, Intended behavior: FAILURE, when executed after: [com.dangdang.ddframe.job.statistics.rdb.StatisticRdbRepositoryTest.assertFindTaskRunningStatisticsWithDifferentFromDate], The revealed different behavior: PASS, when executed after: [], Test: com.dangdang.ddframe.job.reg.zookeeper.ZookeeperRegistryCenterModifyTest.assertPersistEphemeralSequential, Intended behavior: FAILURE, when executed after: [com.dangdang.ddframe.job.reg.zookeeper.ZookeeperRegistryCenterModifyTest.assertPersistSequential], The revealed different behavior: PASS, when executed after: []]
--------------------------
Execution time of TLG and its time to find/nullify any DTs for 1 machine (does not include the time to run the tests in the new order): 3.281
Number of tests selected out of total in original order: 22 / 185
Number of DTs not fixed: 0
Number of DTs fixed: 0
Execution time for executing the following testing order: 1.211

Test order list:
[com.dangdang.ddframe.job.statistics.rdb.StatisticRdbRepositoryTest.assertAddTaskResultStatistics, com.dangdang.ddframe.job.statistics.rdb.StatisticRdbRepositoryTest.assertFindTaskResultStatisticsWithDifferentFromDate, com.dangdang.ddframe.job.statistics.rdb.StatisticRdbRepositoryTest.assertAddJobRunningStatistics, com.dangdang.ddframe.job.statistics.rdb.StatisticRdbRepositoryTest.assertGetSummedTaskResultStatistics, com.dangdang.ddframe.job.statistics.rdb.StatisticRdbRepositoryTest.assertFindLatestTaskResultStatisticsWhenTableIsEmpty, com.dangdang.ddframe.job.statistics.rdb.StatisticRdbRepositoryTest.assertFindLatestTaskResultStatistics, com.dangdang.ddframe.job.statistics.rdb.StatisticRdbRepositoryTest.assertFindJobRunningStatisticsWithDifferentFromDate, com.dangdang.ddframe.job.statistics.rdb.StatisticRdbRepositoryTest.assertFindLatestJobRunningStatistics, com.dangdang.ddframe.job.statistics.rdb.StatisticRdbRepositoryTest.assertFindJobRegisterStatisticsWhenTableIsEmpty, com.dangdang.ddframe.job.statistics.rdb.StatisticRdbRepositoryTest.assertFindJobRegisterStatisticsWithDifferentFromDate, com.dangdang.ddframe.job.util.config.ShardingItemParametersTest.assertGetMap, com.dangdang.ddframe.job.util.config.ShardingItemParametersTest.assertGetMapWhenIsEmpty, com.dangdang.ddframe.job.util.json.JobConfigurationGsonTypeAdapterTest.assertToDataflowJobJson, com.dangdang.ddframe.job.config.JobCoreConfigurationTest.assertBuildWhenOptionalParametersIsNull, com.dangdang.ddframe.job.event.rdb.JobEventRdbSearchTest.assertFindJobExecutionEventsWithFields, com.dangdang.ddframe.job.event.JobEventBusTest.assertRegisterFailure, com.dangdang.ddframe.job.reg.exception.RegExceptionHandlerTest.assertHandleExceptionWithCausedConnectionLossException, com.dangdang.ddframe.job.executor.type.DataflowJobExecutorTest.assertExecuteWhenFetchDataIsNullAndEmpty, com.dangdang.ddframe.job.executor.type.SimpleJobExecutorTest.assertExecuteWhenShardingItemsIsEmpty, com.dangdang.ddframe.job.executor.type.ScriptJobExecutorTest.assertExecuteSuccessForSingleShardingItems, com.dangdang.ddframe.job.executor.handler.ExecutorServiceHandlerRegistryTest.assertGetExecutorServiceHandlerForSameThread, com.dangdang.ddframe.job.executor.handler.JobPropertiesTest.assertPutSuccess]

Time each test takes to run in the new order:
[516635982, 15994770, 49553594, 19048318, 16502319, 16816049, 5701514, 29987764, 28493378, 8989791, 38572487, 37317756, 2075633, 17211988, 166838, 323517277, 225293, 24438172, 265132, 15549948, 216279, 44213967]

Dependent test list:
[Test: com.dangdang.ddframe.job.event.rdb.JobEventRdbSearchTest.assertFindJobStatusTraceEventsWithTime, Intended behavior: FAILURE, when executed after: [com.dangdang.ddframe.job.event.rdb.JobEventRdbSearchTest.assertFindJobExecutionEventsWithPageSizeAndNumber], The revealed different behavior: PASS, when executed after: [], Test: com.dangdang.ddframe.job.statistics.rdb.StatisticRdbRepositoryTest.assertFindJobRegisterStatisticsWithDifferentFromDate, Intended behavior: FAILURE, when executed after: [com.dangdang.ddframe.job.statistics.rdb.StatisticRdbRepositoryTest.assertFindJobRegisterStatisticsWhenTableIsEmpty], The revealed different behavior: PASS, when executed after: [], Test: com.dangdang.ddframe.job.statistics.rdb.StatisticRdbRepositoryTest.assertFindJobRegisterStatisticsWhenTableIsEmpty, Intended behavior: FAILURE, when executed after: [com.dangdang.ddframe.job.statistics.rdb.StatisticRdbRepositoryTest.assertFindJobRunningStatisticsWithDifferentFromDate], The revealed different behavior: PASS, when executed after: [], Test: com.dangdang.ddframe.job.statistics.rdb.StatisticRdbRepositoryTest.assertFindJobRunningStatisticsWithDifferentFromDate, Intended behavior: FAILURE, when executed after: [com.dangdang.ddframe.job.statistics.rdb.StatisticRdbRepositoryTest.assertFindLatestTaskResultStatistics], The revealed different behavior: PASS, when executed after: [], Test: com.dangdang.ddframe.job.statistics.rdb.StatisticRdbRepositoryTest.assertFindLatestTaskResultStatistics, Intended behavior: FAILURE, when executed after: [com.dangdang.ddframe.job.statistics.rdb.StatisticRdbRepositoryTest.assertFindLatestTaskResultStatisticsWhenTableIsEmpty], The revealed different behavior: PASS, when executed after: [], Test: com.dangdang.ddframe.job.statistics.rdb.StatisticRdbRepositoryTest.assertFindLatestTaskResultStatisticsWhenTableIsEmpty, Intended behavior: FAILURE, when executed after: [com.dangdang.ddframe.job.statistics.rdb.StatisticRdbRepositoryTest.assertGetSummedTaskResultStatistics], The revealed different behavior: PASS, when executed after: [], Test: com.dangdang.ddframe.job.statistics.rdb.StatisticRdbRepositoryTest.assertGetSummedTaskResultStatistics, Intended behavior: FAILURE, when executed after: [com.dangdang.ddframe.job.statistics.rdb.StatisticRdbRepositoryTest.assertAddJobRunningStatistics], The revealed different behavior: PASS, when executed after: [], Test: com.dangdang.ddframe.job.statistics.rdb.StatisticRdbRepositoryTest.assertAddJobRunningStatistics, Intended behavior: FAILURE, when executed after: [com.dangdang.ddframe.job.statistics.rdb.StatisticRdbRepositoryTest.assertAddTaskResultStatistics], The revealed different behavior: PASS, when executed after: [], Test: com.dangdang.ddframe.job.event.rdb.JobEventRdbSearchTest.assertFindJobExecutionEventsWithPageSizeAndNumber, Intended behavior: FAILURE, when executed after: [com.dangdang.ddframe.job.statistics.rdb.StatisticRdbRepositoryTest.assertFindJobRegisterStatisticsWithDifferentFromDate], The revealed different behavior: PASS, when executed after: [], Test: com.dangdang.ddframe.job.event.rdb.JobEventRdbSearchTest.assertFindJobExecutionEventsWithTime, Intended behavior: FAILURE, when executed after: [com.dangdang.ddframe.job.statistics.rdb.StatisticRdbRepositoryTest.assertFindTaskRunningStatisticsWithDifferentFromDate], The revealed different behavior: PASS, when executed after: [], Test: com.dangdang.ddframe.job.reg.zookeeper.ZookeeperRegistryCenterModifyTest.assertPersistEphemeralSequential, Intended behavior: FAILURE, when executed after: [com.dangdang.ddframe.job.reg.zookeeper.ZookeeperRegistryCenterModifyTest.assertPersistSequential], The revealed different behavior: PASS, when executed after: []]
--------------------------
Execution time of TLG and its time to find/nullify any DTs for 1 machine (does not include the time to run the tests in the new order): 3.286
Number of tests selected out of total in original order: 1 / 185
Number of DTs not fixed: 0
Number of DTs fixed: 0
Execution time for executing the following testing order: 2.849

Test order list:
[com.dangdang.ddframe.job.reg.zookeeper.ZookeeperRegistryCenterMiscellaneousTest.assertGetRawCache]

Time each test takes to run in the new order:
[2849150806]

Dependent test list:
[Test: com.dangdang.ddframe.job.event.rdb.JobEventRdbSearchTest.assertFindJobStatusTraceEventsWithTime, Intended behavior: FAILURE, when executed after: [com.dangdang.ddframe.job.event.rdb.JobEventRdbSearchTest.assertFindJobExecutionEventsWithPageSizeAndNumber], The revealed different behavior: PASS, when executed after: [], Test: com.dangdang.ddframe.job.statistics.rdb.StatisticRdbRepositoryTest.assertFindJobRegisterStatisticsWithDifferentFromDate, Intended behavior: FAILURE, when executed after: [com.dangdang.ddframe.job.statistics.rdb.StatisticRdbRepositoryTest.assertFindJobRegisterStatisticsWhenTableIsEmpty], The revealed different behavior: PASS, when executed after: [], Test: com.dangdang.ddframe.job.statistics.rdb.StatisticRdbRepositoryTest.assertFindJobRegisterStatisticsWhenTableIsEmpty, Intended behavior: FAILURE, when executed after: [com.dangdang.ddframe.job.statistics.rdb.StatisticRdbRepositoryTest.assertFindJobRunningStatisticsWithDifferentFromDate], The revealed different behavior: PASS, when executed after: [], Test: com.dangdang.ddframe.job.statistics.rdb.StatisticRdbRepositoryTest.assertFindJobRunningStatisticsWithDifferentFromDate, Intended behavior: FAILURE, when executed after: [com.dangdang.ddframe.job.statistics.rdb.StatisticRdbRepositoryTest.assertFindLatestTaskResultStatistics], The revealed different behavior: PASS, when executed after: [], Test: com.dangdang.ddframe.job.statistics.rdb.StatisticRdbRepositoryTest.assertFindLatestTaskResultStatistics, Intended behavior: FAILURE, when executed after: [com.dangdang.ddframe.job.statistics.rdb.StatisticRdbRepositoryTest.assertFindLatestTaskResultStatisticsWhenTableIsEmpty], The revealed different behavior: PASS, when executed after: [], Test: com.dangdang.ddframe.job.statistics.rdb.StatisticRdbRepositoryTest.assertFindLatestTaskResultStatisticsWhenTableIsEmpty, Intended behavior: FAILURE, when executed after: [com.dangdang.ddframe.job.statistics.rdb.StatisticRdbRepositoryTest.assertGetSummedTaskResultStatistics], The revealed different behavior: PASS, when executed after: [], Test: com.dangdang.ddframe.job.statistics.rdb.StatisticRdbRepositoryTest.assertGetSummedTaskResultStatistics, Intended behavior: FAILURE, when executed after: [com.dangdang.ddframe.job.statistics.rdb.StatisticRdbRepositoryTest.assertAddJobRunningStatistics], The revealed different behavior: PASS, when executed after: [], Test: com.dangdang.ddframe.job.statistics.rdb.StatisticRdbRepositoryTest.assertAddJobRunningStatistics, Intended behavior: FAILURE, when executed after: [com.dangdang.ddframe.job.statistics.rdb.StatisticRdbRepositoryTest.assertAddTaskResultStatistics], The revealed different behavior: PASS, when executed after: [], Test: com.dangdang.ddframe.job.event.rdb.JobEventRdbSearchTest.assertFindJobExecutionEventsWithPageSizeAndNumber, Intended behavior: FAILURE, when executed after: [com.dangdang.ddframe.job.statistics.rdb.StatisticRdbRepositoryTest.assertFindJobRegisterStatisticsWithDifferentFromDate], The revealed different behavior: PASS, when executed after: [], Test: com.dangdang.ddframe.job.event.rdb.JobEventRdbSearchTest.assertFindJobExecutionEventsWithTime, Intended behavior: FAILURE, when executed after: [com.dangdang.ddframe.job.statistics.rdb.StatisticRdbRepositoryTest.assertFindTaskRunningStatisticsWithDifferentFromDate], The revealed different behavior: PASS, when executed after: [], Test: com.dangdang.ddframe.job.reg.zookeeper.ZookeeperRegistryCenterModifyTest.assertPersistEphemeralSequential, Intended behavior: FAILURE, when executed after: [com.dangdang.ddframe.job.reg.zookeeper.ZookeeperRegistryCenterModifyTest.assertPersistSequential], The revealed different behavior: PASS, when executed after: []]
--------------------------
Execution time of TLG and its time to find/nullify any DTs for 1 machine (does not include the time to run the tests in the new order): 3.281
Number of tests selected out of total in original order: 1 / 185
Number of DTs not fixed: 0
Number of DTs fixed: 0
Execution time for executing the following testing order: 3.026

Test order list:
[com.dangdang.ddframe.job.reg.zookeeper.ZookeeperRegistryCenterMiscellaneousTest.assertGetRawClient]

Time each test takes to run in the new order:
[3026264676]

Dependent test list:
[Test: com.dangdang.ddframe.job.event.rdb.JobEventRdbSearchTest.assertFindJobStatusTraceEventsWithTime, Intended behavior: FAILURE, when executed after: [com.dangdang.ddframe.job.event.rdb.JobEventRdbSearchTest.assertFindJobExecutionEventsWithPageSizeAndNumber], The revealed different behavior: PASS, when executed after: [], Test: com.dangdang.ddframe.job.statistics.rdb.StatisticRdbRepositoryTest.assertFindJobRegisterStatisticsWithDifferentFromDate, Intended behavior: FAILURE, when executed after: [com.dangdang.ddframe.job.statistics.rdb.StatisticRdbRepositoryTest.assertFindJobRegisterStatisticsWhenTableIsEmpty], The revealed different behavior: PASS, when executed after: [], Test: com.dangdang.ddframe.job.statistics.rdb.StatisticRdbRepositoryTest.assertFindJobRegisterStatisticsWhenTableIsEmpty, Intended behavior: FAILURE, when executed after: [com.dangdang.ddframe.job.statistics.rdb.StatisticRdbRepositoryTest.assertFindJobRunningStatisticsWithDifferentFromDate], The revealed different behavior: PASS, when executed after: [], Test: com.dangdang.ddframe.job.statistics.rdb.StatisticRdbRepositoryTest.assertFindJobRunningStatisticsWithDifferentFromDate, Intended behavior: FAILURE, when executed after: [com.dangdang.ddframe.job.statistics.rdb.StatisticRdbRepositoryTest.assertFindLatestTaskResultStatistics], The revealed different behavior: PASS, when executed after: [], Test: com.dangdang.ddframe.job.statistics.rdb.StatisticRdbRepositoryTest.assertFindLatestTaskResultStatistics, Intended behavior: FAILURE, when executed after: [com.dangdang.ddframe.job.statistics.rdb.StatisticRdbRepositoryTest.assertFindLatestTaskResultStatisticsWhenTableIsEmpty], The revealed different behavior: PASS, when executed after: [], Test: com.dangdang.ddframe.job.statistics.rdb.StatisticRdbRepositoryTest.assertFindLatestTaskResultStatisticsWhenTableIsEmpty, Intended behavior: FAILURE, when executed after: [com.dangdang.ddframe.job.statistics.rdb.StatisticRdbRepositoryTest.assertGetSummedTaskResultStatistics], The revealed different behavior: PASS, when executed after: [], Test: com.dangdang.ddframe.job.statistics.rdb.StatisticRdbRepositoryTest.assertGetSummedTaskResultStatistics, Intended behavior: FAILURE, when executed after: [com.dangdang.ddframe.job.statistics.rdb.StatisticRdbRepositoryTest.assertAddJobRunningStatistics], The revealed different behavior: PASS, when executed after: [], Test: com.dangdang.ddframe.job.statistics.rdb.StatisticRdbRepositoryTest.assertAddJobRunningStatistics, Intended behavior: FAILURE, when executed after: [com.dangdang.ddframe.job.statistics.rdb.StatisticRdbRepositoryTest.assertAddTaskResultStatistics], The revealed different behavior: PASS, when executed after: [], Test: com.dangdang.ddframe.job.event.rdb.JobEventRdbSearchTest.assertFindJobExecutionEventsWithPageSizeAndNumber, Intended behavior: FAILURE, when executed after: [com.dangdang.ddframe.job.statistics.rdb.StatisticRdbRepositoryTest.assertFindJobRegisterStatisticsWithDifferentFromDate], The revealed different behavior: PASS, when executed after: [], Test: com.dangdang.ddframe.job.event.rdb.JobEventRdbSearchTest.assertFindJobExecutionEventsWithTime, Intended behavior: FAILURE, when executed after: [com.dangdang.ddframe.job.statistics.rdb.StatisticRdbRepositoryTest.assertFindTaskRunningStatisticsWithDifferentFromDate], The revealed different behavior: PASS, when executed after: [], Test: com.dangdang.ddframe.job.reg.zookeeper.ZookeeperRegistryCenterModifyTest.assertPersistEphemeralSequential, Intended behavior: FAILURE, when executed after: [com.dangdang.ddframe.job.reg.zookeeper.ZookeeperRegistryCenterModifyTest.assertPersistSequential], The revealed different behavior: PASS, when executed after: []]
--------------------------
Execution time of TLG and its time to find/nullify any DTs for 1 machine (does not include the time to run the tests in the new order): 3.554
Number of tests selected out of total in original order: 1 / 185
Number of DTs not fixed: 0
Number of DTs fixed: 0
Execution time for executing the following testing order: 10.937

Test order list:
[com.dangdang.ddframe.job.reg.zookeeper.ZookeeperRegistryCenterQueryWithoutCacheTest.assertGetFromServer]

Time each test takes to run in the new order:
[10937280528]

Dependent test list:
[Test: com.dangdang.ddframe.job.event.rdb.JobEventRdbSearchTest.assertFindJobStatusTraceEventsWithTime, Intended behavior: FAILURE, when executed after: [com.dangdang.ddframe.job.event.rdb.JobEventRdbSearchTest.assertFindJobExecutionEventsWithPageSizeAndNumber], The revealed different behavior: PASS, when executed after: [], Test: com.dangdang.ddframe.job.statistics.rdb.StatisticRdbRepositoryTest.assertFindJobRegisterStatisticsWithDifferentFromDate, Intended behavior: FAILURE, when executed after: [com.dangdang.ddframe.job.statistics.rdb.StatisticRdbRepositoryTest.assertFindJobRegisterStatisticsWhenTableIsEmpty], The revealed different behavior: PASS, when executed after: [], Test: com.dangdang.ddframe.job.statistics.rdb.StatisticRdbRepositoryTest.assertFindJobRegisterStatisticsWhenTableIsEmpty, Intended behavior: FAILURE, when executed after: [com.dangdang.ddframe.job.statistics.rdb.StatisticRdbRepositoryTest.assertFindJobRunningStatisticsWithDifferentFromDate], The revealed different behavior: PASS, when executed after: [], Test: com.dangdang.ddframe.job.statistics.rdb.StatisticRdbRepositoryTest.assertFindJobRunningStatisticsWithDifferentFromDate, Intended behavior: FAILURE, when executed after: [com.dangdang.ddframe.job.statistics.rdb.StatisticRdbRepositoryTest.assertFindLatestTaskResultStatistics], The revealed different behavior: PASS, when executed after: [], Test: com.dangdang.ddframe.job.statistics.rdb.StatisticRdbRepositoryTest.assertFindLatestTaskResultStatistics, Intended behavior: FAILURE, when executed after: [com.dangdang.ddframe.job.statistics.rdb.StatisticRdbRepositoryTest.assertFindLatestTaskResultStatisticsWhenTableIsEmpty], The revealed different behavior: PASS, when executed after: [], Test: com.dangdang.ddframe.job.statistics.rdb.StatisticRdbRepositoryTest.assertFindLatestTaskResultStatisticsWhenTableIsEmpty, Intended behavior: FAILURE, when executed after: [com.dangdang.ddframe.job.statistics.rdb.StatisticRdbRepositoryTest.assertGetSummedTaskResultStatistics], The revealed different behavior: PASS, when executed after: [], Test: com.dangdang.ddframe.job.statistics.rdb.StatisticRdbRepositoryTest.assertGetSummedTaskResultStatistics, Intended behavior: FAILURE, when executed after: [com.dangdang.ddframe.job.statistics.rdb.StatisticRdbRepositoryTest.assertAddJobRunningStatistics], The revealed different behavior: PASS, when executed after: [], Test: com.dangdang.ddframe.job.statistics.rdb.StatisticRdbRepositoryTest.assertAddJobRunningStatistics, Intended behavior: FAILURE, when executed after: [com.dangdang.ddframe.job.statistics.rdb.StatisticRdbRepositoryTest.assertAddTaskResultStatistics], The revealed different behavior: PASS, when executed after: [], Test: com.dangdang.ddframe.job.event.rdb.JobEventRdbSearchTest.assertFindJobExecutionEventsWithPageSizeAndNumber, Intended behavior: FAILURE, when executed after: [com.dangdang.ddframe.job.statistics.rdb.StatisticRdbRepositoryTest.assertFindJobRegisterStatisticsWithDifferentFromDate], The revealed different behavior: PASS, when executed after: [], Test: com.dangdang.ddframe.job.event.rdb.JobEventRdbSearchTest.assertFindJobExecutionEventsWithTime, Intended behavior: FAILURE, when executed after: [com.dangdang.ddframe.job.statistics.rdb.StatisticRdbRepositoryTest.assertFindTaskRunningStatisticsWithDifferentFromDate], The revealed different behavior: PASS, when executed after: [], Test: com.dangdang.ddframe.job.reg.zookeeper.ZookeeperRegistryCenterModifyTest.assertPersistEphemeralSequential, Intended behavior: FAILURE, when executed after: [com.dangdang.ddframe.job.reg.zookeeper.ZookeeperRegistryCenterModifyTest.assertPersistSequential], The revealed different behavior: PASS, when executed after: []]
--------------------------
Execution time of TLG and its time to find/nullify any DTs for 1 machine (does not include the time to run the tests in the new order): 10.566
Number of tests selected out of total in original order: 1 / 185
Number of DTs not fixed: 0
Number of DTs fixed: 0
Execution time for executing the following testing order: 10.227

Test order list:
[com.dangdang.ddframe.job.reg.zookeeper.ZookeeperRegistryCenterInitFailureTest.assertInitFailure]

Time each test takes to run in the new order:
[10227236096]

Dependent test list:
[Test: com.dangdang.ddframe.job.event.rdb.JobEventRdbSearchTest.assertFindJobStatusTraceEventsWithTime, Intended behavior: FAILURE, when executed after: [com.dangdang.ddframe.job.event.rdb.JobEventRdbSearchTest.assertFindJobExecutionEventsWithPageSizeAndNumber], The revealed different behavior: PASS, when executed after: [], Test: com.dangdang.ddframe.job.statistics.rdb.StatisticRdbRepositoryTest.assertFindJobRegisterStatisticsWithDifferentFromDate, Intended behavior: FAILURE, when executed after: [com.dangdang.ddframe.job.statistics.rdb.StatisticRdbRepositoryTest.assertFindJobRegisterStatisticsWhenTableIsEmpty], The revealed different behavior: PASS, when executed after: [], Test: com.dangdang.ddframe.job.statistics.rdb.StatisticRdbRepositoryTest.assertFindJobRegisterStatisticsWhenTableIsEmpty, Intended behavior: FAILURE, when executed after: [com.dangdang.ddframe.job.statistics.rdb.StatisticRdbRepositoryTest.assertFindJobRunningStatisticsWithDifferentFromDate], The revealed different behavior: PASS, when executed after: [], Test: com.dangdang.ddframe.job.statistics.rdb.StatisticRdbRepositoryTest.assertFindJobRunningStatisticsWithDifferentFromDate, Intended behavior: FAILURE, when executed after: [com.dangdang.ddframe.job.statistics.rdb.StatisticRdbRepositoryTest.assertFindLatestTaskResultStatistics], The revealed different behavior: PASS, when executed after: [], Test: com.dangdang.ddframe.job.statistics.rdb.StatisticRdbRepositoryTest.assertFindLatestTaskResultStatistics, Intended behavior: FAILURE, when executed after: [com.dangdang.ddframe.job.statistics.rdb.StatisticRdbRepositoryTest.assertFindLatestTaskResultStatisticsWhenTableIsEmpty], The revealed different behavior: PASS, when executed after: [], Test: com.dangdang.ddframe.job.statistics.rdb.StatisticRdbRepositoryTest.assertFindLatestTaskResultStatisticsWhenTableIsEmpty, Intended behavior: FAILURE, when executed after: [com.dangdang.ddframe.job.statistics.rdb.StatisticRdbRepositoryTest.assertGetSummedTaskResultStatistics], The revealed different behavior: PASS, when executed after: [], Test: com.dangdang.ddframe.job.statistics.rdb.StatisticRdbRepositoryTest.assertGetSummedTaskResultStatistics, Intended behavior: FAILURE, when executed after: [com.dangdang.ddframe.job.statistics.rdb.StatisticRdbRepositoryTest.assertAddJobRunningStatistics], The revealed different behavior: PASS, when executed after: [], Test: com.dangdang.ddframe.job.statistics.rdb.StatisticRdbRepositoryTest.assertAddJobRunningStatistics, Intended behavior: FAILURE, when executed after: [com.dangdang.ddframe.job.statistics.rdb.StatisticRdbRepositoryTest.assertAddTaskResultStatistics], The revealed different behavior: PASS, when executed after: [], Test: com.dangdang.ddframe.job.event.rdb.JobEventRdbSearchTest.assertFindJobExecutionEventsWithPageSizeAndNumber, Intended behavior: FAILURE, when executed after: [com.dangdang.ddframe.job.statistics.rdb.StatisticRdbRepositoryTest.assertFindJobRegisterStatisticsWithDifferentFromDate], The revealed different behavior: PASS, when executed after: [], Test: com.dangdang.ddframe.job.event.rdb.JobEventRdbSearchTest.assertFindJobExecutionEventsWithTime, Intended behavior: FAILURE, when executed after: [com.dangdang.ddframe.job.statistics.rdb.StatisticRdbRepositoryTest.assertFindTaskRunningStatisticsWithDifferentFromDate], The revealed different behavior: PASS, when executed after: [], Test: com.dangdang.ddframe.job.reg.zookeeper.ZookeeperRegistryCenterModifyTest.assertPersistEphemeralSequential, Intended behavior: FAILURE, when executed after: [com.dangdang.ddframe.job.reg.zookeeper.ZookeeperRegistryCenterModifyTest.assertPersistSequential], The revealed different behavior: PASS, when executed after: []]
--------------------------
Total time (of all machines and iterations plus initial TestListGenerator): 73.946
New order time: 10.937
Total number of tests executed in all machines out of total in original order: 208 / 185