The following arguments were used to generate this output.
[-technique, parallelization, -order, time, -timeOrder, /scratch/reedoei2/run-new-subjects/jackrabbit-oak-865c56c8f02fdfc7a76ac12c6ce207df42ee9d77-new/experiments/jackrabbit-oak-old-cd3d6e5c89597ebc4d39e7ce9344eed7215559d7/oak-blob-plugins/target/jackrabbit-oak-oak-blob-plugins-orig-time.txt, -origOrder, /scratch/reedoei2/run-new-subjects/jackrabbit-oak-865c56c8f02fdfc7a76ac12c6ce207df42ee9d77-new/experiments/jackrabbit-oak-old-cd3d6e5c89597ebc4d39e7ce9344eed7215559d7/oak-blob-plugins/target/jackrabbit-oak-oak-blob-plugins-orig-order, -testInputDir, /scratch/reedoei2/run-new-subjects/jackrabbit-oak-865c56c8f02fdfc7a76ac12c6ce207df42ee9d77-new/experiments/jackrabbit-oak-old-cd3d6e5c89597ebc4d39e7ce9344eed7215559d7/oak-blob-plugins/target/sootTestOutput-orig, -filesToDelete, /scratch/reedoei2/run-new-subjects/jackrabbit-oak-865c56c8f02fdfc7a76ac12c6ce207df42ee9d77-new/experiments/jackrabbit-oak-old-cd3d6e5c89597ebc4d39e7ce9344eed7215559d7/oak-blob-plugins/target/jackrabbit-oak-oak-blob-plugins-env-files, -numOfMachines, 16, -project, jackrabbit-oak-oak-blob-plugins, -testType, orig, -timesToRun, 5, -outputDir, /scratch/reedoei2/run-new-subjects/jackrabbit-oak-865c56c8f02fdfc7a76ac12c6ce207df42ee9d77-new/experiments/parallelization-results, -classpath, /scratch/reedoei2/run-new-subjects/jackrabbit-oak-865c56c8f02fdfc7a76ac12c6ce207df42ee9d77-new/experiments/jackrabbit-oak-old-cd3d6e5c89597ebc4d39e7ce9344eed7215559d7/oak-blob-plugins/target/dependency/*:/scratch/reedoei2/run-new-subjects/jackrabbit-oak-865c56c8f02fdfc7a76ac12c6ce207df42ee9d77-new/experiments/jackrabbit-oak-old-cd3d6e5c89597ebc4d39e7ce9344eed7215559d7/oak-blob-plugins/target/classes:/scratch/reedoei2/run-new-subjects/jackrabbit-oak-865c56c8f02fdfc7a76ac12c6ce207df42ee9d77-new/experiments/jackrabbit-oak-old-cd3d6e5c89597ebc4d39e7ce9344eed7215559d7/oak-blob-plugins/target/randoop/bin:/scratch/reedoei2/run-new-subjects/jackrabbit-oak-865c56c8f02fdfc7a76ac12c6ce207df42ee9d77-new/experiments/jackrabbit-oak-old-cd3d6e5c89597ebc4d39e7ce9344eed7215559d7/oak-blob-plugins/target/test-classes:, -resolveDependences, /scratch/reedoei2/run-new-subjects/jackrabbit-oak-865c56c8f02fdfc7a76ac12c6ce207df42ee9d77-new/experiments/scripts/data/parallelization-dt-list/parallelization-jackrabbit-oak-oak-blob-plugins-orig-16-time.txt]

Execution time of TLG and its time to find/nullify any DTs for 1 machine (does not include the time to run the tests in the new order): 143.072
Number of tests selected out of total in original order: 24 / 149
Number of DTs not fixed: 0
Number of DTs fixed: 1

Average time to find one dependency: 137.087332343
Execution time for executing the following testing order: 2.173

Test order list:
[org.apache.jackrabbit.oak.plugins.blob.DataStoreCacheUpgradeUtilsTest.upgradeDelPendingFileFalse, org.apache.jackrabbit.oak.plugins.blob.CachingDataStoreTest.syncAddGetDelete, org.apache.jackrabbit.oak.plugins.blob.CachingDataStoreTest.exists, org.apache.jackrabbit.oak.plugins.blob.datastore.DataStoreBlobStoreTest.testExternalBinary, org.apache.jackrabbit.oak.plugins.blob.datastore.BlobIdTrackerStoreTest.addSnapshotRetrieve, org.apache.jackrabbit.oak.plugins.blob.datastore.AbstractDataStoreTest.testReference, org.apache.jackrabbit.oak.plugins.blob.datastore.AbstractDataStoreTest.testAddRecord, org.apache.jackrabbit.oak.plugins.blob.datastore.AbstractDataStoreTest.testGetAllIdentifiers, org.apache.jackrabbit.oak.plugins.blob.datastore.DataStoreUtils.testPropertySetup, org.apache.jackrabbit.oak.plugins.blob.datastore.BlobIdTrackerClusterSharedTest.addRetrieveCluster, org.apache.jackrabbit.oak.plugins.blob.datastore.ActiveDeletionTrackerStoreTest.filterWithExtraElements, org.apache.jackrabbit.oak.plugins.blob.datastore.ActiveDeletionTrackerStoreTest.filter, org.apache.jackrabbit.oak.plugins.blob.CompositeDataStoreCacheTest.invalidate, org.apache.jackrabbit.oak.plugins.blob.CompositeDataStoreCacheTest.concurrentAddGet, org.apache.jackrabbit.oak.plugins.blob.UploadStagingCacheTest.testGetAllIdentifiers, org.apache.jackrabbit.oak.plugins.blob.UploadStagingCacheTest.testPutMoveFileError, org.apache.jackrabbit.oak.plugins.blob.UploadStagingCacheTest.testConcurrentGetDelete, org.apache.jackrabbit.oak.plugins.blob.SharedDataStoreUtilsTest.testGetRecordForId, org.apache.jackrabbit.oak.plugins.blob.BlobStoreStatsTest.download, org.apache.jackrabbit.oak.plugins.blob.FileCacheTest.getIfPresentObjectNoCache, org.apache.jackrabbit.oak.plugins.blob.FileCacheTest.retrievePutConcurrent, org.apache.jackrabbit.oak.plugins.blob.FileCacheTest.evictReplace, org.apache.jackrabbit.oak.plugins.blob.FileCacheTest.rebuild, org.apache.jackrabbit.oak.plugins.blob.FileCacheTest.put]

Time each test takes to run in the new order:
[16026312, 3732469, 430047, 396024, 7538294, 5199552, 33589998, 9745237, 35406917, 4679051, 209171002, 48484555, 208274237, 1077554, 43307943, 14773264, 128908905, 11844926, 14102551, 27888011, 8142384, 1294575657, 35878356, 9710600]

Dependent test list:
[Test: org.apache.jackrabbit.oak.plugins.blob.datastore.BlobIdTrackerClusterSharedTest.addRetrieveCluster, Intended behavior: FAILURE, when executed after: [org.apache.jackrabbit.oak.plugins.blob.datastore.DataStoreUtils.testPropertySetup], The revealed different behavior: PASS, when executed after: []]
--------------------------
Execution time of TLG and its time to find/nullify any DTs for 1 machine (does not include the time to run the tests in the new order): 2.301
Number of tests selected out of total in original order: 3 / 149
Number of DTs not fixed: 0
Number of DTs fixed: 0
Execution time for executing the following testing order: 1.537

Test order list:
[org.apache.jackrabbit.oak.plugins.blob.datastore.BlobIdTrackerStoreTest.addSnapshotAddSnapshot, org.apache.jackrabbit.oak.plugins.blob.datastore.InMemoryDataRecordTest.testGetInstance, org.apache.jackrabbit.oak.plugins.blob.datastore.OakFileDataStoreTest.testNoOpMap]

Time each test takes to run in the new order:
[3769109, 1532984143, 297905]

Dependent test list:
[Test: org.apache.jackrabbit.oak.plugins.blob.datastore.BlobIdTrackerClusterSharedTest.addRetrieveCluster, Intended behavior: FAILURE, when executed after: [org.apache.jackrabbit.oak.plugins.blob.datastore.DataStoreUtils.testPropertySetup], The revealed different behavior: PASS, when executed after: []]
--------------------------
Execution time of TLG and its time to find/nullify any DTs for 1 machine (does not include the time to run the tests in the new order): 88.426
Number of tests selected out of total in original order: 25 / 149
Number of DTs not fixed: 0
Number of DTs fixed: 1

Average time to find one dependency: 81.422353384
Execution time for executing the following testing order: 2.423

Test order list:
[org.apache.jackrabbit.oak.plugins.blob.CachingDataStoreTest.zeroStagingCacheAddGetDelete, org.apache.jackrabbit.oak.plugins.blob.ConsolidatedDataStoreStatsTest.multipleBinaryPropsAllSynced, org.apache.jackrabbit.oak.plugins.blob.ConsolidatedDataStoreStatsTest.binaryNotSyncedAndBinariesSynced, org.apache.jackrabbit.oak.plugins.blob.ConsolidatedDataStoreStatsTest.binaryAndBinariesSynced, org.apache.jackrabbit.oak.plugins.blob.datastore.DataStoreBlobStoreTest.testReference, org.apache.jackrabbit.oak.plugins.blob.datastore.DataStoreBlobStoreTest.testEncodedBlobId, org.apache.jackrabbit.oak.plugins.blob.datastore.BlobIdTrackerStoreTest.addSnapshotAdd, org.apache.jackrabbit.oak.plugins.blob.datastore.BlobIdTrackerStoreTest.addBulkAdd, org.apache.jackrabbit.oak.plugins.blob.datastore.AbstractDataStoreTest.testDeleteRecord, org.apache.jackrabbit.oak.plugins.blob.datastore.AbstractDataStoreTest.testSingleThread, org.apache.jackrabbit.oak.plugins.blob.datastore.OakFileDataStoreTest.testGetAllIdentifiersRelative2, org.apache.jackrabbit.oak.plugins.blob.datastore.OakFileDataStoreTest.testGetAllIdentifiers, org.apache.jackrabbit.oak.plugins.blob.datastore.ActiveDeletionTrackerStoreTest.reconcile, org.apache.jackrabbit.oak.plugins.blob.datastore.DataStoreUtils.testPropertySetup, org.apache.jackrabbit.oak.plugins.blob.datastore.BlobIdTrackerClusterSharedTest.addRetrieveCluster, org.apache.jackrabbit.oak.plugins.blob.datastore.BlobIdTrackerTest.snapshotExecuteAfterRemove, org.apache.jackrabbit.oak.plugins.blob.CompositeDataStoreCacheTest.getNoCache, org.apache.jackrabbit.oak.plugins.blob.CompositeDataStoreCacheTest.getIfPresentObjectNoCache, org.apache.jackrabbit.oak.plugins.blob.CompositeDataStoreCacheTest.add, org.apache.jackrabbit.oak.plugins.blob.UploadStagingCacheTest.testConcurrentSameAdd, org.apache.jackrabbit.oak.plugins.blob.UploadStagingCacheTest.testConcurrentDifferentAdd, org.apache.jackrabbit.oak.plugins.blob.SharedDataStoreUtilsTest.testStreamFromGetAllRecords, org.apache.jackrabbit.oak.plugins.blob.SharedDataStoreUtilsTest.testGetAllRecords, org.apache.jackrabbit.oak.plugins.blob.BlobStoreStatsTest.upload, org.apache.jackrabbit.oak.plugins.blob.FileCacheTest.evictExplicit]

Time each test takes to run in the new order:
[1360988650, 51465325, 12680110, 10158194, 1357530, 16764083, 38635554, 21799194, 37780675, 61190033, 61364764, 274811191, 11246069, 225229290, 581810, 19450904, 2248951, 5471015, 19074365, 19212677, 3202475, 9058228, 108885817, 7854380, 42710436]

Dependent test list:
[Test: org.apache.jackrabbit.oak.plugins.blob.datastore.BlobIdTrackerClusterSharedTest.addRetrieveCluster, Intended behavior: FAILURE, when executed after: [org.apache.jackrabbit.oak.plugins.blob.datastore.DataStoreUtils.testPropertySetup], The revealed different behavior: PASS, when executed after: [], Test: org.apache.jackrabbit.oak.plugins.blob.datastore.BlobIdTrackerTest.snapshotExecuteAfterRemove, Intended behavior: FAILURE, when executed after: [org.apache.jackrabbit.oak.plugins.blob.datastore.BlobIdTrackerClusterSharedTest.addRetrieveCluster], The revealed different behavior: PASS, when executed after: []]
--------------------------
Execution time of TLG and its time to find/nullify any DTs for 1 machine (does not include the time to run the tests in the new order): 201.796
Number of tests selected out of total in original order: 32 / 149
Number of DTs not fixed: 0
Number of DTs fixed: 1

Average time to find one dependency: 196.607334614
Execution time for executing the following testing order: 1.699

Test order list:
[org.apache.jackrabbit.oak.plugins.blob.DataStoreCacheUpgradeUtilsTest.upgradeNoUploadMap, org.apache.jackrabbit.oak.plugins.blob.DataStoreCacheUpgradeUtilsTest.upgrade, org.apache.jackrabbit.oak.plugins.blob.BlobGCTest.gcCheckDeletedSize, org.apache.jackrabbit.oak.plugins.blob.CachingDataStoreTest.reference, org.apache.jackrabbit.oak.plugins.blob.CachingDataStoreTest.syncAddGetLoadCache, org.apache.jackrabbit.oak.plugins.blob.CachingDataStoreTest.getRecordNotAvailable, org.apache.jackrabbit.oak.plugins.blob.CachingDataStoreTest.referenceNoCache, org.apache.jackrabbit.oak.plugins.blob.ConsolidatedDataStoreStatsTest.emptyString, org.apache.jackrabbit.oak.plugins.blob.ConsolidatedDataStoreStatsTest.differentPaths, org.apache.jackrabbit.oak.plugins.blob.ConsolidatedDataStoreStatsTest.noPath, org.apache.jackrabbit.oak.plugins.blob.ConsolidatedDataStoreStatsTest.multiplePropertiesAndBinarySynced, org.apache.jackrabbit.oak.plugins.blob.ConsolidatedDataStoreStatsTest.binariesPropertyMultiple, org.apache.jackrabbit.oak.plugins.blob.datastore.DataStoreBlobStoreTest.testAddOnTrackError, org.apache.jackrabbit.oak.plugins.blob.datastore.BlobIdTrackerStoreTest.bulkAddConcurrentCompact, org.apache.jackrabbit.oak.plugins.blob.datastore.AbstractDataStoreTest.testGetRecord, org.apache.jackrabbit.oak.plugins.blob.datastore.AbstractDataStoreTest.testMultiThreaded, org.apache.jackrabbit.oak.plugins.blob.datastore.DataStoreServiceTest.mbeanRegs, org.apache.jackrabbit.oak.plugins.blob.datastore.ActiveDeletionTrackerStoreTest.reconcileNone, org.apache.jackrabbit.oak.plugins.blob.datastore.ActiveDeletionTrackerStoreTest.reconcileExtraElements, org.apache.jackrabbit.oak.plugins.blob.datastore.BlobIdTrackerTest.snapshotRetrieveIgnored, org.apache.jackrabbit.oak.plugins.blob.serializer.BlobIdSerializerTest.blobStoreBlob, org.apache.jackrabbit.oak.plugins.blob.CompositeDataStoreCacheTest.getStaged, org.apache.jackrabbit.oak.plugins.blob.CompositeDataStoreCacheTest.getLoad, org.apache.jackrabbit.oak.plugins.blob.UploadStagingCacheTest.testGetAllIdentifiersNoAdd, org.apache.jackrabbit.oak.plugins.blob.UploadStagingCacheTest.testCacheFullAdd, org.apache.jackrabbit.oak.plugins.blob.UploadStagingCacheTest.testInvalidate, org.apache.jackrabbit.oak.plugins.blob.UploadStagingCacheTest.testBuildMoreThanCacheSize, org.apache.jackrabbit.oak.plugins.blob.datastore.DataStoreUtils.testPropertySetup, org.apache.jackrabbit.oak.plugins.blob.datastore.BlobIdTrackerClusterSharedTest.addRetrieveCluster, org.apache.jackrabbit.oak.plugins.blob.datastore.BlobIdTrackerTest.snapshotExecuteAfterRemove, org.apache.jackrabbit.oak.plugins.blob.SharedDataStoreUtilsTest.testAddMetadata, org.apache.jackrabbit.oak.plugins.blob.FileCacheTest.zeroCache]

Time each test takes to run in the new order:
[9347535, 17632796, 29929289, 22609291, 9281080, 3529565, 12559112, 89115436, 11525618, 70716440, 25333498, 20621248, 167207550, 251170962, 1787804, 26605202, 13302043, 3104545, 188224911, 94430332, 17789963, 22384511, 181794897, 653953, 58770439, 23617428, 17343122, 5492143, 272778355, 540717, 6591550, 23524803]

Dependent test list:
[Test: org.apache.jackrabbit.oak.plugins.blob.datastore.BlobIdTrackerClusterSharedTest.addRetrieveCluster, Intended behavior: FAILURE, when executed after: [org.apache.jackrabbit.oak.plugins.blob.datastore.DataStoreUtils.testPropertySetup], The revealed different behavior: PASS, when executed after: [], Test: org.apache.jackrabbit.oak.plugins.blob.datastore.BlobIdTrackerTest.snapshotExecuteAfterRemove, Intended behavior: FAILURE, when executed after: [org.apache.jackrabbit.oak.plugins.blob.datastore.BlobIdTrackerClusterSharedTest.addRetrieveCluster], The revealed different behavior: PASS, when executed after: [], Test: org.apache.jackrabbit.oak.plugins.blob.SharedDataStoreUtilsTest.testAddMetadata, Intended behavior: FAILURE, when executed after: [org.apache.jackrabbit.oak.plugins.blob.datastore.BlobIdTrackerTest.snapshotExecuteAfterRemove], The revealed different behavior: PASS, when executed after: []]
--------------------------
Execution time of TLG and its time to find/nullify any DTs for 1 machine (does not include the time to run the tests in the new order): 2.715
Number of tests selected out of total in original order: 27 / 149
Number of DTs not fixed: 0
Number of DTs fixed: 0
Execution time for executing the following testing order: 1.733

Test order list:
[org.apache.jackrabbit.oak.plugins.blob.DataStoreCacheUpgradeUtilsTest.upgradeNoDownloads, org.apache.jackrabbit.oak.plugins.blob.DataStoreCacheUpgradeUtilsTest.upgradeNoDownloadsDelPendingFileFalse, org.apache.jackrabbit.oak.plugins.blob.DataStoreCacheUpgradeUtilsTest.upgradeMoveDownloadsFalse, org.apache.jackrabbit.oak.plugins.blob.DataStoreCacheUpgradeUtilsTest.upgradeNoUploads, org.apache.jackrabbit.oak.plugins.blob.BlobGCTest.noGc, org.apache.jackrabbit.oak.plugins.blob.BlobGCTest.gc, org.apache.jackrabbit.oak.plugins.blob.CachingDataStoreTest.getAllIdentifiers, org.apache.jackrabbit.oak.plugins.blob.CachingDataStoreTest.zeroCacheAddGetDelete, org.apache.jackrabbit.oak.plugins.blob.CachingDataStoreTest.lazyLoadStream, org.apache.jackrabbit.oak.plugins.blob.CachingDataStoreTest.addDelete, org.apache.jackrabbit.oak.plugins.blob.ConsolidatedDataStoreStatsTest.multipleBinaryPropsNotAllSynced, org.apache.jackrabbit.oak.plugins.blob.datastore.DataStoreBlobStoreTest.testInlineBinary, org.apache.jackrabbit.oak.plugins.blob.datastore.DataStoreUtils.testPropertySetup, org.apache.jackrabbit.oak.plugins.blob.datastore.CachingFileDataStoreTest.assertReferenceKey, org.apache.jackrabbit.oak.plugins.blob.datastore.DataStoreServiceTest.configFileDataStore, org.apache.jackrabbit.oak.plugins.blob.datastore.ActiveDeletionTrackerStoreTest.filterWithNoActiveDeletion, org.apache.jackrabbit.oak.plugins.blob.datastore.ActiveDeletionTrackerStoreTest.reconcileAll, org.apache.jackrabbit.oak.plugins.blob.datastore.BlobIdTrackerTest.addSnapshot, org.apache.jackrabbit.oak.plugins.blob.datastore.BlobIdTrackerTest.addSnapshotRemove, org.apache.jackrabbit.oak.plugins.blob.serializer.FSBlobSerializerTest.blobs, org.apache.jackrabbit.oak.plugins.blob.CompositeDataStoreCacheTest.invalidateStaging, org.apache.jackrabbit.oak.plugins.blob.UploadStagingCacheTest.testZeroCache, org.apache.jackrabbit.oak.plugins.blob.SharedDataStoreUtilsTest.testGetAllChunkIds, org.apache.jackrabbit.oak.plugins.blob.FileCacheTest.getInvalidateConcurrent, org.apache.jackrabbit.oak.plugins.blob.FileCacheTest.retrieveSameConcurrent, org.apache.jackrabbit.oak.plugins.blob.FileCacheTest.add, org.apache.jackrabbit.oak.plugins.blob.BlobGCCheckpointRefTest.gcCheckpointHeldNoAddition]

Time each test takes to run in the new order:
[3285167, 24107560, 8891018, 27346815, 8421096, 222941290, 34362735, 27085915, 9433786, 12752385, 240366707, 197835338, 40694150, 10289730, 215688092, 26824161, 15829491, 22949429, 9861330, 10128060, 111849626, 29106918, 29407525, 13321754, 46317046, 319164970, 14387593]

Dependent test list:
[Test: org.apache.jackrabbit.oak.plugins.blob.datastore.BlobIdTrackerClusterSharedTest.addRetrieveCluster, Intended behavior: FAILURE, when executed after: [org.apache.jackrabbit.oak.plugins.blob.datastore.DataStoreUtils.testPropertySetup], The revealed different behavior: PASS, when executed after: [], Test: org.apache.jackrabbit.oak.plugins.blob.datastore.BlobIdTrackerTest.snapshotExecuteAfterRemove, Intended behavior: FAILURE, when executed after: [org.apache.jackrabbit.oak.plugins.blob.datastore.BlobIdTrackerClusterSharedTest.addRetrieveCluster], The revealed different behavior: PASS, when executed after: [], Test: org.apache.jackrabbit.oak.plugins.blob.SharedDataStoreUtilsTest.testAddMetadata, Intended behavior: FAILURE, when executed after: [org.apache.jackrabbit.oak.plugins.blob.datastore.BlobIdTrackerTest.snapshotExecuteAfterRemove], The revealed different behavior: PASS, when executed after: []]
--------------------------
Execution time of TLG and its time to find/nullify any DTs for 1 machine (does not include the time to run the tests in the new order): 159.097
Number of tests selected out of total in original order: 22 / 149
Number of DTs not fixed: 0
Number of DTs fixed: 1

Average time to find one dependency: 151.538342114
Execution time for executing the following testing order: 2.818

Test order list:
[org.apache.jackrabbit.oak.plugins.blob.ConsolidatedDataStoreStatsTest.binaryPropSingle, org.apache.jackrabbit.oak.plugins.blob.ConsolidatedDataStoreStatsTest.binarySyncedAndBinariesNotSynced, org.apache.jackrabbit.oak.plugins.blob.datastore.DataStoreBlobStoreTest.testGetAllChunks, org.apache.jackrabbit.oak.plugins.blob.datastore.BlobIdTrackerStoreTest.addCloseRestart, org.apache.jackrabbit.oak.plugins.blob.datastore.OakFileDataStoreTest.testGetAllIdentifiersRelative1, org.apache.jackrabbit.oak.plugins.blob.datastore.DataStoreUtils.testPropertySetup, org.apache.jackrabbit.oak.plugins.blob.datastore.BlobIdTrackerClusterSharedTest.addRetrieveCluster, org.apache.jackrabbit.oak.plugins.blob.datastore.BlobIdTrackerClusterSharedTest.addRetrieveShared, org.apache.jackrabbit.oak.plugins.blob.datastore.DataStoreServiceTest.configCachingFileDataStore, org.apache.jackrabbit.oak.plugins.blob.datastore.ActiveDeletionTrackerStoreTest.noFilter, org.apache.jackrabbit.oak.plugins.blob.serializer.BlobIdSerializerTest.inMemoryBlob, org.apache.jackrabbit.oak.plugins.blob.CompositeDataStoreCacheTest.zeroCache, org.apache.jackrabbit.oak.plugins.blob.CompositeDataStoreCacheTest.getIfPresentNoCache, org.apache.jackrabbit.oak.plugins.blob.CompositeDataStoreCacheTest.addCacheFull, org.apache.jackrabbit.oak.plugins.blob.UploadStagingCacheTest.testAdd, org.apache.jackrabbit.oak.plugins.blob.UploadStagingCacheTest.testAddUploadException, org.apache.jackrabbit.oak.plugins.blob.UploadStagingCacheTest.testInvalidateNoAdd, org.apache.jackrabbit.oak.plugins.blob.UploadStagingCacheTest.testConcurrentPutDeleteSame, org.apache.jackrabbit.oak.plugins.blob.FileCacheTest.getDifferentConcurrent, org.apache.jackrabbit.oak.plugins.blob.FileCacheTest.evictImplicit, org.apache.jackrabbit.oak.plugins.blob.BlobGCCheckpointRefTest.gcCheckpointHeldMaxAgeChange, org.apache.jackrabbit.oak.plugins.blob.BlobGCCheckpointRefTest.gcCheckpointHeld]

Time each test takes to run in the new order:
[41402828, 62826146, 39165418, 16589084, 12248103, 31271422, 296117444, 25887695, 36378251, 378184854, 93213401, 5925910, 14647979, 1463617665, 4186051, 10548943, 17320501, 3646876, 17554938, 78170645, 135852981, 33541781]

Dependent test list:
[Test: org.apache.jackrabbit.oak.plugins.blob.datastore.BlobIdTrackerClusterSharedTest.addRetrieveCluster, Intended behavior: FAILURE, when executed after: [org.apache.jackrabbit.oak.plugins.blob.datastore.DataStoreUtils.testPropertySetup], The revealed different behavior: PASS, when executed after: [], Test: org.apache.jackrabbit.oak.plugins.blob.datastore.BlobIdTrackerTest.snapshotExecuteAfterRemove, Intended behavior: FAILURE, when executed after: [org.apache.jackrabbit.oak.plugins.blob.datastore.BlobIdTrackerClusterSharedTest.addRetrieveShared], The revealed different behavior: PASS, when executed after: [], Test: org.apache.jackrabbit.oak.plugins.blob.SharedDataStoreUtilsTest.testAddMetadata, Intended behavior: FAILURE, when executed after: [org.apache.jackrabbit.oak.plugins.blob.datastore.BlobIdTrackerTest.snapshotExecuteAfterRemove], The revealed different behavior: PASS, when executed after: [], Test: org.apache.jackrabbit.oak.plugins.blob.datastore.BlobIdTrackerClusterSharedTest.addRetrieveShared, Intended behavior: FAILURE, when executed after: [org.apache.jackrabbit.oak.plugins.blob.datastore.BlobIdTrackerClusterSharedTest.addRetrieveCluster], The revealed different behavior: PASS, when executed after: []]
--------------------------
Execution time of TLG and its time to find/nullify any DTs for 1 machine (does not include the time to run the tests in the new order): 396.419
Number of tests selected out of total in original order: 20 / 149
Number of DTs not fixed: 0
Number of DTs fixed: 3

Average time to find one dependency: 127.291852177
Execution time for executing the following testing order: 2.682

Test order list:
[org.apache.jackrabbit.oak.plugins.blob.ConsolidatedDataStoreStatsTest.nullString, org.apache.jackrabbit.oak.plugins.blob.ConsolidatedDataStoreStatsTest.binariesPropertyNotAllSynced, org.apache.jackrabbit.oak.plugins.blob.datastore.BlobIdTrackerStoreTest.addSnapshotRemove, org.apache.jackrabbit.oak.plugins.blob.datastore.DataStoreServiceTest.registerAndCheckReferenceKey, org.apache.jackrabbit.oak.plugins.blob.datastore.ActiveDeletionTrackerStoreTest.track, org.apache.jackrabbit.oak.plugins.blob.datastore.ActiveDeletionTrackerStoreTest.addCloseRestart, org.apache.jackrabbit.oak.plugins.blob.datastore.DataStoreUtils.testPropertySetup, org.apache.jackrabbit.oak.plugins.blob.datastore.BlobIdTrackerClusterSharedTest.addRetrieveCluster, org.apache.jackrabbit.oak.plugins.blob.datastore.BlobIdTrackerClusterSharedTest.addRetrieveShared, org.apache.jackrabbit.oak.plugins.blob.datastore.BlobIdTrackerTest.snapshotIgnoreAfterRemove, org.apache.jackrabbit.oak.plugins.blob.datastore.BlobIdTrackerTest.snapshotExecuteAfterRemove, org.apache.jackrabbit.oak.plugins.blob.datastore.BlobIdTrackerTest.externalAddOffline, org.apache.jackrabbit.oak.plugins.blob.serializer.FSBlobSerializerTest.errorBlob, org.apache.jackrabbit.oak.plugins.blob.CompositeDataStoreCacheTest.getIfPresentStaged, org.apache.jackrabbit.oak.plugins.blob.UploadStagingCacheTest.testGetNoAdd, org.apache.jackrabbit.oak.plugins.blob.UploadStagingCacheTest.testGetAddDifferent, org.apache.jackrabbit.oak.plugins.blob.UploadStagingCacheTest.testConcurrentPutDeleteDifferent, org.apache.jackrabbit.oak.plugins.blob.SharedDataStoreUtilsTest.testAddMetadata, org.apache.jackrabbit.oak.plugins.blob.SharedDataStoreUtilsTest.test, org.apache.jackrabbit.oak.plugins.blob.FileCacheTest.upgrade]

Time each test takes to run in the new order:
[14774323, 316661779, 95213681, 6522805, 43254824, 13354267, 387419291, 47415419, 17919085, 18912913, 14502692, 12872182, 7990839, 39199341, 2479609, 20969505, 1557925540, 9675959, 24203823, 30782718]

Dependent test list:
[Test: org.apache.jackrabbit.oak.plugins.blob.datastore.BlobIdTrackerClusterSharedTest.addRetrieveCluster, Intended behavior: FAILURE, when executed after: [org.apache.jackrabbit.oak.plugins.blob.datastore.DataStoreUtils.testPropertySetup], The revealed different behavior: PASS, when executed after: [], Test: org.apache.jackrabbit.oak.plugins.blob.datastore.BlobIdTrackerTest.snapshotExecuteAfterRemove, Intended behavior: FAILURE, when executed after: [org.apache.jackrabbit.oak.plugins.blob.datastore.BlobIdTrackerTest.snapshotIgnoreAfterRemove], The revealed different behavior: PASS, when executed after: [], Test: org.apache.jackrabbit.oak.plugins.blob.SharedDataStoreUtilsTest.testAddMetadata, Intended behavior: FAILURE, when executed after: [org.apache.jackrabbit.oak.plugins.blob.datastore.BlobIdTrackerTest.externalAddOffline], The revealed different behavior: PASS, when executed after: [], Test: org.apache.jackrabbit.oak.plugins.blob.datastore.BlobIdTrackerClusterSharedTest.addRetrieveShared, Intended behavior: FAILURE, when executed after: [org.apache.jackrabbit.oak.plugins.blob.datastore.BlobIdTrackerClusterSharedTest.addRetrieveCluster], The revealed different behavior: PASS, when executed after: [], Test: org.apache.jackrabbit.oak.plugins.blob.SharedDataStoreUtilsTest.test, Intended behavior: FAILURE, when executed after: [org.apache.jackrabbit.oak.plugins.blob.SharedDataStoreUtilsTest.testAddMetadata], The revealed different behavior: PASS, when executed after: [], Test: org.apache.jackrabbit.oak.plugins.blob.datastore.BlobIdTrackerTest.externalAddOffline, Intended behavior: FAILURE, when executed after: [org.apache.jackrabbit.oak.plugins.blob.datastore.BlobIdTrackerTest.snapshotExecuteAfterRemove], The revealed different behavior: PASS, when executed after: [], Test: org.apache.jackrabbit.oak.plugins.blob.datastore.BlobIdTrackerTest.snapshotIgnoreAfterRemove, Intended behavior: FAILURE, when executed after: [org.apache.jackrabbit.oak.plugins.blob.datastore.BlobIdTrackerClusterSharedTest.addRetrieveShared], The revealed different behavior: PASS, when executed after: []]
--------------------------
Execution time of TLG and its time to find/nullify any DTs for 1 machine (does not include the time to run the tests in the new order): 2.039
Number of tests selected out of total in original order: 1 / 149
Number of DTs not fixed: 0
Number of DTs fixed: 0
Execution time for executing the following testing order: 1.273

Test order list:
[org.apache.jackrabbit.oak.plugins.blob.CachingDataStoreTest.addStagingAndDelete]

Time each test takes to run in the new order:
[1273004040]

Dependent test list:
[Test: org.apache.jackrabbit.oak.plugins.blob.datastore.BlobIdTrackerClusterSharedTest.addRetrieveCluster, Intended behavior: FAILURE, when executed after: [org.apache.jackrabbit.oak.plugins.blob.datastore.DataStoreUtils.testPropertySetup], The revealed different behavior: PASS, when executed after: [], Test: org.apache.jackrabbit.oak.plugins.blob.datastore.BlobIdTrackerTest.snapshotExecuteAfterRemove, Intended behavior: FAILURE, when executed after: [org.apache.jackrabbit.oak.plugins.blob.datastore.BlobIdTrackerTest.snapshotIgnoreAfterRemove], The revealed different behavior: PASS, when executed after: [], Test: org.apache.jackrabbit.oak.plugins.blob.SharedDataStoreUtilsTest.testAddMetadata, Intended behavior: FAILURE, when executed after: [org.apache.jackrabbit.oak.plugins.blob.datastore.BlobIdTrackerTest.externalAddOffline], The revealed different behavior: PASS, when executed after: [], Test: org.apache.jackrabbit.oak.plugins.blob.datastore.BlobIdTrackerClusterSharedTest.addRetrieveShared, Intended behavior: FAILURE, when executed after: [org.apache.jackrabbit.oak.plugins.blob.datastore.BlobIdTrackerClusterSharedTest.addRetrieveCluster], The revealed different behavior: PASS, when executed after: [], Test: org.apache.jackrabbit.oak.plugins.blob.SharedDataStoreUtilsTest.test, Intended behavior: FAILURE, when executed after: [org.apache.jackrabbit.oak.plugins.blob.SharedDataStoreUtilsTest.testAddMetadata], The revealed different behavior: PASS, when executed after: [], Test: org.apache.jackrabbit.oak.plugins.blob.datastore.BlobIdTrackerTest.externalAddOffline, Intended behavior: FAILURE, when executed after: [org.apache.jackrabbit.oak.plugins.blob.datastore.BlobIdTrackerTest.snapshotExecuteAfterRemove], The revealed different behavior: PASS, when executed after: [], Test: org.apache.jackrabbit.oak.plugins.blob.datastore.BlobIdTrackerTest.snapshotIgnoreAfterRemove, Intended behavior: FAILURE, when executed after: [org.apache.jackrabbit.oak.plugins.blob.datastore.BlobIdTrackerClusterSharedTest.addRetrieveShared], The revealed different behavior: PASS, when executed after: []]
--------------------------
Execution time of TLG and its time to find/nullify any DTs for 1 machine (does not include the time to run the tests in the new order): 2.456
Number of tests selected out of total in original order: 1 / 149
Number of DTs not fixed: 0
Number of DTs fixed: 0
Execution time for executing the following testing order: 1.385

Test order list:
[org.apache.jackrabbit.oak.plugins.blob.datastore.BlobIdTrackerStoreTest.addSnapshot]

Time each test takes to run in the new order:
[1384881492]

Dependent test list:
[Test: org.apache.jackrabbit.oak.plugins.blob.datastore.BlobIdTrackerClusterSharedTest.addRetrieveCluster, Intended behavior: FAILURE, when executed after: [org.apache.jackrabbit.oak.plugins.blob.datastore.DataStoreUtils.testPropertySetup], The revealed different behavior: PASS, when executed after: [], Test: org.apache.jackrabbit.oak.plugins.blob.datastore.BlobIdTrackerTest.snapshotExecuteAfterRemove, Intended behavior: FAILURE, when executed after: [org.apache.jackrabbit.oak.plugins.blob.datastore.BlobIdTrackerTest.snapshotIgnoreAfterRemove], The revealed different behavior: PASS, when executed after: [], Test: org.apache.jackrabbit.oak.plugins.blob.SharedDataStoreUtilsTest.testAddMetadata, Intended behavior: FAILURE, when executed after: [org.apache.jackrabbit.oak.plugins.blob.datastore.BlobIdTrackerTest.externalAddOffline], The revealed different behavior: PASS, when executed after: [], Test: org.apache.jackrabbit.oak.plugins.blob.datastore.BlobIdTrackerClusterSharedTest.addRetrieveShared, Intended behavior: FAILURE, when executed after: [org.apache.jackrabbit.oak.plugins.blob.datastore.BlobIdTrackerClusterSharedTest.addRetrieveCluster], The revealed different behavior: PASS, when executed after: [], Test: org.apache.jackrabbit.oak.plugins.blob.SharedDataStoreUtilsTest.test, Intended behavior: FAILURE, when executed after: [org.apache.jackrabbit.oak.plugins.blob.SharedDataStoreUtilsTest.testAddMetadata], The revealed different behavior: PASS, when executed after: [], Test: org.apache.jackrabbit.oak.plugins.blob.datastore.BlobIdTrackerTest.externalAddOffline, Intended behavior: FAILURE, when executed after: [org.apache.jackrabbit.oak.plugins.blob.datastore.BlobIdTrackerTest.snapshotExecuteAfterRemove], The revealed different behavior: PASS, when executed after: [], Test: org.apache.jackrabbit.oak.plugins.blob.datastore.BlobIdTrackerTest.snapshotIgnoreAfterRemove, Intended behavior: FAILURE, when executed after: [org.apache.jackrabbit.oak.plugins.blob.datastore.BlobIdTrackerClusterSharedTest.addRetrieveShared], The revealed different behavior: PASS, when executed after: []]
--------------------------
Execution time of TLG and its time to find/nullify any DTs for 1 machine (does not include the time to run the tests in the new order): 5.704
Number of tests selected out of total in original order: 1 / 149
Number of DTs not fixed: 0
Number of DTs fixed: 0
Execution time for executing the following testing order: 5.153

Test order list:
[org.apache.jackrabbit.oak.plugins.blob.UploadStagingCacheTest.testDefaultStatsProvider]

Time each test takes to run in the new order:
[5153072583]

Dependent test list:
[Test: org.apache.jackrabbit.oak.plugins.blob.datastore.BlobIdTrackerClusterSharedTest.addRetrieveCluster, Intended behavior: FAILURE, when executed after: [org.apache.jackrabbit.oak.plugins.blob.datastore.DataStoreUtils.testPropertySetup], The revealed different behavior: PASS, when executed after: [], Test: org.apache.jackrabbit.oak.plugins.blob.datastore.BlobIdTrackerTest.snapshotExecuteAfterRemove, Intended behavior: FAILURE, when executed after: [org.apache.jackrabbit.oak.plugins.blob.datastore.BlobIdTrackerTest.snapshotIgnoreAfterRemove], The revealed different behavior: PASS, when executed after: [], Test: org.apache.jackrabbit.oak.plugins.blob.SharedDataStoreUtilsTest.testAddMetadata, Intended behavior: FAILURE, when executed after: [org.apache.jackrabbit.oak.plugins.blob.datastore.BlobIdTrackerTest.externalAddOffline], The revealed different behavior: PASS, when executed after: [], Test: org.apache.jackrabbit.oak.plugins.blob.datastore.BlobIdTrackerClusterSharedTest.addRetrieveShared, Intended behavior: FAILURE, when executed after: [org.apache.jackrabbit.oak.plugins.blob.datastore.BlobIdTrackerClusterSharedTest.addRetrieveCluster], The revealed different behavior: PASS, when executed after: [], Test: org.apache.jackrabbit.oak.plugins.blob.SharedDataStoreUtilsTest.test, Intended behavior: FAILURE, when executed after: [org.apache.jackrabbit.oak.plugins.blob.SharedDataStoreUtilsTest.testAddMetadata], The revealed different behavior: PASS, when executed after: [], Test: org.apache.jackrabbit.oak.plugins.blob.datastore.BlobIdTrackerTest.externalAddOffline, Intended behavior: FAILURE, when executed after: [org.apache.jackrabbit.oak.plugins.blob.datastore.BlobIdTrackerTest.snapshotExecuteAfterRemove], The revealed different behavior: PASS, when executed after: [], Test: org.apache.jackrabbit.oak.plugins.blob.datastore.BlobIdTrackerTest.snapshotIgnoreAfterRemove, Intended behavior: FAILURE, when executed after: [org.apache.jackrabbit.oak.plugins.blob.datastore.BlobIdTrackerClusterSharedTest.addRetrieveShared], The revealed different behavior: PASS, when executed after: []]
--------------------------
Execution time of TLG and its time to find/nullify any DTs for 1 machine (does not include the time to run the tests in the new order): 6.056
Number of tests selected out of total in original order: 1 / 149
Number of DTs not fixed: 0
Number of DTs fixed: 0
Execution time for executing the following testing order: 5.301

Test order list:
[org.apache.jackrabbit.oak.plugins.blob.UploadStagingCacheTest.testUpgrade]

Time each test takes to run in the new order:
[5300989767]

Dependent test list:
[Test: org.apache.jackrabbit.oak.plugins.blob.datastore.BlobIdTrackerClusterSharedTest.addRetrieveCluster, Intended behavior: FAILURE, when executed after: [org.apache.jackrabbit.oak.plugins.blob.datastore.DataStoreUtils.testPropertySetup], The revealed different behavior: PASS, when executed after: [], Test: org.apache.jackrabbit.oak.plugins.blob.datastore.BlobIdTrackerTest.snapshotExecuteAfterRemove, Intended behavior: FAILURE, when executed after: [org.apache.jackrabbit.oak.plugins.blob.datastore.BlobIdTrackerTest.snapshotIgnoreAfterRemove], The revealed different behavior: PASS, when executed after: [], Test: org.apache.jackrabbit.oak.plugins.blob.SharedDataStoreUtilsTest.testAddMetadata, Intended behavior: FAILURE, when executed after: [org.apache.jackrabbit.oak.plugins.blob.datastore.BlobIdTrackerTest.externalAddOffline], The revealed different behavior: PASS, when executed after: [], Test: org.apache.jackrabbit.oak.plugins.blob.datastore.BlobIdTrackerClusterSharedTest.addRetrieveShared, Intended behavior: FAILURE, when executed after: [org.apache.jackrabbit.oak.plugins.blob.datastore.BlobIdTrackerClusterSharedTest.addRetrieveCluster], The revealed different behavior: PASS, when executed after: [], Test: org.apache.jackrabbit.oak.plugins.blob.SharedDataStoreUtilsTest.test, Intended behavior: FAILURE, when executed after: [org.apache.jackrabbit.oak.plugins.blob.SharedDataStoreUtilsTest.testAddMetadata], The revealed different behavior: PASS, when executed after: [], Test: org.apache.jackrabbit.oak.plugins.blob.datastore.BlobIdTrackerTest.externalAddOffline, Intended behavior: FAILURE, when executed after: [org.apache.jackrabbit.oak.plugins.blob.datastore.BlobIdTrackerTest.snapshotExecuteAfterRemove], The revealed different behavior: PASS, when executed after: [], Test: org.apache.jackrabbit.oak.plugins.blob.datastore.BlobIdTrackerTest.snapshotIgnoreAfterRemove, Intended behavior: FAILURE, when executed after: [org.apache.jackrabbit.oak.plugins.blob.datastore.BlobIdTrackerClusterSharedTest.addRetrieveShared], The revealed different behavior: PASS, when executed after: []]
--------------------------
Execution time of TLG and its time to find/nullify any DTs for 1 machine (does not include the time to run the tests in the new order): 5.995
Number of tests selected out of total in original order: 1 / 149
Number of DTs not fixed: 0
Number of DTs fixed: 0
Execution time for executing the following testing order: 5.289

Test order list:
[org.apache.jackrabbit.oak.plugins.blob.UploadStagingCacheTest.testBuild]

Time each test takes to run in the new order:
[5289099574]

Dependent test list:
[Test: org.apache.jackrabbit.oak.plugins.blob.datastore.BlobIdTrackerClusterSharedTest.addRetrieveCluster, Intended behavior: FAILURE, when executed after: [org.apache.jackrabbit.oak.plugins.blob.datastore.DataStoreUtils.testPropertySetup], The revealed different behavior: PASS, when executed after: [], Test: org.apache.jackrabbit.oak.plugins.blob.datastore.BlobIdTrackerTest.snapshotExecuteAfterRemove, Intended behavior: FAILURE, when executed after: [org.apache.jackrabbit.oak.plugins.blob.datastore.BlobIdTrackerTest.snapshotIgnoreAfterRemove], The revealed different behavior: PASS, when executed after: [], Test: org.apache.jackrabbit.oak.plugins.blob.SharedDataStoreUtilsTest.testAddMetadata, Intended behavior: FAILURE, when executed after: [org.apache.jackrabbit.oak.plugins.blob.datastore.BlobIdTrackerTest.externalAddOffline], The revealed different behavior: PASS, when executed after: [], Test: org.apache.jackrabbit.oak.plugins.blob.datastore.BlobIdTrackerClusterSharedTest.addRetrieveShared, Intended behavior: FAILURE, when executed after: [org.apache.jackrabbit.oak.plugins.blob.datastore.BlobIdTrackerClusterSharedTest.addRetrieveCluster], The revealed different behavior: PASS, when executed after: [], Test: org.apache.jackrabbit.oak.plugins.blob.SharedDataStoreUtilsTest.test, Intended behavior: FAILURE, when executed after: [org.apache.jackrabbit.oak.plugins.blob.SharedDataStoreUtilsTest.testAddMetadata], The revealed different behavior: PASS, when executed after: [], Test: org.apache.jackrabbit.oak.plugins.blob.datastore.BlobIdTrackerTest.externalAddOffline, Intended behavior: FAILURE, when executed after: [org.apache.jackrabbit.oak.plugins.blob.datastore.BlobIdTrackerTest.snapshotExecuteAfterRemove], The revealed different behavior: PASS, when executed after: [], Test: org.apache.jackrabbit.oak.plugins.blob.datastore.BlobIdTrackerTest.snapshotIgnoreAfterRemove, Intended behavior: FAILURE, when executed after: [org.apache.jackrabbit.oak.plugins.blob.datastore.BlobIdTrackerClusterSharedTest.addRetrieveShared], The revealed different behavior: PASS, when executed after: []]
--------------------------
Execution time of TLG and its time to find/nullify any DTs for 1 machine (does not include the time to run the tests in the new order): 6.883
Number of tests selected out of total in original order: 1 / 149
Number of DTs not fixed: 0
Number of DTs fixed: 0
Execution time for executing the following testing order: 5.297

Test order list:
[org.apache.jackrabbit.oak.plugins.blob.datastore.BlobIdTrackerStoreTest.addConcurrentSnapshot]

Time each test takes to run in the new order:
[5297038477]

Dependent test list:
[Test: org.apache.jackrabbit.oak.plugins.blob.datastore.BlobIdTrackerClusterSharedTest.addRetrieveCluster, Intended behavior: FAILURE, when executed after: [org.apache.jackrabbit.oak.plugins.blob.datastore.DataStoreUtils.testPropertySetup], The revealed different behavior: PASS, when executed after: [], Test: org.apache.jackrabbit.oak.plugins.blob.datastore.BlobIdTrackerTest.snapshotExecuteAfterRemove, Intended behavior: FAILURE, when executed after: [org.apache.jackrabbit.oak.plugins.blob.datastore.BlobIdTrackerTest.snapshotIgnoreAfterRemove], The revealed different behavior: PASS, when executed after: [], Test: org.apache.jackrabbit.oak.plugins.blob.SharedDataStoreUtilsTest.testAddMetadata, Intended behavior: FAILURE, when executed after: [org.apache.jackrabbit.oak.plugins.blob.datastore.BlobIdTrackerTest.externalAddOffline], The revealed different behavior: PASS, when executed after: [], Test: org.apache.jackrabbit.oak.plugins.blob.datastore.BlobIdTrackerClusterSharedTest.addRetrieveShared, Intended behavior: FAILURE, when executed after: [org.apache.jackrabbit.oak.plugins.blob.datastore.BlobIdTrackerClusterSharedTest.addRetrieveCluster], The revealed different behavior: PASS, when executed after: [], Test: org.apache.jackrabbit.oak.plugins.blob.SharedDataStoreUtilsTest.test, Intended behavior: FAILURE, when executed after: [org.apache.jackrabbit.oak.plugins.blob.SharedDataStoreUtilsTest.testAddMetadata], The revealed different behavior: PASS, when executed after: [], Test: org.apache.jackrabbit.oak.plugins.blob.datastore.BlobIdTrackerTest.externalAddOffline, Intended behavior: FAILURE, when executed after: [org.apache.jackrabbit.oak.plugins.blob.datastore.BlobIdTrackerTest.snapshotExecuteAfterRemove], The revealed different behavior: PASS, when executed after: [], Test: org.apache.jackrabbit.oak.plugins.blob.datastore.BlobIdTrackerTest.snapshotIgnoreAfterRemove, Intended behavior: FAILURE, when executed after: [org.apache.jackrabbit.oak.plugins.blob.datastore.BlobIdTrackerClusterSharedTest.addRetrieveShared], The revealed different behavior: PASS, when executed after: []]
--------------------------
Execution time of TLG and its time to find/nullify any DTs for 1 machine (does not include the time to run the tests in the new order): 8.624
Number of tests selected out of total in original order: 1 / 149
Number of DTs not fixed: 0
Number of DTs fixed: 0
Execution time for executing the following testing order: 8.125

Test order list:
[org.apache.jackrabbit.oak.plugins.blob.datastore.BlobIdTrackerStoreTest.addSnapshotConcurrentRetrieve]

Time each test takes to run in the new order:
[8125116453]

Dependent test list:
[Test: org.apache.jackrabbit.oak.plugins.blob.datastore.BlobIdTrackerClusterSharedTest.addRetrieveCluster, Intended behavior: FAILURE, when executed after: [org.apache.jackrabbit.oak.plugins.blob.datastore.DataStoreUtils.testPropertySetup], The revealed different behavior: PASS, when executed after: [], Test: org.apache.jackrabbit.oak.plugins.blob.datastore.BlobIdTrackerTest.snapshotExecuteAfterRemove, Intended behavior: FAILURE, when executed after: [org.apache.jackrabbit.oak.plugins.blob.datastore.BlobIdTrackerTest.snapshotIgnoreAfterRemove], The revealed different behavior: PASS, when executed after: [], Test: org.apache.jackrabbit.oak.plugins.blob.SharedDataStoreUtilsTest.testAddMetadata, Intended behavior: FAILURE, when executed after: [org.apache.jackrabbit.oak.plugins.blob.datastore.BlobIdTrackerTest.externalAddOffline], The revealed different behavior: PASS, when executed after: [], Test: org.apache.jackrabbit.oak.plugins.blob.datastore.BlobIdTrackerClusterSharedTest.addRetrieveShared, Intended behavior: FAILURE, when executed after: [org.apache.jackrabbit.oak.plugins.blob.datastore.BlobIdTrackerClusterSharedTest.addRetrieveCluster], The revealed different behavior: PASS, when executed after: [], Test: org.apache.jackrabbit.oak.plugins.blob.SharedDataStoreUtilsTest.test, Intended behavior: FAILURE, when executed after: [org.apache.jackrabbit.oak.plugins.blob.SharedDataStoreUtilsTest.testAddMetadata], The revealed different behavior: PASS, when executed after: [], Test: org.apache.jackrabbit.oak.plugins.blob.datastore.BlobIdTrackerTest.externalAddOffline, Intended behavior: FAILURE, when executed after: [org.apache.jackrabbit.oak.plugins.blob.datastore.BlobIdTrackerTest.snapshotExecuteAfterRemove], The revealed different behavior: PASS, when executed after: [], Test: org.apache.jackrabbit.oak.plugins.blob.datastore.BlobIdTrackerTest.snapshotIgnoreAfterRemove, Intended behavior: FAILURE, when executed after: [org.apache.jackrabbit.oak.plugins.blob.datastore.BlobIdTrackerClusterSharedTest.addRetrieveShared], The revealed different behavior: PASS, when executed after: []]
--------------------------
Execution time of TLG and its time to find/nullify any DTs for 1 machine (does not include the time to run the tests in the new order): 8.960
Number of tests selected out of total in original order: 1 / 149
Number of DTs not fixed: 0
Number of DTs fixed: 0
Execution time for executing the following testing order: 8.333

Test order list:
[org.apache.jackrabbit.oak.plugins.blob.datastore.BlobIdTrackerStoreTest.addRestart]

Time each test takes to run in the new order:
[8333337176]

Dependent test list:
[Test: org.apache.jackrabbit.oak.plugins.blob.datastore.BlobIdTrackerClusterSharedTest.addRetrieveCluster, Intended behavior: FAILURE, when executed after: [org.apache.jackrabbit.oak.plugins.blob.datastore.DataStoreUtils.testPropertySetup], The revealed different behavior: PASS, when executed after: [], Test: org.apache.jackrabbit.oak.plugins.blob.datastore.BlobIdTrackerTest.snapshotExecuteAfterRemove, Intended behavior: FAILURE, when executed after: [org.apache.jackrabbit.oak.plugins.blob.datastore.BlobIdTrackerTest.snapshotIgnoreAfterRemove], The revealed different behavior: PASS, when executed after: [], Test: org.apache.jackrabbit.oak.plugins.blob.SharedDataStoreUtilsTest.testAddMetadata, Intended behavior: FAILURE, when executed after: [org.apache.jackrabbit.oak.plugins.blob.datastore.BlobIdTrackerTest.externalAddOffline], The revealed different behavior: PASS, when executed after: [], Test: org.apache.jackrabbit.oak.plugins.blob.datastore.BlobIdTrackerClusterSharedTest.addRetrieveShared, Intended behavior: FAILURE, when executed after: [org.apache.jackrabbit.oak.plugins.blob.datastore.BlobIdTrackerClusterSharedTest.addRetrieveCluster], The revealed different behavior: PASS, when executed after: [], Test: org.apache.jackrabbit.oak.plugins.blob.SharedDataStoreUtilsTest.test, Intended behavior: FAILURE, when executed after: [org.apache.jackrabbit.oak.plugins.blob.SharedDataStoreUtilsTest.testAddMetadata], The revealed different behavior: PASS, when executed after: [], Test: org.apache.jackrabbit.oak.plugins.blob.datastore.BlobIdTrackerTest.externalAddOffline, Intended behavior: FAILURE, when executed after: [org.apache.jackrabbit.oak.plugins.blob.datastore.BlobIdTrackerTest.snapshotExecuteAfterRemove], The revealed different behavior: PASS, when executed after: [], Test: org.apache.jackrabbit.oak.plugins.blob.datastore.BlobIdTrackerTest.snapshotIgnoreAfterRemove, Intended behavior: FAILURE, when executed after: [org.apache.jackrabbit.oak.plugins.blob.datastore.BlobIdTrackerClusterSharedTest.addRetrieveShared], The revealed different behavior: PASS, when executed after: []]
--------------------------
Execution time of TLG and its time to find/nullify any DTs for 1 machine (does not include the time to run the tests in the new order): 9.190
Number of tests selected out of total in original order: 1 / 149
Number of DTs not fixed: 0
Number of DTs fixed: 0
Execution time for executing the following testing order: 8.625

Test order list:
[org.apache.jackrabbit.oak.plugins.blob.datastore.BlobIdTrackerStoreTest.snapshotConcurrentRemove]

Time each test takes to run in the new order:
[8625431186]

Dependent test list:
[Test: org.apache.jackrabbit.oak.plugins.blob.datastore.BlobIdTrackerClusterSharedTest.addRetrieveCluster, Intended behavior: FAILURE, when executed after: [org.apache.jackrabbit.oak.plugins.blob.datastore.DataStoreUtils.testPropertySetup], The revealed different behavior: PASS, when executed after: [], Test: org.apache.jackrabbit.oak.plugins.blob.datastore.BlobIdTrackerTest.snapshotExecuteAfterRemove, Intended behavior: FAILURE, when executed after: [org.apache.jackrabbit.oak.plugins.blob.datastore.BlobIdTrackerTest.snapshotIgnoreAfterRemove], The revealed different behavior: PASS, when executed after: [], Test: org.apache.jackrabbit.oak.plugins.blob.SharedDataStoreUtilsTest.testAddMetadata, Intended behavior: FAILURE, when executed after: [org.apache.jackrabbit.oak.plugins.blob.datastore.BlobIdTrackerTest.externalAddOffline], The revealed different behavior: PASS, when executed after: [], Test: org.apache.jackrabbit.oak.plugins.blob.datastore.BlobIdTrackerClusterSharedTest.addRetrieveShared, Intended behavior: FAILURE, when executed after: [org.apache.jackrabbit.oak.plugins.blob.datastore.BlobIdTrackerClusterSharedTest.addRetrieveCluster], The revealed different behavior: PASS, when executed after: [], Test: org.apache.jackrabbit.oak.plugins.blob.SharedDataStoreUtilsTest.test, Intended behavior: FAILURE, when executed after: [org.apache.jackrabbit.oak.plugins.blob.SharedDataStoreUtilsTest.testAddMetadata], The revealed different behavior: PASS, when executed after: [], Test: org.apache.jackrabbit.oak.plugins.blob.datastore.BlobIdTrackerTest.externalAddOffline, Intended behavior: FAILURE, when executed after: [org.apache.jackrabbit.oak.plugins.blob.datastore.BlobIdTrackerTest.snapshotExecuteAfterRemove], The revealed different behavior: PASS, when executed after: [], Test: org.apache.jackrabbit.oak.plugins.blob.datastore.BlobIdTrackerTest.snapshotIgnoreAfterRemove, Intended behavior: FAILURE, when executed after: [org.apache.jackrabbit.oak.plugins.blob.datastore.BlobIdTrackerClusterSharedTest.addRetrieveShared], The revealed different behavior: PASS, when executed after: []]
--------------------------
Total time (of all machines and iterations plus initial TestListGenerator): 63.952
New order time: 8.625
Total number of tests executed in all machines out of total in original order: 162 / 149